

Info: Logic utilisation before packing:
Info:     Total LUT4s:      2565/24288    10%
Info:         logic LUTs:   1893/24288     7%
Info:         carry LUTs:    672/24288     2%
Info:           RAM LUTs:      0/ 3036     0%
Info:          RAMW LUTs:      0/ 6072     0%

Info:      Total DFFs:       495/24288     2%

Info: Packing IOs..
Info: Packing constants..
Info: Packing carries...
Info: Packing LUTs...
Info: Packing LUT5-7s...
Info: Packing FFs...
Info:     113 FFs paired with LUTs.
Info: Generating derived timing constraints...
Info: Promoting globals...
Info:     promoting clock net clk$TRELLIS_IO_IN to global network
Info: Checksum: 0xc6798090

Info: Annotating ports with timing budgets for target frequency 12.00 MHz
Info: Checksum: 0x1e854ecc

Info: Device utilisation:
Info: 	          TRELLIS_IO:    47/  197    23%
Info: 	                DCCA:     1/   56     1%
Info: 	              DP16KD:     4/   56     7%
Info: 	          MULT18X18D:     6/   28    21%
Info: 	              ALU54B:     0/   14     0%
Info: 	             EHXPLLL:     0/    2     0%
Info: 	             EXTREFB:     0/    1     0%
Info: 	                DCUA:     0/    1     0%
Info: 	           PCSCLKDIV:     0/    2     0%
Info: 	             IOLOGIC:     0/  128     0%
Info: 	            SIOLOGIC:     0/   69     0%
Info: 	                 GSR:     0/    1     0%
Info: 	               JTAGG:     0/    1     0%
Info: 	                OSCG:     0/    1     0%
Info: 	               SEDGA:     0/    1     0%
Info: 	                 DTR:     0/    1     0%
Info: 	             USRMCLK:     0/    1     0%
Info: 	             CLKDIVF:     0/    4     0%
Info: 	           ECLKSYNCB:     0/   10     0%
Info: 	             DLLDELD:     0/    8     0%
Info: 	              DDRDLL:     0/    4     0%
Info: 	             DQSBUFM:     0/    8     0%
Info: 	     TRELLIS_ECLKBUF:     0/    8     0%
Info: 	        ECLKBRIDGECS:     0/    2     0%
Info: 	                DCSC:     0/    2     0%
Info: 	          TRELLIS_FF:   495/24288     2%
Info: 	        TRELLIS_COMB:  2751/24288    11%
Info: 	        TRELLIS_RAMW:     0/ 3036     0%

Info: Placed 0 cells based on constraints.
Info: Creating initial analytic placement for 1557 cells, random placement wirelen = 117511.
Info:     at initial placer iter 0, wirelen = 3144
Info:     at initial placer iter 1, wirelen = 2796
Info:     at initial placer iter 2, wirelen = 2618
Info:     at initial placer iter 3, wirelen = 2656
Info: Running main analytical placer, max placement attempts per cell = 1364552.
Info:     at iteration #1, type ALL: wirelen solved = 2603, spread = 27264, legal = 28929; time = 0.09s
Info:     at iteration #2, type ALL: wirelen solved = 3129, spread = 22685, legal = 24096; time = 0.09s
Info:     at iteration #3, type ALL: wirelen solved = 4122, spread = 19538, legal = 22935; time = 0.09s
Info:     at iteration #4, type ALL: wirelen solved = 5694, spread = 17575, legal = 19607; time = 0.08s
Info:     at iteration #5, type ALL: wirelen solved = 7016, spread = 16547, legal = 18975; time = 0.08s
Info:     at iteration #6, type ALL: wirelen solved = 7734, spread = 17133, legal = 19811; time = 0.08s
Info:     at iteration #7, type ALL: wirelen solved = 8178, spread = 16445, legal = 20516; time = 0.08s
Info:     at iteration #8, type ALL: wirelen solved = 8729, spread = 16329, legal = 19625; time = 0.08s
Info:     at iteration #9, type ALL: wirelen solved = 8961, spread = 15708, legal = 18881; time = 0.08s
Info:     at iteration #10, type ALL: wirelen solved = 9306, spread = 15850, legal = 20076; time = 0.08s
Info:     at iteration #11, type ALL: wirelen solved = 9634, spread = 15508, legal = 20048; time = 0.08s
Info:     at iteration #12, type ALL: wirelen solved = 9773, spread = 16047, legal = 20876; time = 0.09s
Info:     at iteration #13, type ALL: wirelen solved = 9676, spread = 15207, legal = 19279; time = 0.08s
Info:     at iteration #14, type ALL: wirelen solved = 9921, spread = 14925, legal = 19650; time = 0.08s
Info: HeAP Placer Time: 1.73s
Info:   of which solving equations: 1.28s
Info:   of which spreading cells: 0.12s
Info:   of which strict legalisation: 0.05s

Info: Running simulated annealing placer for refinement.
Info:   at iteration #1: temp = 0.000000, timing cost = 985, wirelen = 18881
Info:   at iteration #5: temp = 0.000000, timing cost = 519, wirelen = 15347
Info:   at iteration #10: temp = 0.000000, timing cost = 584, wirelen = 14537
Info:   at iteration #15: temp = 0.000000, timing cost = 550, wirelen = 14330
Info:   at iteration #20: temp = 0.000000, timing cost = 533, wirelen = 14255
Info:   at iteration #21: temp = 0.000000, timing cost = 530, wirelen = 14248 
Info: SA placement time 4.25s

Info: Max frequency for clock '$glbnet$clk$TRELLIS_IO_IN': 32.25 MHz (PASS at 12.00 MHz)

Info: Max delay <async>                           -> <async>                          : 18.23 ns
Info: Max delay <async>                           -> posedge $glbnet$clk$TRELLIS_IO_IN: 22.31 ns
Info: Max delay posedge $glbnet$clk$TRELLIS_IO_IN -> <async>                          : 18.70 ns

Info: Slack histogram:
Info:  legend: * represents 4 endpoint(s)
Info:          + represents [1,4) endpoint(s)
Info: [ 52329,  53835) |***+
Info: [ 53835,  55341) |***+
Info: [ 55341,  56847) |****+
Info: [ 56847,  58353) |**+
Info: [ 58353,  59859) | 
Info: [ 59859,  61365) |+
Info: [ 61365,  62871) |*************+
Info: [ 62871,  64377) |*******+
Info: [ 64377,  65883) |*******************+
Info: [ 65883,  67389) |**************************+
Info: [ 67389,  68895) |*******+
Info: [ 68895,  70401) |**+
Info: [ 70401,  71907) |******+
Info: [ 71907,  73413) |****+
Info: [ 73413,  74919) |******+
Info: [ 74919,  76425) |***********+
Info: [ 76425,  77931) |*****************************+
Info: [ 77931,  79437) |************************************************************ 
Info: [ 79437,  80943) |*****************************************************+
Info: [ 80943,  82449) |**************+
Info: Checksum: 0xe01687d9
Info: Routing globals...
Info:     routing clock net $glbnet$clk$TRELLIS_IO_IN using global 0

Info: Routing..
Info: Setting up routing queue.
Info: Routing 9277 arcs.
Info:            |   (re-)routed arcs  |   delta    | remaining|       time spent     |
Info:    IterCnt |  w/ripup   wo/ripup |  w/r  wo/r |      arcs| batch(sec) total(sec)|
Info:       1000 |      432        567 |  432   567 |      8749|       0.29       0.29|
Info:       2000 |      767       1232 |  335   665 |      8168|       0.16       0.45|
Info:       3000 |     1153       1846 |  386   614 |      7638|       0.16       0.61|
Info:       4000 |     1580       2419 |  427   573 |      7154|       0.16       0.77|
Info:       5000 |     2050       2949 |  470   530 |      6807|       0.22       0.98|
Info:       6000 |     2575       3424 |  525   475 |      6507|       0.29       1.28|
Info:       7000 |     3144       3855 |  569   431 |      6188|       0.25       1.53|
Info:       8000 |     3636       4363 |  492   508 |      5830|       0.18       1.71|
Info:       9000 |     3988       4952 |  352   589 |      5477|       0.18       1.89|
Info:      10000 |     4388       5447 |  400   495 |      4988|       0.12       2.01|
Info:      11000 |     4714       6064 |  326   617 |      4392|       0.17       2.18|
Info:      12000 |     4874       6726 |  160   662 |      3644|       0.10       2.28|
Info:      13000 |     5074       7472 |  200   746 |      2915|       0.12       2.40|
Info:      14000 |     5286       8094 |  212   622 |      2159|       0.17       2.56|
Info:      15000 |     5493       8706 |  207   612 |      1436|       0.14       2.71|
Info:      16000 |     5763       9360 |  270   654 |       887|       0.20       2.91|
Info:      17000 |     6019       9999 |  256   639 |       193|       0.22       3.13|
Info:      17275 |     6087      10175 |   68   176 |         0|       0.07       3.20|
Info: Routing complete.
Info: Router1 time 3.20s
Info: Checksum: 0xb3633931

Info: Critical path report for clock '$glbnet$clk$TRELLIS_IO_IN' (posedge -> posedge):
Info: curr total
Info:  0.5  0.5  Source core.lane1.mult_term_TRELLIS_FF_Q_16.Q
Info:  1.3  1.9    Net core.lane1.mult_term[15] budget 0.000000 ns (9,14) -> (9,13)
Info:                Sink core.lane1.bp_reg_TRELLIS_FF_Q_DI_PFUMX_Z_BLUT_LUT4_Z_D_LUT4_Z_1_B_CCU2C_S1_B0_MULT18X18D_P0_A0_MULT18X18D_P0.A16
Info:                Defined in:
Info:                  fpga/pqc_ntt_wishbone_wrapper.sv:64.67-72.4
Info:                  rtl/pqc_rvv_cluster_2lane.sv:95.25-95.34
Info:                  rtl/pqc_ntt_stage_banked.sv:123.120-132.4
Info:  3.9  5.8  Source core.lane1.bp_reg_TRELLIS_FF_Q_DI_PFUMX_Z_BLUT_LUT4_Z_D_LUT4_Z_1_B_CCU2C_S1_B0_MULT18X18D_P0_A0_MULT18X18D_P0.P9
Info:  1.0  6.8    Net core.lane1.bp_reg_TRELLIS_FF_Q_DI_PFUMX_Z_BLUT_LUT4_Z_D_LUT4_Z_1_B_CCU2C_S1_B0_MULT18X18D_P0_A0[9] budget 0.000000 ns (9,13) -> (8,13)
Info:                Sink core.lane1.bp_reg_TRELLIS_FF_Q_DI_PFUMX_Z_BLUT_LUT4_Z_D_LUT4_Z_1_B_CCU2C_S1_B0_MULT18X18D_P0.A9
Info:                Defined in:
Info:                  fpga/pqc_ntt_wishbone_wrapper.sv:64.67-72.4
Info:                  rtl/pqc_rvv_cluster_2lane.sv:117.16-117.41
Info:                  rtl/pqc_ntt_stage_banked.sv:123.120-132.4
Info:                  /usr/bin/../share/yosys/mul2dsp.v:65.23-65.24
Info:  3.9 10.7  Source core.lane1.bp_reg_TRELLIS_FF_Q_DI_PFUMX_Z_BLUT_LUT4_Z_D_LUT4_Z_1_B_CCU2C_S1_B0_MULT18X18D_P0.P2
Info:  1.9 12.7    Net core.lane1.bp_reg_TRELLIS_FF_Q_DI_PFUMX_Z_BLUT_LUT4_Z_D_LUT4_Z_1_B_CCU2C_S1_B0[2] budget 0.000000 ns (8,13) -> (4,6)
Info:                Sink core.lane1.bp_reg_TRELLIS_FF_Q_DI_PFUMX_Z_BLUT_LUT4_Z_D_LUT4_Z_1_B_CCU2C_S1_COUT_CCU2C_COUT_3$CCU2_COMB0.B
Info:                Defined in:
Info:                  fpga/pqc_ntt_wishbone_wrapper.sv:64.67-72.4
Info:                  rtl/pqc_rvv_cluster_2lane.sv:119.17-119.42
Info:                  rtl/pqc_ntt_stage_banked.sv:123.120-132.4
Info:                  /usr/bin/../share/yosys/ecp5/arith_map.v:32.22-32.23
Info:  0.4 13.1  Source core.lane1.bp_reg_TRELLIS_FF_Q_DI_PFUMX_Z_BLUT_LUT4_Z_D_LUT4_Z_1_B_CCU2C_S1_COUT_CCU2C_COUT_3$CCU2_COMB0.FCO
Info:  0.0 13.1    Net core.lane1.bp_reg_TRELLIS_FF_Q_DI_PFUMX_Z_BLUT_LUT4_Z_D_LUT4_Z_1_B_CCU2C_S1_COUT_CCU2C_COUT_3$CCU2_FCI_INT budget 0.000000 ns (4,6) -> (4,6)
Info:                Sink core.lane1.bp_reg_TRELLIS_FF_Q_DI_PFUMX_Z_BLUT_LUT4_Z_D_LUT4_Z_1_B_CCU2C_S1_COUT_CCU2C_COUT_3$CCU2_COMB1.FCI
Info:  0.0 13.1  Source core.lane1.bp_reg_TRELLIS_FF_Q_DI_PFUMX_Z_BLUT_LUT4_Z_D_LUT4_Z_1_B_CCU2C_S1_COUT_CCU2C_COUT_3$CCU2_COMB1.FCO
Info:  0.0 13.1    Net core.lane1.bp_reg_TRELLIS_FF_Q_DI_PFUMX_Z_BLUT_LUT4_Z_D_LUT4_Z_1_B_CCU2C_S0_COUT[2] budget 0.000000 ns (4,6) -> (4,6)
Info:                Sink core.lane1.bp_reg_TRELLIS_FF_Q_DI_PFUMX_Z_BLUT_LUT4_Z_D_LUT4_Z_1_B_CCU2C_S1_COUT_CCU2C_COUT_2$CCU2_COMB0.FCI
Info:                Defined in:
Info:                  fpga/pqc_ntt_wishbone_wrapper.sv:64.67-72.4
Info:                  rtl/pqc_rvv_cluster_2lane.sv:119.17-119.42
Info:                  rtl/pqc_ntt_stage_banked.sv:123.120-132.4
Info:                  /usr/bin/../share/yosys/ecp5/arith_map.v:63.22-63.23
Info:  0.1 13.2  Source core.lane1.bp_reg_TRELLIS_FF_Q_DI_PFUMX_Z_BLUT_LUT4_Z_D_LUT4_Z_1_B_CCU2C_S1_COUT_CCU2C_COUT_2$CCU2_COMB0.FCO
Info:  0.0 13.2    Net core.lane1.bp_reg_TRELLIS_FF_Q_DI_PFUMX_Z_BLUT_LUT4_Z_D_LUT4_Z_1_B_CCU2C_S1_COUT_CCU2C_COUT_2$CCU2_FCI_INT budget 0.000000 ns (4,6) -> (4,6)
Info:                Sink core.lane1.bp_reg_TRELLIS_FF_Q_DI_PFUMX_Z_BLUT_LUT4_Z_D_LUT4_Z_1_B_CCU2C_S1_COUT_CCU2C_COUT_2$CCU2_COMB1.FCI
Info:  0.0 13.2  Source core.lane1.bp_reg_TRELLIS_FF_Q_DI_PFUMX_Z_BLUT_LUT4_Z_D_LUT4_Z_1_B_CCU2C_S1_COUT_CCU2C_COUT_2$CCU2_COMB1.FCO
Info:  0.0 13.2    Net core.lane1.bp_reg_TRELLIS_FF_Q_DI_PFUMX_Z_BLUT_LUT4_Z_D_LUT4_Z_1_B_CCU2C_S0_COUT[4] budget 0.000000 ns (4,6) -> (5,6)
Info:                Sink core.lane1.bp_reg_TRELLIS_FF_Q_DI_PFUMX_Z_BLUT_LUT4_Z_D_LUT4_Z_1_B_CCU2C_S1_COUT_CCU2C_COUT_1$CCU2_COMB0.FCI
Info:                Defined in:
Info:                  fpga/pqc_ntt_wishbone_wrapper.sv:64.67-72.4
Info:                  rtl/pqc_rvv_cluster_2lane.sv:119.17-119.42
Info:                  rtl/pqc_ntt_stage_banked.sv:123.120-132.4
Info:                  /usr/bin/../share/yosys/ecp5/arith_map.v:63.22-63.23
Info:  0.1 13.3  Source core.lane1.bp_reg_TRELLIS_FF_Q_DI_PFUMX_Z_BLUT_LUT4_Z_D_LUT4_Z_1_B_CCU2C_S1_COUT_CCU2C_COUT_1$CCU2_COMB0.FCO
Info:  0.0 13.3    Net core.lane1.bp_reg_TRELLIS_FF_Q_DI_PFUMX_Z_BLUT_LUT4_Z_D_LUT4_Z_1_B_CCU2C_S1_COUT_CCU2C_COUT_1$CCU2_FCI_INT budget 0.000000 ns (5,6) -> (5,6)
Info:                Sink core.lane1.bp_reg_TRELLIS_FF_Q_DI_PFUMX_Z_BLUT_LUT4_Z_D_LUT4_Z_1_B_CCU2C_S1_COUT_CCU2C_COUT_1$CCU2_COMB1.FCI
Info:  0.0 13.3  Source core.lane1.bp_reg_TRELLIS_FF_Q_DI_PFUMX_Z_BLUT_LUT4_Z_D_LUT4_Z_1_B_CCU2C_S1_COUT_CCU2C_COUT_1$CCU2_COMB1.FCO
Info:  0.0 13.3    Net core.lane1.bp_reg_TRELLIS_FF_Q_DI_PFUMX_Z_BLUT_LUT4_Z_D_LUT4_Z_1_B_CCU2C_S0_COUT[6] budget 0.000000 ns (5,6) -> (5,6)
Info:                Sink core.lane1.bp_reg_TRELLIS_FF_Q_DI_PFUMX_Z_BLUT_LUT4_Z_D_LUT4_Z_1_B_CCU2C_S1_COUT_CCU2C_COUT$CCU2_COMB0.FCI
Info:                Defined in:
Info:                  fpga/pqc_ntt_wishbone_wrapper.sv:64.67-72.4
Info:                  rtl/pqc_rvv_cluster_2lane.sv:119.17-119.42
Info:                  rtl/pqc_ntt_stage_banked.sv:123.120-132.4
Info:                  /usr/bin/../share/yosys/ecp5/arith_map.v:63.22-63.23
Info:  0.1 13.3  Source core.lane1.bp_reg_TRELLIS_FF_Q_DI_PFUMX_Z_BLUT_LUT4_Z_D_LUT4_Z_1_B_CCU2C_S1_COUT_CCU2C_COUT$CCU2_COMB0.FCO
Info:  0.0 13.3    Net core.lane1.bp_reg_TRELLIS_FF_Q_DI_PFUMX_Z_BLUT_LUT4_Z_D_LUT4_Z_1_B_CCU2C_S1_COUT_CCU2C_COUT$CCU2_FCI_INT budget 0.000000 ns (5,6) -> (5,6)
Info:                Sink core.lane1.bp_reg_TRELLIS_FF_Q_DI_PFUMX_Z_BLUT_LUT4_Z_D_LUT4_Z_1_B_CCU2C_S1_COUT_CCU2C_COUT$CCU2_COMB1.FCI
Info:  0.0 13.3  Source core.lane1.bp_reg_TRELLIS_FF_Q_DI_PFUMX_Z_BLUT_LUT4_Z_D_LUT4_Z_1_B_CCU2C_S1_COUT_CCU2C_COUT$CCU2_COMB1.FCO
Info:  0.0 13.3    Net core.lane1.bp_reg_TRELLIS_FF_Q_DI_PFUMX_Z_BLUT_LUT4_Z_D_LUT4_Z_1_B_CCU2C_S0_COUT[8] budget 0.000000 ns (5,6) -> (5,6)
Info:                Sink core.lane1.bp_reg_TRELLIS_FF_Q_DI_PFUMX_Z_BLUT_LUT4_Z_D_LUT4_Z_1_B_CCU2C_S1_COUT_CCU2C_COUT_6$CCU2_COMB0.FCI
Info:                Defined in:
Info:                  fpga/pqc_ntt_wishbone_wrapper.sv:64.67-72.4
Info:                  rtl/pqc_rvv_cluster_2lane.sv:119.17-119.42
Info:                  rtl/pqc_ntt_stage_banked.sv:123.120-132.4
Info:                  /usr/bin/../share/yosys/ecp5/arith_map.v:63.22-63.23
Info:  0.1 13.4  Source core.lane1.bp_reg_TRELLIS_FF_Q_DI_PFUMX_Z_BLUT_LUT4_Z_D_LUT4_Z_1_B_CCU2C_S1_COUT_CCU2C_COUT_6$CCU2_COMB0.FCO
Info:  0.0 13.4    Net core.lane1.bp_reg_TRELLIS_FF_Q_DI_PFUMX_Z_BLUT_LUT4_Z_D_LUT4_Z_1_B_CCU2C_S1_COUT_CCU2C_COUT_6$CCU2_FCI_INT budget 0.000000 ns (5,6) -> (5,6)
Info:                Sink core.lane1.bp_reg_TRELLIS_FF_Q_DI_PFUMX_Z_BLUT_LUT4_Z_D_LUT4_Z_1_B_CCU2C_S1_COUT_CCU2C_COUT_6$CCU2_COMB1.FCI
Info:  0.0 13.4  Source core.lane1.bp_reg_TRELLIS_FF_Q_DI_PFUMX_Z_BLUT_LUT4_Z_D_LUT4_Z_1_B_CCU2C_S1_COUT_CCU2C_COUT_6$CCU2_COMB1.FCO
Info:  0.0 13.4    Net core.lane1.bp_reg_TRELLIS_FF_Q_DI_PFUMX_Z_BLUT_LUT4_Z_D_LUT4_Z_1_B_CCU2C_S0_COUT[10] budget 0.000000 ns (5,6) -> (5,6)
Info:                Sink core.lane1.bp_reg_TRELLIS_FF_Q_DI_PFUMX_Z_BLUT_LUT4_Z_D_LUT4_Z_1_B_CCU2C_S1_COUT_CCU2C_COUT_5$CCU2_COMB0.FCI
Info:                Defined in:
Info:                  fpga/pqc_ntt_wishbone_wrapper.sv:64.67-72.4
Info:                  rtl/pqc_rvv_cluster_2lane.sv:119.17-119.42
Info:                  rtl/pqc_ntt_stage_banked.sv:123.120-132.4
Info:                  /usr/bin/../share/yosys/ecp5/arith_map.v:63.22-63.23
Info:  0.1 13.5  Source core.lane1.bp_reg_TRELLIS_FF_Q_DI_PFUMX_Z_BLUT_LUT4_Z_D_LUT4_Z_1_B_CCU2C_S1_COUT_CCU2C_COUT_5$CCU2_COMB0.FCO
Info:  0.0 13.5    Net core.lane1.bp_reg_TRELLIS_FF_Q_DI_PFUMX_Z_BLUT_LUT4_Z_D_LUT4_Z_1_B_CCU2C_S1_COUT_CCU2C_COUT_5$CCU2_FCI_INT budget 0.000000 ns (5,6) -> (5,6)
Info:                Sink core.lane1.bp_reg_TRELLIS_FF_Q_DI_PFUMX_Z_BLUT_LUT4_Z_D_LUT4_Z_1_B_CCU2C_S1_COUT_CCU2C_COUT_5$CCU2_COMB1.FCI
Info:  0.0 13.5  Source core.lane1.bp_reg_TRELLIS_FF_Q_DI_PFUMX_Z_BLUT_LUT4_Z_D_LUT4_Z_1_B_CCU2C_S1_COUT_CCU2C_COUT_5$CCU2_COMB1.FCO
Info:  0.0 13.5    Net core.lane1.bp_reg_TRELLIS_FF_Q_DI_PFUMX_Z_BLUT_LUT4_Z_D_LUT4_Z_1_B_CCU2C_S0_COUT[12] budget 0.000000 ns (5,6) -> (6,6)
Info:                Sink core.lane1.bp_reg_TRELLIS_FF_Q_DI_PFUMX_Z_BLUT_LUT4_Z_D_LUT4_Z_1_B_CCU2C_S1_COUT_CCU2C_COUT_4$CCU2_COMB0.FCI
Info:                Defined in:
Info:                  fpga/pqc_ntt_wishbone_wrapper.sv:64.67-72.4
Info:                  rtl/pqc_rvv_cluster_2lane.sv:119.17-119.42
Info:                  rtl/pqc_ntt_stage_banked.sv:123.120-132.4
Info:                  /usr/bin/../share/yosys/ecp5/arith_map.v:63.22-63.23
Info:  0.1 13.5  Source core.lane1.bp_reg_TRELLIS_FF_Q_DI_PFUMX_Z_BLUT_LUT4_Z_D_LUT4_Z_1_B_CCU2C_S1_COUT_CCU2C_COUT_4$CCU2_COMB0.FCO
Info:  0.0 13.5    Net core.lane1.bp_reg_TRELLIS_FF_Q_DI_PFUMX_Z_BLUT_LUT4_Z_D_LUT4_Z_1_B_CCU2C_S1_COUT_CCU2C_COUT_4$CCU2_FCI_INT budget 0.000000 ns (6,6) -> (6,6)
Info:                Sink core.lane1.bp_reg_TRELLIS_FF_Q_DI_PFUMX_Z_BLUT_LUT4_Z_D_LUT4_Z_1_B_CCU2C_S1_COUT_CCU2C_COUT_4$CCU2_COMB1.FCI
Info:  0.0 13.5  Source core.lane1.bp_reg_TRELLIS_FF_Q_DI_PFUMX_Z_BLUT_LUT4_Z_D_LUT4_Z_1_B_CCU2C_S1_COUT_CCU2C_COUT_4$CCU2_COMB1.FCO
Info:  0.0 13.5    Net core.lane1.bp_reg_TRELLIS_FF_Q_DI_PFUMX_Z_BLUT_LUT4_Z_D_LUT4_Z_1_B_CCU2C_S0_COUT[14] budget 0.000000 ns (6,6) -> (6,6)
Info:                Sink core.lane1.bp_reg_TRELLIS_FF_Q_DI_PFUMX_Z_BLUT_LUT4_Z_D_LUT4_Z_1_B_CCU2C_S1_S0_CCU2C_S0_4$CCU2_COMB0.FCI
Info:                Defined in:
Info:                  fpga/pqc_ntt_wishbone_wrapper.sv:64.67-72.4
Info:                  rtl/pqc_rvv_cluster_2lane.sv:119.17-119.42
Info:                  rtl/pqc_ntt_stage_banked.sv:123.120-132.4
Info:                  /usr/bin/../share/yosys/ecp5/arith_map.v:63.22-63.23
Info:  0.1 13.6  Source core.lane1.bp_reg_TRELLIS_FF_Q_DI_PFUMX_Z_BLUT_LUT4_Z_D_LUT4_Z_1_B_CCU2C_S1_S0_CCU2C_S0_4$CCU2_COMB0.FCO
Info:  0.0 13.6    Net core.lane1.bp_reg_TRELLIS_FF_Q_DI_PFUMX_Z_BLUT_LUT4_Z_D_LUT4_Z_1_B_CCU2C_S1_S0_CCU2C_S0_4$CCU2_FCI_INT budget 0.000000 ns (6,6) -> (6,6)
Info:                Sink core.lane1.bp_reg_TRELLIS_FF_Q_DI_PFUMX_Z_BLUT_LUT4_Z_D_LUT4_Z_1_B_CCU2C_S1_S0_CCU2C_S0_4$CCU2_COMB1.FCI
Info:  0.0 13.6  Source core.lane1.bp_reg_TRELLIS_FF_Q_DI_PFUMX_Z_BLUT_LUT4_Z_D_LUT4_Z_1_B_CCU2C_S1_S0_CCU2C_S0_4$CCU2_COMB1.FCO
Info:  0.0 13.6    Net core.lane1.bp_reg_TRELLIS_FF_Q_DI_PFUMX_Z_BLUT_LUT4_Z_D_LUT4_Z_1_B_CCU2C_S0_COUT[16] budget 0.000000 ns (6,6) -> (6,6)
Info:                Sink core.lane1.bp_reg_TRELLIS_FF_Q_13_DI_PFUMX_Z_BLUT_LUT4_Z_D_LUT4_Z_1_B_CCU2C_S0$CCU2_COMB0.FCI
Info:                Defined in:
Info:                  fpga/pqc_ntt_wishbone_wrapper.sv:64.67-72.4
Info:                  rtl/pqc_rvv_cluster_2lane.sv:119.17-119.42
Info:                  rtl/pqc_ntt_stage_banked.sv:123.120-132.4
Info:                  /usr/bin/../share/yosys/ecp5/arith_map.v:63.22-63.23
Info:  0.1 13.7  Source core.lane1.bp_reg_TRELLIS_FF_Q_13_DI_PFUMX_Z_BLUT_LUT4_Z_D_LUT4_Z_1_B_CCU2C_S0$CCU2_COMB0.FCO
Info:  0.0 13.7    Net core.lane1.bp_reg_TRELLIS_FF_Q_13_DI_PFUMX_Z_BLUT_LUT4_Z_D_LUT4_Z_1_B_CCU2C_S0$CCU2_FCI_INT budget 0.000000 ns (6,6) -> (6,6)
Info:                Sink core.lane1.bp_reg_TRELLIS_FF_Q_13_DI_PFUMX_Z_BLUT_LUT4_Z_D_LUT4_Z_1_B_CCU2C_S0$CCU2_COMB1.FCI
Info:  0.0 13.7  Source core.lane1.bp_reg_TRELLIS_FF_Q_13_DI_PFUMX_Z_BLUT_LUT4_Z_D_LUT4_Z_1_B_CCU2C_S0$CCU2_COMB1.FCO
Info:  0.0 13.7    Net core.lane1.bp_reg_TRELLIS_FF_Q_DI_PFUMX_Z_BLUT_LUT4_Z_D_LUT4_Z_1_B_CCU2C_S0_COUT[18] budget 0.000000 ns (6,6) -> (6,6)
Info:                Sink core.lane1.bp_reg_TRELLIS_FF_Q_DI_PFUMX_Z_BLUT_LUT4_Z_D_LUT4_Z_1_B_CCU2C_S1_S0_CCU2C_S0_3$CCU2_COMB0.FCI
Info:                Defined in:
Info:                  fpga/pqc_ntt_wishbone_wrapper.sv:64.67-72.4
Info:                  rtl/pqc_rvv_cluster_2lane.sv:119.17-119.42
Info:                  rtl/pqc_ntt_stage_banked.sv:123.120-132.4
Info:                  /usr/bin/../share/yosys/ecp5/arith_map.v:63.22-63.23
Info:  0.1 13.8  Source core.lane1.bp_reg_TRELLIS_FF_Q_DI_PFUMX_Z_BLUT_LUT4_Z_D_LUT4_Z_1_B_CCU2C_S1_S0_CCU2C_S0_3$CCU2_COMB0.FCO
Info:  0.0 13.8    Net core.lane1.bp_reg_TRELLIS_FF_Q_DI_PFUMX_Z_BLUT_LUT4_Z_D_LUT4_Z_1_B_CCU2C_S1_S0_CCU2C_S0_3$CCU2_FCI_INT budget 0.000000 ns (6,6) -> (6,6)
Info:                Sink core.lane1.bp_reg_TRELLIS_FF_Q_DI_PFUMX_Z_BLUT_LUT4_Z_D_LUT4_Z_1_B_CCU2C_S1_S0_CCU2C_S0_3$CCU2_COMB1.FCI
Info:  0.0 13.8  Source core.lane1.bp_reg_TRELLIS_FF_Q_DI_PFUMX_Z_BLUT_LUT4_Z_D_LUT4_Z_1_B_CCU2C_S1_S0_CCU2C_S0_3$CCU2_COMB1.FCO
Info:  0.0 13.8    Net core.lane1.bp_reg_TRELLIS_FF_Q_DI_PFUMX_Z_BLUT_LUT4_Z_D_LUT4_Z_1_B_CCU2C_S0_COUT[20] budget 0.000000 ns (6,6) -> (7,6)
Info:                Sink core.lane1.bp_reg_TRELLIS_FF_Q_DI_PFUMX_Z_BLUT_LUT4_Z_D_LUT4_Z_1_B_CCU2C_S1_S0_CCU2C_S0_2$CCU2_COMB0.FCI
Info:                Defined in:
Info:                  fpga/pqc_ntt_wishbone_wrapper.sv:64.67-72.4
Info:                  rtl/pqc_rvv_cluster_2lane.sv:119.17-119.42
Info:                  rtl/pqc_ntt_stage_banked.sv:123.120-132.4
Info:                  /usr/bin/../share/yosys/ecp5/arith_map.v:63.22-63.23
Info:  0.1 13.8  Source core.lane1.bp_reg_TRELLIS_FF_Q_DI_PFUMX_Z_BLUT_LUT4_Z_D_LUT4_Z_1_B_CCU2C_S1_S0_CCU2C_S0_2$CCU2_COMB0.FCO
Info:  0.0 13.8    Net core.lane1.bp_reg_TRELLIS_FF_Q_DI_PFUMX_Z_BLUT_LUT4_Z_D_LUT4_Z_1_B_CCU2C_S1_S0_CCU2C_S0_2$CCU2_FCI_INT budget 0.000000 ns (7,6) -> (7,6)
Info:                Sink core.lane1.bp_reg_TRELLIS_FF_Q_DI_PFUMX_Z_BLUT_LUT4_Z_D_LUT4_Z_1_B_CCU2C_S1_S0_CCU2C_S0_2$CCU2_COMB1.FCI
Info:  0.0 13.8  Source core.lane1.bp_reg_TRELLIS_FF_Q_DI_PFUMX_Z_BLUT_LUT4_Z_D_LUT4_Z_1_B_CCU2C_S1_S0_CCU2C_S0_2$CCU2_COMB1.FCO
Info:  0.0 13.8    Net core.lane1.bp_reg_TRELLIS_FF_Q_DI_PFUMX_Z_BLUT_LUT4_Z_D_LUT4_Z_1_B_CCU2C_S0_COUT[22] budget 0.000000 ns (7,6) -> (7,6)
Info:                Sink core.lane1.bp_reg_TRELLIS_FF_Q_DI_PFUMX_Z_BLUT_LUT4_Z_D_LUT4_Z_1_B_CCU2C_S1_S0_CCU2C_S0_1$CCU2_COMB0.FCI
Info:                Defined in:
Info:                  fpga/pqc_ntt_wishbone_wrapper.sv:64.67-72.4
Info:                  rtl/pqc_rvv_cluster_2lane.sv:119.17-119.42
Info:                  rtl/pqc_ntt_stage_banked.sv:123.120-132.4
Info:                  /usr/bin/../share/yosys/ecp5/arith_map.v:63.22-63.23
Info:  0.4 14.3  Source core.lane1.bp_reg_TRELLIS_FF_Q_DI_PFUMX_Z_BLUT_LUT4_Z_D_LUT4_Z_1_B_CCU2C_S1_S0_CCU2C_S0_1$CCU2_COMB0.F
Info:  1.3 15.6    Net core.lane1.bp_reg_TRELLIS_FF_Q_DI_PFUMX_Z_BLUT_LUT4_Z_D_LUT4_Z_1_B_CCU2C_S1_COUT_CCU2C_COUT_S0[24] budget 0.000000 ns (7,6) -> (6,7)
Info:                Sink core.lane1.bp_reg_TRELLIS_FF_Q_13_DI_PFUMX_Z_BLUT_LUT4_Z_D_LUT4_Z_1_B_LUT4_Z_1_C_CCU2C_COUT_S0_CCU2C_S0_1$CCU2_COMB1.B
Info:                Defined in:
Info:                  fpga/pqc_ntt_wishbone_wrapper.sv:64.67-72.4
Info:                  rtl/pqc_rvv_cluster_2lane.sv:120.11-120.21
Info:                  rtl/pqc_ntt_stage_banked.sv:123.120-132.4
Info:                  /usr/bin/../share/yosys/ecp5/arith_map.v:32.22-32.23
Info:  0.4 16.1  Source core.lane1.bp_reg_TRELLIS_FF_Q_13_DI_PFUMX_Z_BLUT_LUT4_Z_D_LUT4_Z_1_B_LUT4_Z_1_C_CCU2C_COUT_S0_CCU2C_S0_1$CCU2_COMB1.FCO
Info:  0.0 16.1    Net core.lane1.bp_reg_TRELLIS_FF_Q_13_DI_PFUMX_Z_BLUT_LUT4_Z_D_LUT4_Z_1_B_LUT4_Z_1_C[7] budget 0.000000 ns (6,7) -> (6,7)
Info:                Sink core.lane1.bp_reg_TRELLIS_FF_Q_13_DI_PFUMX_Z_BLUT_LUT4_Z_D_LUT4_Z_1_B_LUT4_Z_1_C_CCU2C_COUT_S0_CCU2C_S0$CCU2_COMB0.FCI
Info:                Defined in:
Info:                  fpga/pqc_ntt_wishbone_wrapper.sv:64.67-72.4
Info:                  rtl/pqc_rvv_cluster_2lane.sv:121.16-121.27
Info:                  rtl/pqc_ntt_stage_banked.sv:123.120-132.4
Info:                  /usr/bin/../share/yosys/ecp5/arith_map.v:63.22-63.23
Info:  0.1 16.1  Source core.lane1.bp_reg_TRELLIS_FF_Q_13_DI_PFUMX_Z_BLUT_LUT4_Z_D_LUT4_Z_1_B_LUT4_Z_1_C_CCU2C_COUT_S0_CCU2C_S0$CCU2_COMB0.FCO
Info:  0.0 16.1    Net core.lane1.bp_reg_TRELLIS_FF_Q_13_DI_PFUMX_Z_BLUT_LUT4_Z_D_LUT4_Z_1_B_LUT4_Z_1_C_CCU2C_COUT_S0_CCU2C_S0$CCU2_FCI_INT budget 0.000000 ns (6,7) -> (6,7)
Info:                Sink core.lane1.bp_reg_TRELLIS_FF_Q_13_DI_PFUMX_Z_BLUT_LUT4_Z_D_LUT4_Z_1_B_LUT4_Z_1_C_CCU2C_COUT_S0_CCU2C_S0$CCU2_COMB1.FCI
Info:  0.0 16.1  Source core.lane1.bp_reg_TRELLIS_FF_Q_13_DI_PFUMX_Z_BLUT_LUT4_Z_D_LUT4_Z_1_B_LUT4_Z_1_C_CCU2C_COUT_S0_CCU2C_S0$CCU2_COMB1.FCO
Info:  0.0 16.1    Net core.lane1.bp_reg_TRELLIS_FF_Q_13_DI_PFUMX_Z_BLUT_LUT4_Z_D_LUT4_Z_1_B_LUT4_Z_1_C[9] budget 0.000000 ns (6,7) -> (6,7)
Info:                Sink core.lane1.bp_reg_TRELLIS_FF_Q_13_DI_PFUMX_Z_BLUT_LUT4_Z_D_LUT4_Z_1_B_LUT4_Z_1_C_CCU2C_COUT_S0_CCU2C_S0_5$CCU2_COMB0.FCI
Info:                Defined in:
Info:                  fpga/pqc_ntt_wishbone_wrapper.sv:64.67-72.4
Info:                  rtl/pqc_rvv_cluster_2lane.sv:121.16-121.27
Info:                  rtl/pqc_ntt_stage_banked.sv:123.120-132.4
Info:                  /usr/bin/../share/yosys/ecp5/arith_map.v:63.22-63.23
Info:  0.1 16.2  Source core.lane1.bp_reg_TRELLIS_FF_Q_13_DI_PFUMX_Z_BLUT_LUT4_Z_D_LUT4_Z_1_B_LUT4_Z_1_C_CCU2C_COUT_S0_CCU2C_S0_5$CCU2_COMB0.FCO
Info:  0.0 16.2    Net core.lane1.bp_reg_TRELLIS_FF_Q_13_DI_PFUMX_Z_BLUT_LUT4_Z_D_LUT4_Z_1_B_LUT4_Z_1_C_CCU2C_COUT_S0_CCU2C_S0_5$CCU2_FCI_INT budget 0.000000 ns (6,7) -> (6,7)
Info:                Sink core.lane1.bp_reg_TRELLIS_FF_Q_13_DI_PFUMX_Z_BLUT_LUT4_Z_D_LUT4_Z_1_B_LUT4_Z_1_C_CCU2C_COUT_S0_CCU2C_S0_5$CCU2_COMB1.FCI
Info:  0.0 16.2  Source core.lane1.bp_reg_TRELLIS_FF_Q_13_DI_PFUMX_Z_BLUT_LUT4_Z_D_LUT4_Z_1_B_LUT4_Z_1_C_CCU2C_COUT_S0_CCU2C_S0_5$CCU2_COMB1.FCO
Info:  0.0 16.2    Net core.lane1.bp_reg_TRELLIS_FF_Q_13_DI_PFUMX_Z_BLUT_LUT4_Z_D_LUT4_Z_1_B_LUT4_Z_1_C[11] budget 0.000000 ns (6,7) -> (6,7)
Info:                Sink core.lane1.bp_reg_TRELLIS_FF_Q_13_DI_PFUMX_Z_BLUT_LUT4_Z_D_LUT4_Z_1_B_LUT4_Z_1_C_CCU2C_COUT_S0_CCU2C_S0_4$CCU2_COMB0.FCI
Info:                Defined in:
Info:                  fpga/pqc_ntt_wishbone_wrapper.sv:64.67-72.4
Info:                  rtl/pqc_rvv_cluster_2lane.sv:121.16-121.27
Info:                  rtl/pqc_ntt_stage_banked.sv:123.120-132.4
Info:                  /usr/bin/../share/yosys/ecp5/arith_map.v:63.22-63.23
Info:  0.1 16.3  Source core.lane1.bp_reg_TRELLIS_FF_Q_13_DI_PFUMX_Z_BLUT_LUT4_Z_D_LUT4_Z_1_B_LUT4_Z_1_C_CCU2C_COUT_S0_CCU2C_S0_4$CCU2_COMB0.FCO
Info:  0.0 16.3    Net core.lane1.bp_reg_TRELLIS_FF_Q_13_DI_PFUMX_Z_BLUT_LUT4_Z_D_LUT4_Z_1_B_LUT4_Z_1_C_CCU2C_COUT_S0_CCU2C_S0_4$CCU2_FCI_INT budget 0.000000 ns (6,7) -> (6,7)
Info:                Sink core.lane1.bp_reg_TRELLIS_FF_Q_13_DI_PFUMX_Z_BLUT_LUT4_Z_D_LUT4_Z_1_B_LUT4_Z_1_C_CCU2C_COUT_S0_CCU2C_S0_4$CCU2_COMB1.FCI
Info:  0.0 16.3  Source core.lane1.bp_reg_TRELLIS_FF_Q_13_DI_PFUMX_Z_BLUT_LUT4_Z_D_LUT4_Z_1_B_LUT4_Z_1_C_CCU2C_COUT_S0_CCU2C_S0_4$CCU2_COMB1.FCO
Info:  0.0 16.3    Net $nextpnr_CCU2C_48$CIN budget 0.000000 ns (6,7) -> (7,7)
Info:                Sink $nextpnr_CCU2C_48$CCU2_COMB0.FCI
Info:  0.4 16.7  Source $nextpnr_CCU2C_48$CCU2_COMB0.F
Info:  0.8 17.5    Net core.lane1.bp_reg_TRELLIS_FF_Q_13_DI_PFUMX_Z_BLUT_LUT4_Z_D_LUT4_Z_1_B_LUT4_Z_1_C[13] budget 0.000000 ns (7,7) -> (7,7)
Info:                Sink $nextpnr_CCU2C_48$CCU2_COMB1.A
Info:                Defined in:
Info:                  fpga/pqc_ntt_wishbone_wrapper.sv:64.67-72.4
Info:                  rtl/pqc_rvv_cluster_2lane.sv:121.16-121.27
Info:                  rtl/pqc_ntt_stage_banked.sv:123.120-132.4
Info:                  /usr/bin/../share/yosys/ecp5/arith_map.v:63.22-63.23
Info:  0.4 18.0  Source $nextpnr_CCU2C_48$CCU2_COMB1.FCO
Info:  0.0 18.0    Net $nextpnr_CCU2C_48$COUT budget 0.000000 ns (7,7) -> (7,7)
Info:                Sink core.lane1.bp_reg_TRELLIS_FF_Q_13_DI_PFUMX_Z_BLUT_LUT4_Z_D_LUT4_Z_1_B_LUT4_Z_1_C_CCU2C_COUT$CCU2_COMB0.FCI
Info:  0.1 18.0  Source core.lane1.bp_reg_TRELLIS_FF_Q_13_DI_PFUMX_Z_BLUT_LUT4_Z_D_LUT4_Z_1_B_LUT4_Z_1_C_CCU2C_COUT$CCU2_COMB0.FCO
Info:  0.0 18.0    Net core.lane1.bp_reg_TRELLIS_FF_Q_13_DI_PFUMX_Z_BLUT_LUT4_Z_D_LUT4_Z_1_B_LUT4_Z_1_C_CCU2C_COUT$CCU2_FCI_INT budget 0.000000 ns (7,7) -> (7,7)
Info:                Sink core.lane1.bp_reg_TRELLIS_FF_Q_13_DI_PFUMX_Z_BLUT_LUT4_Z_D_LUT4_Z_1_B_LUT4_Z_1_C_CCU2C_COUT$CCU2_COMB1.FCI
Info:  0.4 18.4  Source core.lane1.bp_reg_TRELLIS_FF_Q_13_DI_PFUMX_Z_BLUT_LUT4_Z_D_LUT4_Z_1_B_LUT4_Z_1_C_CCU2C_COUT$CCU2_COMB1.F
Info:  0.6 19.0    Net core.lane1.bp_reg_TRELLIS_FF_Q_13_DI_PFUMX_Z_BLUT_LUT4_Z_D_LUT4_Z_1_B_LUT4_Z_1_C_CCU2C_COUT_S0[15] budget 0.000000 ns (7,7) -> (7,7)
Info:                Sink core.lane1.bp_reg_TRELLIS_FF_Q_13_DI_PFUMX_Z_BLUT_LUT4_Z_D_LUT4_Z_1_B_LUT4_Z_1.D
Info:                Defined in:
Info:                  fpga/pqc_ntt_wishbone_wrapper.sv:64.67-72.4
Info:                  rtl/pqc_rvv_cluster_2lane.sv:121.16-121.27
Info:                  rtl/pqc_ntt_stage_banked.sv:123.120-132.4
Info:                  /usr/bin/../share/yosys/ecp5/arith_map.v:34.26-34.27
Info:  0.2 19.3  Source core.lane1.bp_reg_TRELLIS_FF_Q_13_DI_PFUMX_Z_BLUT_LUT4_Z_D_LUT4_Z_1_B_LUT4_Z_1.F
Info:  1.2 20.5    Net core.lane1.bp_reg_TRELLIS_FF_Q_13_DI_PFUMX_Z_BLUT_LUT4_Z_D_LUT4_Z_1_B[4] budget 0.000000 ns (7,7) -> (9,4)
Info:                Sink core.lane1.bp_reg_TRELLIS_FF_Q_DI_PFUMX_Z_BLUT_LUT4_Z_D_LUT4_Z_1_D_PFUMX_Z_BLUT_LUT4_Z.M
Info:                Defined in:
Info:                  /usr/bin/../share/yosys/ecp5/cells_map.v:108.23-108.24
Info:  0.3 20.8  Source core.lane1.bp_reg_TRELLIS_FF_Q_DI_PFUMX_Z_BLUT_LUT4_Z_D_LUT4_Z_1_D_PFUMX_Z_BLUT_LUT4_Z.OFX
Info:  0.4 21.2    Net core.lane1.bp_reg_TRELLIS_FF_Q_DI_PFUMX_Z_BLUT_LUT4_Z_D_LUT4_Z_1_D[2] budget 0.000000 ns (9,4) -> (9,4)
Info:                Sink core.lane1.bp_reg_TRELLIS_FF_Q_12_DI_PFUMX_Z_BLUT_LUT4_Z_D_LUT4_Z_1.D
Info:                Defined in:
Info:                  /usr/bin/../share/yosys/ecp5/cells_map.v:108.23-108.24
Info:  0.2 21.5  Source core.lane1.bp_reg_TRELLIS_FF_Q_12_DI_PFUMX_Z_BLUT_LUT4_Z_D_LUT4_Z_1.F
Info:  0.7 22.1    Net core.lane1.bp_reg_TRELLIS_FF_Q_12_DI_PFUMX_Z_BLUT_LUT4_Z_D[1] budget 0.000000 ns (9,4) -> (10,4)
Info:                Sink core.lane1.bp_reg_TRELLIS_FF_Q_12_DI_PFUMX_Z_BLUT_LUT4_Z_D_LUT4_B.C
Info:                Defined in:
Info:                  /usr/bin/../share/yosys/ecp5/cells_map.v:108.23-108.24
Info:  0.2 22.4  Source core.lane1.bp_reg_TRELLIS_FF_Q_12_DI_PFUMX_Z_BLUT_LUT4_Z_D_LUT4_B.F
Info:  1.1 23.4    Net core.lane1.bp_reg_TRELLIS_FF_Q_DI_PFUMX_Z_BLUT_LUT4_Z_D_LUT4_B_Z[3] budget 0.000000 ns (10,4) -> (10,6)
Info:                Sink core.lane1.bp_reg_TRELLIS_FF_Q_5_DI_PFUMX_Z_BLUT_LUT4_Z_D_LUT4_Z_C_CCU2C_S0_COUT_CCU2C_COUT_2$CCU2_COMB1.B
Info:                Defined in:
Info:                  fpga/pqc_ntt_wishbone_wrapper.sv:64.67-72.4
Info:                  rtl/pqc_rvv_cluster_2lane.sv:129.11-129.16
Info:                  rtl/pqc_ntt_stage_banked.sv:123.120-132.4
Info:                  /usr/bin/../share/yosys/ecp5/arith_map.v:32.22-32.23
Info:  0.4 23.9  Source core.lane1.bp_reg_TRELLIS_FF_Q_5_DI_PFUMX_Z_BLUT_LUT4_Z_D_LUT4_Z_C_CCU2C_S0_COUT_CCU2C_COUT_2$CCU2_COMB1.FCO
Info:  0.0 23.9    Net core.lane1.bp_reg_TRELLIS_FF_Q_5_DI_PFUMX_Z_BLUT_LUT4_Z_D_LUT4_Z_C_CCU2C_S0_1_COUT[2] budget 0.000000 ns (10,6) -> (10,6)
Info:                Sink core.lane1.bp_reg_TRELLIS_FF_Q_5_DI_PFUMX_Z_BLUT_LUT4_Z_D_LUT4_Z_C_CCU2C_S0$CCU2_COMB0.FCI
Info:                Defined in:
Info:                  fpga/pqc_ntt_wishbone_wrapper.sv:64.67-72.4
Info:                  rtl/pqc_rvv_cluster_2lane.sv:138.11-138.50
Info:                  rtl/pqc_ntt_stage_banked.sv:123.120-132.4
Info:                  /usr/bin/../share/yosys/ecp5/arith_map.v:63.22-63.23
Info:  0.1 24.0  Source core.lane1.bp_reg_TRELLIS_FF_Q_5_DI_PFUMX_Z_BLUT_LUT4_Z_D_LUT4_Z_C_CCU2C_S0$CCU2_COMB0.FCO
Info:  0.0 24.0    Net core.lane1.bp_reg_TRELLIS_FF_Q_5_DI_PFUMX_Z_BLUT_LUT4_Z_D_LUT4_Z_C_CCU2C_S0$CCU2_FCI_INT budget 0.000000 ns (10,6) -> (10,6)
Info:                Sink core.lane1.bp_reg_TRELLIS_FF_Q_5_DI_PFUMX_Z_BLUT_LUT4_Z_D_LUT4_Z_C_CCU2C_S0$CCU2_COMB1.FCI
Info:  0.0 24.0  Source core.lane1.bp_reg_TRELLIS_FF_Q_5_DI_PFUMX_Z_BLUT_LUT4_Z_D_LUT4_Z_C_CCU2C_S0$CCU2_COMB1.FCO
Info:  0.0 24.0    Net core.lane1.bp_reg_TRELLIS_FF_Q_5_DI_PFUMX_Z_BLUT_LUT4_Z_D_LUT4_Z_C_CCU2C_S0_1_COUT[4] budget 0.000000 ns (10,6) -> (11,6)
Info:                Sink core.lane1.bp_reg_TRELLIS_FF_Q_5_DI_PFUMX_Z_BLUT_LUT4_Z_D_LUT4_Z_C_CCU2C_S0_COUT_CCU2C_COUT_1$CCU2_COMB0.FCI
Info:                Defined in:
Info:                  fpga/pqc_ntt_wishbone_wrapper.sv:64.67-72.4
Info:                  rtl/pqc_rvv_cluster_2lane.sv:138.11-138.50
Info:                  rtl/pqc_ntt_stage_banked.sv:123.120-132.4
Info:                  /usr/bin/../share/yosys/ecp5/arith_map.v:63.22-63.23
Info:  0.1 24.0  Source core.lane1.bp_reg_TRELLIS_FF_Q_5_DI_PFUMX_Z_BLUT_LUT4_Z_D_LUT4_Z_C_CCU2C_S0_COUT_CCU2C_COUT_1$CCU2_COMB0.FCO
Info:  0.0 24.0    Net core.lane1.bp_reg_TRELLIS_FF_Q_5_DI_PFUMX_Z_BLUT_LUT4_Z_D_LUT4_Z_C_CCU2C_S0_COUT_CCU2C_COUT_1$CCU2_FCI_INT budget 0.000000 ns (11,6) -> (11,6)
Info:                Sink core.lane1.bp_reg_TRELLIS_FF_Q_5_DI_PFUMX_Z_BLUT_LUT4_Z_D_LUT4_Z_C_CCU2C_S0_COUT_CCU2C_COUT_1$CCU2_COMB1.FCI
Info:  0.0 24.0  Source core.lane1.bp_reg_TRELLIS_FF_Q_5_DI_PFUMX_Z_BLUT_LUT4_Z_D_LUT4_Z_C_CCU2C_S0_COUT_CCU2C_COUT_1$CCU2_COMB1.FCO
Info:  0.0 24.0    Net core.lane1.bp_reg_TRELLIS_FF_Q_5_DI_PFUMX_Z_BLUT_LUT4_Z_D_LUT4_Z_C_CCU2C_S0_1_COUT[6] budget 0.000000 ns (11,6) -> (11,6)
Info:                Sink core.lane1.bp_reg_TRELLIS_FF_Q_5_DI_PFUMX_Z_BLUT_LUT4_Z_D_LUT4_Z_C_CCU2C_S0_COUT_CCU2C_COUT$CCU2_COMB0.FCI
Info:                Defined in:
Info:                  fpga/pqc_ntt_wishbone_wrapper.sv:64.67-72.4
Info:                  rtl/pqc_rvv_cluster_2lane.sv:138.11-138.50
Info:                  rtl/pqc_ntt_stage_banked.sv:123.120-132.4
Info:                  /usr/bin/../share/yosys/ecp5/arith_map.v:63.22-63.23
Info:  0.4 24.5  Source core.lane1.bp_reg_TRELLIS_FF_Q_5_DI_PFUMX_Z_BLUT_LUT4_Z_D_LUT4_Z_C_CCU2C_S0_COUT_CCU2C_COUT$CCU2_COMB0.F
Info:  1.1 25.6    Net core.lane1.bp_reg_TRELLIS_FF_Q_5_DI_PFUMX_Z_BLUT_LUT4_Z_D_LUT4_Z_C_CCU2C_S0_COUT_CCU2C_COUT_S0[8] budget 0.000000 ns (11,6) -> (11,7)
Info:                Sink core.lane1.bp_reg_TRELLIS_FF_Q_DI_PFUMX_Z_BLUT_LUT4_Z_D_LUT4_Z_D_LUT4_Z_D_CCU2C_S0$CCU2_COMB0.B
Info:                Defined in:
Info:                  fpga/pqc_ntt_wishbone_wrapper.sv:64.67-72.4
Info:                  rtl/pqc_rvv_cluster_2lane.sv:139.11-139.16
Info:                  rtl/pqc_ntt_stage_banked.sv:123.120-132.4
Info:                  /usr/bin/../share/yosys/ecp5/arith_map.v:32.22-32.23
Info:  0.4 26.0  Source core.lane1.bp_reg_TRELLIS_FF_Q_DI_PFUMX_Z_BLUT_LUT4_Z_D_LUT4_Z_D_LUT4_Z_D_CCU2C_S0$CCU2_COMB0.FCO
Info:  0.0 26.0    Net core.lane1.bp_reg_TRELLIS_FF_Q_DI_PFUMX_Z_BLUT_LUT4_Z_D_LUT4_Z_D_LUT4_Z_D_CCU2C_S0$CCU2_FCI_INT budget 0.000000 ns (11,7) -> (11,7)
Info:                Sink core.lane1.bp_reg_TRELLIS_FF_Q_DI_PFUMX_Z_BLUT_LUT4_Z_D_LUT4_Z_D_LUT4_Z_D_CCU2C_S0$CCU2_COMB1.FCI
Info:  0.0 26.0  Source core.lane1.bp_reg_TRELLIS_FF_Q_DI_PFUMX_Z_BLUT_LUT4_Z_D_LUT4_Z_D_LUT4_Z_D_CCU2C_S0$CCU2_COMB1.FCO
Info:  0.0 26.0    Net core.lane1.bp_reg_TRELLIS_FF_Q_5_DI_PFUMX_Z_BLUT_LUT4_Z_D_LUT4_Z_C_CCU2C_B0_3_COUT[8] budget 0.000000 ns (11,7) -> (11,7)
Info:                Sink core.lane1.bp_reg_TRELLIS_FF_Q_5_DI_PFUMX_Z_BLUT_LUT4_Z_D_LUT4_Z_C_CCU2C_B0_4$CCU2_COMB0.FCI
Info:                Defined in:
Info:                  fpga/pqc_ntt_wishbone_wrapper.sv:64.67-72.4
Info:                  rtl/pqc_rvv_cluster_2lane.sv:139.11-139.16
Info:                  rtl/pqc_ntt_stage_banked.sv:123.120-132.4
Info:                  /usr/bin/../share/yosys/ecp5/arith_map.v:63.22-63.23
Info:  0.1 26.1  Source core.lane1.bp_reg_TRELLIS_FF_Q_5_DI_PFUMX_Z_BLUT_LUT4_Z_D_LUT4_Z_C_CCU2C_B0_4$CCU2_COMB0.FCO
Info:  0.0 26.1    Net core.lane1.bp_reg_TRELLIS_FF_Q_5_DI_PFUMX_Z_BLUT_LUT4_Z_D_LUT4_Z_C_CCU2C_B0_4$CCU2_FCI_INT budget 0.000000 ns (11,7) -> (11,7)
Info:                Sink core.lane1.bp_reg_TRELLIS_FF_Q_5_DI_PFUMX_Z_BLUT_LUT4_Z_D_LUT4_Z_C_CCU2C_B0_4$CCU2_COMB1.FCI
Info:  0.0 26.1  Source core.lane1.bp_reg_TRELLIS_FF_Q_5_DI_PFUMX_Z_BLUT_LUT4_Z_D_LUT4_Z_C_CCU2C_B0_4$CCU2_COMB1.FCO
Info:  0.0 26.1    Net core.lane1.bp_reg_TRELLIS_FF_Q_5_DI_PFUMX_Z_BLUT_LUT4_Z_D_LUT4_Z_C_CCU2C_B0_3_COUT[10] budget 0.000000 ns (11,7) -> (11,7)
Info:                Sink core.lane1.bp_reg_TRELLIS_FF_Q_DI_PFUMX_Z_BLUT_LUT4_Z_D_LUT4_Z_D_LUT4_Z_D_CCU2C_S0_4$CCU2_COMB0.FCI
Info:                Defined in:
Info:                  fpga/pqc_ntt_wishbone_wrapper.sv:64.67-72.4
Info:                  rtl/pqc_rvv_cluster_2lane.sv:139.11-139.16
Info:                  rtl/pqc_ntt_stage_banked.sv:123.120-132.4
Info:                  /usr/bin/../share/yosys/ecp5/arith_map.v:63.22-63.23
Info:  0.1 26.2  Source core.lane1.bp_reg_TRELLIS_FF_Q_DI_PFUMX_Z_BLUT_LUT4_Z_D_LUT4_Z_D_LUT4_Z_D_CCU2C_S0_4$CCU2_COMB0.FCO
Info:  0.0 26.2    Net core.lane1.bp_reg_TRELLIS_FF_Q_DI_PFUMX_Z_BLUT_LUT4_Z_D_LUT4_Z_D_LUT4_Z_D_CCU2C_S0_4$CCU2_FCI_INT budget 0.000000 ns (11,7) -> (11,7)
Info:                Sink core.lane1.bp_reg_TRELLIS_FF_Q_DI_PFUMX_Z_BLUT_LUT4_Z_D_LUT4_Z_D_LUT4_Z_D_CCU2C_S0_4$CCU2_COMB1.FCI
Info:  0.0 26.2  Source core.lane1.bp_reg_TRELLIS_FF_Q_DI_PFUMX_Z_BLUT_LUT4_Z_D_LUT4_Z_D_LUT4_Z_D_CCU2C_S0_4$CCU2_COMB1.FCO
Info:  0.0 26.2    Net core.lane1.bp_reg_TRELLIS_FF_Q_5_DI_PFUMX_Z_BLUT_LUT4_Z_D_LUT4_Z_C_CCU2C_B0_3_COUT[12] budget 0.000000 ns (11,7) -> (12,7)
Info:                Sink core.lane1.bp_reg_TRELLIS_FF_Q_DI_PFUMX_Z_BLUT_LUT4_Z_D_LUT4_Z_D_LUT4_Z_D_CCU2C_S0_3$CCU2_COMB0.FCI
Info:                Defined in:
Info:                  fpga/pqc_ntt_wishbone_wrapper.sv:64.67-72.4
Info:                  rtl/pqc_rvv_cluster_2lane.sv:139.11-139.16
Info:                  rtl/pqc_ntt_stage_banked.sv:123.120-132.4
Info:                  /usr/bin/../share/yosys/ecp5/arith_map.v:63.22-63.23
Info:  0.1 26.2  Source core.lane1.bp_reg_TRELLIS_FF_Q_DI_PFUMX_Z_BLUT_LUT4_Z_D_LUT4_Z_D_LUT4_Z_D_CCU2C_S0_3$CCU2_COMB0.FCO
Info:  0.0 26.2    Net core.lane1.bp_reg_TRELLIS_FF_Q_DI_PFUMX_Z_BLUT_LUT4_Z_D_LUT4_Z_D_LUT4_Z_D_CCU2C_S0_3$CCU2_FCI_INT budget 0.000000 ns (12,7) -> (12,7)
Info:                Sink core.lane1.bp_reg_TRELLIS_FF_Q_DI_PFUMX_Z_BLUT_LUT4_Z_D_LUT4_Z_D_LUT4_Z_D_CCU2C_S0_3$CCU2_COMB1.FCI
Info:  0.0 26.2  Source core.lane1.bp_reg_TRELLIS_FF_Q_DI_PFUMX_Z_BLUT_LUT4_Z_D_LUT4_Z_D_LUT4_Z_D_CCU2C_S0_3$CCU2_COMB1.FCO
Info:  0.0 26.2    Net $nextpnr_CCU2C_8$CIN budget 0.000000 ns (12,7) -> (12,7)
Info:                Sink $nextpnr_CCU2C_8$CCU2_COMB0.FCI
Info:  0.4 26.7  Source $nextpnr_CCU2C_8$CCU2_COMB0.F
Info:  0.8 27.5    Net core.lane1.bp_reg_TRELLIS_FF_Q_5_DI_PFUMX_Z_BLUT_LUT4_Z_D_LUT4_Z_C_CCU2C_B0_3_COUT[14] budget 27.282000 ns (12,7) -> (12,7)
Info:                Sink $nextpnr_CCU2C_8$CCU2_COMB1.A
Info:                Defined in:
Info:                  /usr/bin/../share/yosys/ecp5/cells_map.v:108.23-108.24
Info:  0.4 27.9  Source $nextpnr_CCU2C_8$CCU2_COMB1.FCO
Info:  0.0 27.9    Net $nextpnr_CCU2C_8$COUT budget 0.000000 ns (12,7) -> (12,7)
Info:                Sink core.lane1.bp_reg_TRELLIS_FF_Q_5_DI_PFUMX_Z_BLUT_LUT4_Z_D_LUT4_Z_C_CCU2C_B0_3$CCU2_COMB0.FCI
Info:  0.4 28.4  Source core.lane1.bp_reg_TRELLIS_FF_Q_5_DI_PFUMX_Z_BLUT_LUT4_Z_D_LUT4_Z_C_CCU2C_B0_3$CCU2_COMB0.F
Info:  1.4 29.8    Net core.lane1.bp_reg_TRELLIS_FF_Q_DI_PFUMX_Z_BLUT_LUT4_Z_D_LUT4_Z_D_LUT4_Z_C[3] budget 27.282000 ns (12,7) -> (11,3)
Info:                Sink core.lane1.bp_reg_TRELLIS_FF_Q_DI_PFUMX_Z_BLUT_LUT4_Z_D_LUT4_Z_D_LUT4_Z.D
Info:                Defined in:
Info:                  fpga/pqc_ntt_wishbone_wrapper.sv:64.67-72.4
Info:                  rtl/pqc_rvv_cluster_2lane.sv:139.11-139.16
Info:                  rtl/pqc_ntt_stage_banked.sv:123.120-132.4
Info:                  /usr/bin/../share/yosys/ecp5/arith_map.v:34.26-34.27
Info:  0.2 30.0  Source core.lane1.bp_reg_TRELLIS_FF_Q_DI_PFUMX_Z_BLUT_LUT4_Z_D_LUT4_Z_D_LUT4_Z.F
Info:  1.1 31.1    Net core.lane1.bp_reg_TRELLIS_FF_Q_DI_PFUMX_Z_BLUT_LUT4_Z_D_LUT4_Z_D[2] budget 3.897000 ns (11,3) -> (11,9)
Info:                Sink core.lane1.bp_reg_TRELLIS_FF_Q_11_DI_PFUMX_Z_BLUT_LUT4_Z_D_LUT4_Z.D
Info:                Defined in:
Info:                  /usr/bin/../share/yosys/ecp5/cells_map.v:108.23-108.24
Info:  0.2 31.3  Source core.lane1.bp_reg_TRELLIS_FF_Q_11_DI_PFUMX_Z_BLUT_LUT4_Z_D_LUT4_Z.F
Info:  0.6 32.0    Net core.lane1.bp_reg_TRELLIS_FF_Q_11_DI_PFUMX_Z_BLUT_LUT4_Z_D[2] budget 3.897000 ns (11,9) -> (11,9)
Info:                Sink core.lane1.bp_reg_TRELLIS_FF_Q_11_DI_PFUMX_Z_BLUT_LUT4_Z.D
Info:                Defined in:
Info:                  /usr/bin/../share/yosys/ecp5/cells_map.v:108.23-108.24
Info:  0.4 32.4  Source core.lane1.bp_reg_TRELLIS_FF_Q_11_DI_PFUMX_Z_BLUT_LUT4_Z.OFX
Info:  0.4 32.7    Net core.lane1.bp_reg_TRELLIS_FF_Q_11_DI budget 3.897000 ns (11,9) -> (11,9)
Info:                Sink core.lane1.bp_reg_TRELLIS_FF_Q_11.M
Info:  0.0 32.7  Setup core.lane1.bp_reg_TRELLIS_FF_Q_11.M
Info: 16.9 ns logic, 15.9 ns routing

Info: Critical path report for cross-domain path '<async>' -> '<async>':
Info: curr total
Info:  0.0  0.0  Source wb_adr_i[3]$tr_io.O
Info:  4.7  4.7    Net ctrl_count_TRELLIS_FF_Q_CE_LUT4_Z_D[0] budget 0.000000 ns (72,14) -> (6,21)
Info:                Sink wb_we_i_LUT4_B_Z_LUT4_Z_C_CCU2C_COUT_2$CCU2_COMB1.A
Info:                Defined in:
Info:                  fpga/pqc_ntt_wishbone_wrapper.sv:41.24-41.32
Info:  0.4  5.1  Source wb_we_i_LUT4_B_Z_LUT4_Z_C_CCU2C_COUT_2$CCU2_COMB1.FCO
Info:  0.0  5.1    Net wb_we_i_LUT4_B_Z_LUT4_Z_C[4] budget 0.000000 ns (6,21) -> (6,21)
Info:                Sink wb_we_i_LUT4_B_Z_LUT4_Z_C_CCU2C_COUT_1$CCU2_COMB0.FCI
Info:                Defined in:
Info:                  fpga/pqc_ntt_wishbone_wrapper.sv:76.49-76.67
Info:                  /usr/bin/../share/yosys/ecp5/arith_map.v:63.22-63.23
Info:  0.1  5.2  Source wb_we_i_LUT4_B_Z_LUT4_Z_C_CCU2C_COUT_1$CCU2_COMB0.FCO
Info:  0.0  5.2    Net wb_we_i_LUT4_B_Z_LUT4_Z_C_CCU2C_COUT_1$CCU2_FCI_INT budget 0.000000 ns (6,21) -> (6,21)
Info:                Sink wb_we_i_LUT4_B_Z_LUT4_Z_C_CCU2C_COUT_1$CCU2_COMB1.FCI
Info:  0.0  5.2  Source wb_we_i_LUT4_B_Z_LUT4_Z_C_CCU2C_COUT_1$CCU2_COMB1.FCO
Info:  0.0  5.2    Net wb_we_i_LUT4_B_Z_LUT4_Z_C[6] budget 0.000000 ns (6,21) -> (7,21)
Info:                Sink wb_we_i_LUT4_B_Z_LUT4_Z_C_CCU2C_COUT$CCU2_COMB0.FCI
Info:                Defined in:
Info:                  fpga/pqc_ntt_wishbone_wrapper.sv:76.49-76.67
Info:                  /usr/bin/../share/yosys/ecp5/arith_map.v:63.22-63.23
Info:  0.1  5.3  Source wb_we_i_LUT4_B_Z_LUT4_Z_C_CCU2C_COUT$CCU2_COMB0.FCO
Info:  0.0  5.3    Net wb_we_i_LUT4_B_Z_LUT4_Z_C_CCU2C_COUT$CCU2_FCI_INT budget 0.000000 ns (7,21) -> (7,21)
Info:                Sink wb_we_i_LUT4_B_Z_LUT4_Z_C_CCU2C_COUT$CCU2_COMB1.FCI
Info:  0.0  5.3  Source wb_we_i_LUT4_B_Z_LUT4_Z_C_CCU2C_COUT$CCU2_COMB1.FCO
Info:  0.0  5.3    Net $nextpnr_CCU2C_28$CIN budget 0.000000 ns (7,21) -> (7,21)
Info:                Sink $nextpnr_CCU2C_28$CCU2_COMB0.FCI
Info:  0.4  5.7  Source $nextpnr_CCU2C_28$CCU2_COMB0.F
Info:  0.7  6.4    Net wb_we_i_LUT4_B_Z_LUT4_Z_A[2] budget 26.954000 ns (7,21) -> (7,19)
Info:                Sink wb_we_i_LUT4_B_Z_LUT4_Z.C
Info:                Defined in:
Info:                  fpga/pqc_ntt_wishbone_wrapper.sv:76.49-76.67
Info:                  /usr/bin/../share/yosys/ecp5/arith_map.v:63.22-63.23
Info:  0.2  6.7  Source wb_we_i_LUT4_B_Z_LUT4_Z.F
Info:  2.0  8.7    Net wb_we_i_LUT4_B_Z[0] budget 16.319000 ns (7,19) -> (2,2)
Info:                Sink ctrl_read_valid_LUT4_D.B
Info:                Defined in:
Info:                  /usr/bin/../share/yosys/ecp5/cells_map.v:108.23-108.24
Info:  0.2  8.9  Source ctrl_read_valid_LUT4_D.F
Info:  0.0  8.9    Net wb_ack_o_PFUMX_Z_ALUT budget 16.318001 ns (2,2) -> (2,2)
Info:                Sink core.read_valid_LUT4_C.F1
Info:                Defined in:
Info:                  /usr/bin/../share/yosys/ecp5/cells_map.v:133.22-133.24
Info:  0.2  9.1  Source core.read_valid_LUT4_C.OFX
Info:  0.9 10.0    Net wb_ack_o$TRELLIS_IO_OUT budget 16.318001 ns (2,2) -> (0,2)
Info:                Sink wb_ack_o$tr_io.I
Info:                Defined in:
Info:                  fpga/pqc_ntt_wishbone_wrapper.sv:47.18-47.26
Info: 1.7 ns logic, 8.3 ns routing

Info: Critical path report for cross-domain path '<async>' -> 'posedge $glbnet$clk$TRELLIS_IO_IN':
Info: curr total
Info:  0.0  0.0  Source wb_we_i$tr_io.O
Info:  4.2  4.2    Net wb_we_i$TRELLIS_IO_IN budget 0.000000 ns (72,2) -> (2,2)
Info:                Sink core.read_en_LUT4_Z.B
Info:                Defined in:
Info:                  fpga/pqc_ntt_wishbone_wrapper.sv:44.18-44.25
Info:  0.2  4.4  Source core.read_en_LUT4_Z.F
Info:  3.7  8.2    Net read_en budget 8.937000 ns (2,2) -> (22,19)
Info:                Sink core.g_write_arbitrated.waddr2_arb_TRELLIS_FF_DI_Q_LUT4_Z_C_LUT4_Z.C
Info:                Defined in:
Info:                  fpga/pqc_ntt_wishbone_wrapper.sv:59.21-59.28
Info:  0.2  8.4  Source core.g_write_arbitrated.waddr2_arb_TRELLIS_FF_DI_Q_LUT4_Z_C_LUT4_Z.F
Info:  1.5  9.9    Net core.g_write_arbitrated.waddr2_arb_TRELLIS_FF_DI_Q_LUT4_Z_C[0] budget 11.171000 ns (22,19) -> (22,15)
Info:                Sink core.g_write_arbitrated.waddr2_arb_TRELLIS_FF_DI_1_Q_LUT4_Z.C
Info:                Defined in:
Info:                  /usr/bin/../share/yosys/ecp5/cells_map.v:108.23-108.24
Info:  0.2 10.1  Source core.g_write_arbitrated.waddr2_arb_TRELLIS_FF_DI_1_Q_LUT4_Z.F
Info:  1.3 11.4    Net core.g_write_arbitrated.waddr2_arb_TRELLIS_FF_DI_1_Q[3] budget 11.171000 ns (22,15) -> (22,16)
Info:                Sink core.bank2.0.0_ADA9_PFUMX_C0_Z_L6MUX21_Z_1_D0_PFUMX_Z_BLUT_LUT4_Z.D
Info:                Defined in:
Info:                  /usr/bin/../share/yosys/ecp5/cells_map.v:108.23-108.24
Info:  0.4 11.8  Source core.bank2.0.0_ADA9_PFUMX_C0_Z_L6MUX21_Z_1_D0_PFUMX_Z_BLUT_LUT4_Z.OFX
Info:  0.0 11.8    Net core.bank2.0.0_ADA9_PFUMX_C0_Z_L6MUX21_Z_1_D0 budget 0.000000 ns (22,16) -> (22,16)
Info:                Sink core.bank2.0.0_ADA9_PFUMX_C0_Z_L6MUX21_Z_1_D1_PFUMX_Z_ALUT_LUT4_Z.FXA
Info:                Defined in:
Info:                  /usr/bin/../share/yosys/ecp5/cells_map.v:141.34-141.36
Info:  0.2 12.0  Source core.bank2.0.0_ADA9_PFUMX_C0_Z_L6MUX21_Z_1_D1_PFUMX_Z_ALUT_LUT4_Z.OFX
Info:  0.8 12.9    Net core.bank2.0.0_ADA9_PFUMX_C0_Z[1] budget 9.432000 ns (22,16) -> (22,15)
Info:                Sink core.bank2.0.0_DOB7_TRELLIS_FF_Q_1_DI_L6MUX21_Z_D1_PFUMX_Z_ALUT_LUT4_Z.B
Info:                Defined in:
Info:                  /usr/bin/../share/yosys/ecp5/cells_map.v:108.23-108.24
Info:  0.2 13.1  Source core.bank2.0.0_DOB7_TRELLIS_FF_Q_1_DI_L6MUX21_Z_D1_PFUMX_Z_ALUT_LUT4_Z.F
Info:  0.0 13.1    Net core.bank2.0.0_DOB7_TRELLIS_FF_Q_1_DI_L6MUX21_Z_D1_PFUMX_Z_ALUT budget 9.432000 ns (22,15) -> (22,15)
Info:                Sink core.bank2.0.0_DOB7_TRELLIS_FF_Q_1_DI_L6MUX21_Z_D1_PFUMX_Z_BLUT_LUT4_Z.F1
Info:                Defined in:
Info:                  /usr/bin/../share/yosys/ecp5/cells_map.v:141.30-141.32
Info:  0.2 13.3  Source core.bank2.0.0_DOB7_TRELLIS_FF_Q_1_DI_L6MUX21_Z_D1_PFUMX_Z_BLUT_LUT4_Z.OFX
Info:  0.0 13.3    Net core.bank2.0.0_DOB7_TRELLIS_FF_Q_1_DI_L6MUX21_Z_D1 budget 0.000000 ns (22,15) -> (22,15)
Info:                Sink core.bank2.0.0_DOB7_TRELLIS_FF_Q_1_DI_L6MUX21_Z_D1_PFUMX_Z_ALUT_LUT4_Z.FXB
Info:                Defined in:
Info:                  /usr/bin/../share/yosys/ecp5/cells_map.v:141.38-141.40
Info:  0.2 13.5  Source core.bank2.0.0_DOB7_TRELLIS_FF_Q_1_DI_L6MUX21_Z_D1_PFUMX_Z_ALUT_LUT4_Z.OFX
Info:  0.4 13.9    Net core.bank2.0.0_DOB7_TRELLIS_FF_Q_1_DI budget 11.004000 ns (22,15) -> (22,15)
Info:                Sink core.bank2.0.0_DOB7_TRELLIS_FF_Q_1.M
Info:  0.0 13.9  Setup core.bank2.0.0_DOB7_TRELLIS_FF_Q_1.M
Info: 2.0 ns logic, 11.9 ns routing

Info: Critical path report for cross-domain path 'posedge $glbnet$clk$TRELLIS_IO_IN' -> '<async>':
Info: curr total
Info:  5.8  5.8  Source core.bank3.0.0.DOB1
Info:  1.7  7.6    Net core.bank3.0.0_DOB16[1] budget 15.326000 ns (24,25) -> (23,20)
Info:                Sink core.bank3.0.0_DOB1_LUT4_B.C
Info:                Defined in:
Info:                  /usr/bin/../share/yosys/ecp5/cells_map.v:108.23-108.24
Info:  0.2  7.8  Source core.bank3.0.0_DOB1_LUT4_B.F
Info:  2.2 10.0    Net core.bank0.0.0_DOB1_LUT4_B_Z[2] budget 15.326000 ns (23,20) -> (7,20)
Info:                Sink wb_dat_o_LUT4_Z_A_PFUMX_Z_ALUT_LUT4_Z.C
Info:                Defined in:
Info:                  /usr/bin/../share/yosys/ecp5/cells_map.v:108.23-108.24
Info:  0.2 10.3  Source wb_dat_o_LUT4_Z_A_PFUMX_Z_ALUT_LUT4_Z.F
Info:  0.0 10.3    Net wb_dat_o_LUT4_Z_A_PFUMX_Z_ALUT budget 15.326000 ns (7,20) -> (7,20)
Info:                Sink wb_dat_o_LUT4_Z_A_PFUMX_Z_BLUT_LUT4_Z.F1
Info:                Defined in:
Info:                  /usr/bin/../share/yosys/ecp5/cells_map.v:133.22-133.24
Info:  0.2 10.4  Source wb_dat_o_LUT4_Z_A_PFUMX_Z_BLUT_LUT4_Z.OFX
Info:  0.9 11.3    Net wb_dat_o_LUT4_Z_A[1] budget 15.326000 ns (7,20) -> (7,20)
Info:                Sink wb_dat_o_LUT4_Z.B
Info:                Defined in:
Info:                  /usr/bin/../share/yosys/ecp5/cells_map.v:108.23-108.24
Info:  0.2 11.5  Source wb_dat_o_LUT4_Z.F
Info:  2.6 14.1    Net wb_dat_o[1]$TRELLIS_IO_OUT budget 15.326000 ns (7,20) -> (9,50)
Info:                Sink wb_dat_o[1]$tr_io.I
Info:                Defined in:
Info:                  fpga/pqc_ntt_wishbone_wrapper.sv:43.32-43.40
Info: 6.7 ns logic, 7.4 ns routing

Info: Max frequency for clock '$glbnet$clk$TRELLIS_IO_IN': 30.54 MHz (PASS at 12.00 MHz)

Info: Max delay <async>                           -> <async>                          : 9.99 ns
Info: Max delay <async>                           -> posedge $glbnet$clk$TRELLIS_IO_IN: 13.88 ns
Info: Max delay posedge $glbnet$clk$TRELLIS_IO_IN -> <async>                          : 14.11 ns

Info: Slack histogram:
Info:  legend: * represents 9 endpoint(s)
Info:          + represents [1,9) endpoint(s)
Info: [ 50588,  52197) |***+
Info: [ 52197,  53806) |**+
Info: [ 53806,  55415) |+
Info: [ 55415,  57024) | 
Info: [ 57024,  58633) | 
Info: [ 58633,  60242) | 
Info: [ 60242,  61851) | 
Info: [ 61851,  63460) | 
Info: [ 63460,  65069) |*+
Info: [ 65069,  66678) |****+
Info: [ 66678,  68287) |+
Info: [ 68287,  69896) |*********+
Info: [ 69896,  71505) |********+
Info: [ 71505,  73114) |*********+
Info: [ 73114,  74723) |*****+
Info: [ 74723,  76332) |***+
Info: [ 76332,  77941) |*+
Info: [ 77941,  79550) |*******+
Info: [ 79550,  81159) |************************************************************ 
Info: [ 81159,  82768) |***************+

Info: Program finished normally.
