

Info: Logic utilisation before packing:
Info:     Total LUT4s:      2461/24288    10%
Info:         logic LUTs:   1797/24288     7%
Info:         carry LUTs:    664/24288     2%
Info:           RAM LUTs:      0/ 3036     0%
Info:          RAMW LUTs:      0/ 6072     0%

Info:      Total DFFs:       325/24288     1%

Info: Packing IOs..
Info: Packing constants..
Info: Packing carries...
Info: Packing LUTs...
Info: Packing LUT5-7s...
Info: Packing FFs...
Info:     100 FFs paired with LUTs.
Info: Generating derived timing constraints...
Info: Promoting globals...
Info:     promoting clock net clk$TRELLIS_IO_IN to global network
Info: Checksum: 0x4d830a84

Info: Annotating ports with timing budgets for target frequency 12.00 MHz
Info: Checksum: 0x62cf625a

Info: Device utilisation:
Info: 	          TRELLIS_IO:   123/  197    62%
Info: 	                DCCA:     1/   56     1%
Info: 	              DP16KD:     4/   56     7%
Info: 	          MULT18X18D:     6/   28    21%
Info: 	              ALU54B:     0/   14     0%
Info: 	             EHXPLLL:     0/    2     0%
Info: 	             EXTREFB:     0/    1     0%
Info: 	                DCUA:     0/    1     0%
Info: 	           PCSCLKDIV:     0/    2     0%
Info: 	             IOLOGIC:     0/  128     0%
Info: 	            SIOLOGIC:     0/   69     0%
Info: 	                 GSR:     0/    1     0%
Info: 	               JTAGG:     0/    1     0%
Info: 	                OSCG:     0/    1     0%
Info: 	               SEDGA:     0/    1     0%
Info: 	                 DTR:     0/    1     0%
Info: 	             USRMCLK:     0/    1     0%
Info: 	             CLKDIVF:     0/    4     0%
Info: 	           ECLKSYNCB:     0/   10     0%
Info: 	             DLLDELD:     0/    8     0%
Info: 	              DDRDLL:     0/    4     0%
Info: 	             DQSBUFM:     0/    8     0%
Info: 	     TRELLIS_ECLKBUF:     0/    8     0%
Info: 	        ECLKBRIDGECS:     0/    2     0%
Info: 	                DCSC:     0/    2     0%
Info: 	          TRELLIS_FF:   325/24288     1%
Info: 	        TRELLIS_COMB:  2643/24288    10%
Info: 	        TRELLIS_RAMW:     0/ 3036     0%

Info: Placed 0 cells based on constraints.
Info: Creating initial analytic placement for 1381 cells, random placement wirelen = 110862.
Info:     at initial placer iter 0, wirelen = 7460
Info:     at initial placer iter 1, wirelen = 6432
Info:     at initial placer iter 2, wirelen = 6291
Info:     at initial placer iter 3, wirelen = 6339
Info: Running main analytical placer, max placement attempts per cell = 1202800.
Info:     at iteration #1, type ALL: wirelen solved = 6112, spread = 25582, legal = 25638; time = 0.08s
Info:     at iteration #2, type ALL: wirelen solved = 7068, spread = 22270, legal = 23817; time = 0.08s
Info:     at iteration #3, type ALL: wirelen solved = 8061, spread = 19684, legal = 21837; time = 0.08s
Info:     at iteration #4, type ALL: wirelen solved = 8687, spread = 18673, legal = 21349; time = 0.08s
Info:     at iteration #5, type ALL: wirelen solved = 9372, spread = 18957, legal = 23620; time = 0.08s
Info:     at iteration #6, type ALL: wirelen solved = 9928, spread = 18858, legal = 22873; time = 0.08s
Info:     at iteration #7, type ALL: wirelen solved = 10688, spread = 18270, legal = 22561; time = 0.08s
Info:     at iteration #8, type ALL: wirelen solved = 11286, spread = 18967, legal = 23987; time = 0.08s
Info:     at iteration #9, type ALL: wirelen solved = 11955, spread = 19040, legal = 23661; time = 0.08s
Info: HeAP Placer Time: 1.57s
Info:   of which solving equations: 1.27s
Info:   of which spreading cells: 0.07s
Info:   of which strict legalisation: 0.03s

Info: Running simulated annealing placer for refinement.
Info:   at iteration #1: temp = 0.000000, timing cost = 1504, wirelen = 21349
Info:   at iteration #5: temp = 0.000000, timing cost = 1046, wirelen = 17299
Info:   at iteration #10: temp = 0.000000, timing cost = 944, wirelen = 16577
Info:   at iteration #15: temp = 0.000000, timing cost = 997, wirelen = 16314
Info:   at iteration #20: temp = 0.000000, timing cost = 988, wirelen = 16167
Info:   at iteration #25: temp = 0.000000, timing cost = 997, wirelen = 16129
Info:   at iteration #27: temp = 0.000000, timing cost = 993, wirelen = 16122 
Info: SA placement time 6.02s

Info: Max frequency for clock '$glbnet$clk$TRELLIS_IO_IN': 21.57 MHz (PASS at 12.00 MHz)

Info: Max delay <async>                           -> <async>                          : 24.58 ns
Info: Max delay <async>                           -> posedge $glbnet$clk$TRELLIS_IO_IN: 43.02 ns
Info: Max delay posedge $glbnet$clk$TRELLIS_IO_IN -> <async>                          : 21.06 ns

Info: Slack histogram:
Info:  legend: * represents 3 endpoint(s)
Info:          + represents [1,3) endpoint(s)
Info: [ 36981,  39257) |*************+
Info: [ 39257,  41533) |************+
Info: [ 41533,  43809) |***********+
Info: [ 43809,  46085) | 
Info: [ 46085,  48361) | 
Info: [ 48361,  50637) | 
Info: [ 50637,  52913) | 
Info: [ 52913,  55189) | 
Info: [ 55189,  57465) | 
Info: [ 57465,  59741) |+
Info: [ 59741,  62017) |+
Info: [ 62017,  64293) |********+
Info: [ 64293,  66569) |**********************************+
Info: [ 66569,  68845) |****************************+
Info: [ 68845,  71121) |************************************************************ 
Info: [ 71121,  73397) |************************+
Info: [ 73397,  75673) |***********+
Info: [ 75673,  77949) |******************+
Info: [ 77949,  80225) |*********************************************************+
Info: [ 80225,  82501) |**************************+
Info: Checksum: 0x201696ca
Info: Routing globals...
Info:     routing clock net $glbnet$clk$TRELLIS_IO_IN using global 0

Info: Routing..
Info: Setting up routing queue.
Info: Routing 8782 arcs.
Info:            |   (re-)routed arcs  |   delta    | remaining|       time spent     |
Info:    IterCnt |  w/ripup   wo/ripup |  w/r  wo/r |      arcs| batch(sec) total(sec)|
Info:       1000 |      730        269 |  730   269 |      8613|       0.32       0.32|
Info:       2000 |     1362        637 |  632   368 |      8332|       0.29       0.61|
Info:       3000 |     1899       1100 |  537   463 |      7931|       0.24       0.85|
Info:       4000 |     2600       1399 |  701   299 |      7747|       0.19       1.03|
Info:       5000 |     3254       1745 |  654   346 |      7515|       0.18       1.22|
Info:       6000 |     3853       2146 |  599   401 |      7206|       0.33       1.55|
Info:       7000 |     4613       2386 |  760   240 |      7031|       0.18       1.73|
Info:       8000 |     5121       2878 |  508   492 |      6603|       0.19       1.92|
Info:       9000 |     5472       3348 |  351   470 |      6019|       0.15       2.08|
Info:      10000 |     6036       3678 |  564   330 |      5621|       0.17       2.24|
Info:      11000 |     6244       4436 |  208   758 |      4882|       0.16       2.40|
Info:      12000 |     6451       5229 |  207   793 |      4145|       0.15       2.55|
Info:      13000 |     6611       5971 |  160   742 |      3318|       0.12       2.67|
Info:      14000 |     6809       6633 |  198   662 |      2542|       0.12       2.79|
Info:      15000 |     7013       7290 |  204   657 |      1796|       0.15       2.94|
Info:      16000 |     7265       7958 |  252   668 |      1186|       0.19       3.13|
Info:      17000 |     7475       8633 |  210   675 |       448|       0.19       3.32|
Info:      17573 |     7578       9047 |  103   414 |         0|       0.12       3.44|
Info: Routing complete.
Info: Router1 time 3.44s
Info: Checksum: 0x1b797768

Info: Critical path report for clock '$glbnet$clk$TRELLIS_IO_IN' (posedge -> posedge):
Info: curr total
Info:  0.5  0.5  Source lane0.a_reg_TRELLIS_FF_Q_14.Q
Info:  1.2  1.7    Net lane0.a_reg[1] budget 0.000000 ns (18,10) -> (18,7)
Info:                Sink zeta_lane0_MULT18X18D_B0_A0_PFUMX_Z_12_ALUT_LUT4_Z_B_CCU2C_S1_S0_CCU2C_S0_COUT_CCU2C_COUT_3$CCU2_COMB1.B
Info:                Defined in:
Info:                  rtl/pqc_ntt_stage_banked.sv:105.85-114.4
Info:                  rtl/pqc_rvv_cluster_2lane.sv:83.23-83.28
Info:  0.4  2.2  Source zeta_lane0_MULT18X18D_B0_A0_PFUMX_Z_12_ALUT_LUT4_Z_B_CCU2C_S1_S0_CCU2C_S0_COUT_CCU2C_COUT_3$CCU2_COMB1.FCO
Info:  0.0  2.2    Net zeta_lane0_MULT18X18D_B0_A0_PFUMX_Z_12_ALUT_LUT4_Z_B_CCU2C_S1_S0_CCU2C_S0_COUT[2] budget 0.000000 ns (18,7) -> (18,7)
Info:                Sink zeta_lane0_MULT18X18D_B0_A0_PFUMX_Z_12_ALUT_LUT4_Z_B_CCU2C_S1_S0_CCU2C_S0$CCU2_COMB0.FCI
Info:                Defined in:
Info:                  rtl/pqc_ntt_stage_banked.sv:105.85-114.4
Info:                  rtl/pqc_rvv_cluster_2lane.sv:127.11-127.50
Info:                  /usr/bin/../share/yosys/ecp5/arith_map.v:65.22-65.25
Info:  0.1  2.2  Source zeta_lane0_MULT18X18D_B0_A0_PFUMX_Z_12_ALUT_LUT4_Z_B_CCU2C_S1_S0_CCU2C_S0$CCU2_COMB0.FCO
Info:  0.0  2.2    Net zeta_lane0_MULT18X18D_B0_A0_PFUMX_Z_12_ALUT_LUT4_Z_B_CCU2C_S1_S0_CCU2C_S0$CCU2_FCI_INT budget 0.000000 ns (18,7) -> (18,7)
Info:                Sink zeta_lane0_MULT18X18D_B0_A0_PFUMX_Z_12_ALUT_LUT4_Z_B_CCU2C_S1_S0_CCU2C_S0$CCU2_COMB1.FCI
Info:  0.0  2.2  Source zeta_lane0_MULT18X18D_B0_A0_PFUMX_Z_12_ALUT_LUT4_Z_B_CCU2C_S1_S0_CCU2C_S0$CCU2_COMB1.FCO
Info:  0.0  2.2    Net zeta_lane0_MULT18X18D_B0_A0_PFUMX_Z_12_ALUT_LUT4_Z_B_CCU2C_S1_S0_CCU2C_S0_COUT[4] budget 0.000000 ns (18,7) -> (18,7)
Info:                Sink zeta_lane0_MULT18X18D_B0_A0_PFUMX_Z_11_ALUT_LUT4_Z_B_CCU2C_S0_S1_CCU2C_S1$CCU2_COMB0.FCI
Info:                Defined in:
Info:                  rtl/pqc_ntt_stage_banked.sv:105.85-114.4
Info:                  rtl/pqc_rvv_cluster_2lane.sv:127.11-127.50
Info:                  /usr/bin/../share/yosys/ecp5/arith_map.v:65.22-65.25
Info:  0.1  2.3  Source zeta_lane0_MULT18X18D_B0_A0_PFUMX_Z_11_ALUT_LUT4_Z_B_CCU2C_S0_S1_CCU2C_S1$CCU2_COMB0.FCO
Info:  0.0  2.3    Net zeta_lane0_MULT18X18D_B0_A0_PFUMX_Z_11_ALUT_LUT4_Z_B_CCU2C_S0_S1_CCU2C_S1$CCU2_FCI_INT budget 0.000000 ns (18,7) -> (18,7)
Info:                Sink zeta_lane0_MULT18X18D_B0_A0_PFUMX_Z_11_ALUT_LUT4_Z_B_CCU2C_S0_S1_CCU2C_S1$CCU2_COMB1.FCI
Info:  0.0  2.3  Source zeta_lane0_MULT18X18D_B0_A0_PFUMX_Z_11_ALUT_LUT4_Z_B_CCU2C_S0_S1_CCU2C_S1$CCU2_COMB1.FCO
Info:  0.0  2.3    Net zeta_lane0_MULT18X18D_B0_A0_PFUMX_Z_12_ALUT_LUT4_Z_B_CCU2C_S1_S0_CCU2C_S0_COUT[6] budget 0.000000 ns (18,7) -> (19,7)
Info:                Sink zeta_lane0_MULT18X18D_B0_A0_PFUMX_Z_12_ALUT_LUT4_Z_B_CCU2C_S1_S0_CCU2C_S0_COUT_CCU2C_COUT$CCU2_COMB0.FCI
Info:                Defined in:
Info:                  rtl/pqc_ntt_stage_banked.sv:105.85-114.4
Info:                  rtl/pqc_rvv_cluster_2lane.sv:127.11-127.50
Info:                  /usr/bin/../share/yosys/ecp5/arith_map.v:65.22-65.25
Info:  0.1  2.4  Source zeta_lane0_MULT18X18D_B0_A0_PFUMX_Z_12_ALUT_LUT4_Z_B_CCU2C_S1_S0_CCU2C_S0_COUT_CCU2C_COUT$CCU2_COMB0.FCO
Info:  0.0  2.4    Net zeta_lane0_MULT18X18D_B0_A0_PFUMX_Z_12_ALUT_LUT4_Z_B_CCU2C_S1_S0_CCU2C_S0_COUT_CCU2C_COUT$CCU2_FCI_INT budget 0.000000 ns (19,7) -> (19,7)
Info:                Sink zeta_lane0_MULT18X18D_B0_A0_PFUMX_Z_12_ALUT_LUT4_Z_B_CCU2C_S1_S0_CCU2C_S0_COUT_CCU2C_COUT$CCU2_COMB1.FCI
Info:  0.0  2.4  Source zeta_lane0_MULT18X18D_B0_A0_PFUMX_Z_12_ALUT_LUT4_Z_B_CCU2C_S1_S0_CCU2C_S0_COUT_CCU2C_COUT$CCU2_COMB1.FCO
Info:  0.0  2.4    Net zeta_lane0_MULT18X18D_B0_A0_PFUMX_Z_12_ALUT_LUT4_Z_B_CCU2C_S1_S0_CCU2C_S0_COUT[8] budget 0.000000 ns (19,7) -> (19,7)
Info:                Sink zeta_lane0_MULT18X18D_B0_A0_PFUMX_Z_5_ALUT_LUT4_Z_B_CCU2C_S0_COUT_CCU2C_COUT_S0_CCU2C_S0$CCU2_COMB0.FCI
Info:                Defined in:
Info:                  rtl/pqc_ntt_stage_banked.sv:105.85-114.4
Info:                  rtl/pqc_rvv_cluster_2lane.sv:127.11-127.50
Info:                  /usr/bin/../share/yosys/ecp5/arith_map.v:65.22-65.25
Info:  0.4  2.8  Source zeta_lane0_MULT18X18D_B0_A0_PFUMX_Z_5_ALUT_LUT4_Z_B_CCU2C_S0_COUT_CCU2C_COUT_S0_CCU2C_S0$CCU2_COMB0.F
Info:  1.2  4.0    Net zeta_lane0_MULT18X18D_B0_A0_PFUMX_Z_5_ALUT_LUT4_Z_B_CCU2C_S0_COUT_CCU2C_COUT_S0[1] budget 0.000000 ns (19,7) -> (19,5)
Info:                Sink zeta_lane0_MULT18X18D_B0_A0_PFUMX_Z_5_ALUT_LUT4_Z_B_CCU2C_S0_COUT_CCU2C_COUT_S0_CCU2C_B0$CCU2_COMB0.B
Info:                Defined in:
Info:                  /usr/bin/../share/yosys/ecp5/cells_map.v:108.23-108.24
Info:  0.4  4.4  Source zeta_lane0_MULT18X18D_B0_A0_PFUMX_Z_5_ALUT_LUT4_Z_B_CCU2C_S0_COUT_CCU2C_COUT_S0_CCU2C_B0$CCU2_COMB0.FCO
Info:  0.0  4.4    Net zeta_lane0_MULT18X18D_B0_A0_PFUMX_Z_5_ALUT_LUT4_Z_B_CCU2C_S0_COUT_CCU2C_COUT_S0_CCU2C_B0$CCU2_FCI_INT budget 0.000000 ns (19,5) -> (19,5)
Info:                Sink zeta_lane0_MULT18X18D_B0_A0_PFUMX_Z_5_ALUT_LUT4_Z_B_CCU2C_S0_COUT_CCU2C_COUT_S0_CCU2C_B0$CCU2_COMB1.FCI
Info:  0.0  4.4  Source zeta_lane0_MULT18X18D_B0_A0_PFUMX_Z_5_ALUT_LUT4_Z_B_CCU2C_S0_COUT_CCU2C_COUT_S0_CCU2C_B0$CCU2_COMB1.FCO
Info:  0.0  4.4    Net zeta_lane0_MULT18X18D_B0_A0_PFUMX_Z_12_ALUT_LUT4_Z_B_CCU2C_S1_S0_CCU2C_B0_COUT[10] budget 0.000000 ns (19,5) -> (19,5)
Info:                Sink zeta_lane0_MULT18X18D_B0_A0_PFUMX_Z_12_ALUT_LUT4_Z_B_CCU2C_S1_S0_CCU2C_B0_S0_CCU2C_S0_1$CCU2_COMB0.FCI
Info:                Defined in:
Info:                  rtl/pqc_ntt_stage_banked.sv:105.85-114.4
Info:                  rtl/pqc_rvv_cluster_2lane.sv:128.11-128.16
Info:                  /usr/bin/../share/yosys/ecp5/arith_map.v:65.22-65.25
Info:  0.1  4.5  Source zeta_lane0_MULT18X18D_B0_A0_PFUMX_Z_12_ALUT_LUT4_Z_B_CCU2C_S1_S0_CCU2C_B0_S0_CCU2C_S0_1$CCU2_COMB0.FCO
Info:  0.0  4.5    Net zeta_lane0_MULT18X18D_B0_A0_PFUMX_Z_12_ALUT_LUT4_Z_B_CCU2C_S1_S0_CCU2C_B0_S0_CCU2C_S0_1$CCU2_FCI_INT budget 0.000000 ns (19,5) -> (19,5)
Info:                Sink zeta_lane0_MULT18X18D_B0_A0_PFUMX_Z_12_ALUT_LUT4_Z_B_CCU2C_S1_S0_CCU2C_B0_S0_CCU2C_S0_1$CCU2_COMB1.FCI
Info:  0.0  4.5  Source zeta_lane0_MULT18X18D_B0_A0_PFUMX_Z_12_ALUT_LUT4_Z_B_CCU2C_S1_S0_CCU2C_B0_S0_CCU2C_S0_1$CCU2_COMB1.FCO
Info:  0.0  4.5    Net zeta_lane0_MULT18X18D_B0_A0_PFUMX_Z_12_ALUT_LUT4_Z_B_CCU2C_S1_S0_CCU2C_B0_COUT[12] budget 0.000000 ns (19,5) -> (19,5)
Info:                Sink zeta_lane0_MULT18X18D_B0_A0_PFUMX_Z_5_ALUT_LUT4_Z_B_CCU2C_S0_COUT_CCU2C_COUT_2_S0_CCU2C_B0$CCU2_COMB0.FCI
Info:                Defined in:
Info:                  rtl/pqc_ntt_stage_banked.sv:105.85-114.4
Info:                  rtl/pqc_rvv_cluster_2lane.sv:128.11-128.16
Info:                  /usr/bin/../share/yosys/ecp5/arith_map.v:65.22-65.25
Info:  0.1  4.6  Source zeta_lane0_MULT18X18D_B0_A0_PFUMX_Z_5_ALUT_LUT4_Z_B_CCU2C_S0_COUT_CCU2C_COUT_2_S0_CCU2C_B0$CCU2_COMB0.FCO
Info:  0.0  4.6    Net zeta_lane0_MULT18X18D_B0_A0_PFUMX_Z_5_ALUT_LUT4_Z_B_CCU2C_S0_COUT_CCU2C_COUT_2_S0_CCU2C_B0$CCU2_FCI_INT budget 0.000000 ns (19,5) -> (19,5)
Info:                Sink zeta_lane0_MULT18X18D_B0_A0_PFUMX_Z_5_ALUT_LUT4_Z_B_CCU2C_S0_COUT_CCU2C_COUT_2_S0_CCU2C_B0$CCU2_COMB1.FCI
Info:  0.0  4.6  Source zeta_lane0_MULT18X18D_B0_A0_PFUMX_Z_5_ALUT_LUT4_Z_B_CCU2C_S0_COUT_CCU2C_COUT_2_S0_CCU2C_B0$CCU2_COMB1.FCO
Info:  0.0  4.6    Net zeta_lane0_MULT18X18D_B0_A0_PFUMX_Z_12_ALUT_LUT4_Z_B_CCU2C_S1_S0_CCU2C_B0_COUT[14] budget 0.000000 ns (19,5) -> (20,5)
Info:                Sink zeta_lane0_MULT18X18D_B0_A0_PFUMX_Z_12_ALUT_LUT4_Z_B_CCU2C_S1_S0_CCU2C_S0_COUT_CCU2C_COUT_1_S0_CCU2C_B0$CCU2_COMB0.FCI
Info:                Defined in:
Info:                  rtl/pqc_ntt_stage_banked.sv:105.85-114.4
Info:                  rtl/pqc_rvv_cluster_2lane.sv:128.11-128.16
Info:                  /usr/bin/../share/yosys/ecp5/arith_map.v:65.22-65.25
Info:  0.1  4.7  Source zeta_lane0_MULT18X18D_B0_A0_PFUMX_Z_12_ALUT_LUT4_Z_B_CCU2C_S1_S0_CCU2C_S0_COUT_CCU2C_COUT_1_S0_CCU2C_B0$CCU2_COMB0.FCO
Info:  0.0  4.7    Net zeta_lane0_MULT18X18D_B0_A0_PFUMX_Z_12_ALUT_LUT4_Z_B_CCU2C_S1_S0_CCU2C_S0_COUT_CCU2C_COUT_1_S0_CCU2C_B0$CCU2_FCI_INT budget 0.000000 ns (20,5) -> (20,5)
Info:                Sink zeta_lane0_MULT18X18D_B0_A0_PFUMX_Z_12_ALUT_LUT4_Z_B_CCU2C_S1_S0_CCU2C_S0_COUT_CCU2C_COUT_1_S0_CCU2C_B0$CCU2_COMB1.FCI
Info:  0.0  4.7  Source zeta_lane0_MULT18X18D_B0_A0_PFUMX_Z_12_ALUT_LUT4_Z_B_CCU2C_S1_S0_CCU2C_S0_COUT_CCU2C_COUT_1_S0_CCU2C_B0$CCU2_COMB1.FCO
Info:  0.0  4.7    Net $nextpnr_CCU2C_12$CIN budget 0.000000 ns (20,5) -> (20,5)
Info:                Sink $nextpnr_CCU2C_12$CCU2_COMB0.FCI
Info:  0.4  5.1  Source $nextpnr_CCU2C_12$CCU2_COMB0.F
Info:  0.8  5.9    Net zeta_lane0_MULT18X18D_B0_A0_PFUMX_Z_12_ALUT_LUT4_Z_B_CCU2C_S1_S0_CCU2C_B0_COUT[16] budget 0.000000 ns (20,5) -> (20,5)
Info:                Sink $nextpnr_CCU2C_12$CCU2_COMB1.A
Info:                Defined in:
Info:                  /usr/bin/../share/yosys/ecp5/cells_map.v:108.23-108.24
Info:  0.4  6.3  Source $nextpnr_CCU2C_12$CCU2_COMB1.FCO
Info:  0.0  6.3    Net $nextpnr_CCU2C_12$COUT budget 0.000000 ns (20,5) -> (20,5)
Info:                Sink zeta_lane0_MULT18X18D_B0_A0_PFUMX_Z_12_ALUT_LUT4_Z_B_CCU2C_S1_S0_CCU2C_B0_S0_CCU2C_S0$CCU2_COMB0.FCI
Info:  0.4  6.8  Source zeta_lane0_MULT18X18D_B0_A0_PFUMX_Z_12_ALUT_LUT4_Z_B_CCU2C_S1_S0_CCU2C_B0_S0_CCU2C_S0$CCU2_COMB0.F
Info:  1.3  8.0    Net zeta_lane0_MULT18X18D_B0_A0_PFUMX_Z_12_ALUT_LUT4_Z_B_CCU2C_S1_S0_CCU2C_B0_S0[16] budget 0.000000 ns (20,5) -> (16,7)
Info:                Sink zeta_lane0_MULT18X18D_B0_A0_PFUMX_Z_5_ALUT_LUT4_Z_B_CCU2C_S0_COUT_CCU2C_COUT_3_S0_LUT4_Z.D
Info:                Defined in:
Info:                  /usr/bin/../share/yosys/ecp5/cells_map.v:108.23-108.24
Info:  0.2  8.3  Source zeta_lane0_MULT18X18D_B0_A0_PFUMX_Z_5_ALUT_LUT4_Z_B_CCU2C_S0_COUT_CCU2C_COUT_3_S0_LUT4_Z.F
Info:  0.9  9.2    Net zeta_lane0_MULT18X18D_B0_A0_PFUMX_Z_11_ALUT_LUT4_Z_B[3] budget 0.000000 ns (16,7) -> (16,8)
Info:                Sink zeta_lane0_MULT18X18D_B0_A0_PFUMX_Z_14_ALUT_LUT4_Z.D
Info:                Defined in:
Info:                  /usr/bin/../share/yosys/ecp5/cells_map.v:108.23-108.24
Info:  0.2  9.4  Source zeta_lane0_MULT18X18D_B0_A0_PFUMX_Z_14_ALUT_LUT4_Z.F
Info:  0.0  9.4    Net zeta_lane0_MULT18X18D_B0_A0_PFUMX_Z_14_ALUT budget 0.000000 ns (16,8) -> (16,8)
Info:                Sink zeta_lane0_MULT18X18D_B0_A0_PFUMX_Z_14_BLUT_LUT4_Z.F1
Info:                Defined in:
Info:                  /usr/bin/../share/yosys/ecp5/cells_map.v:133.22-133.24
Info:  0.2  9.6  Source zeta_lane0_MULT18X18D_B0_A0_PFUMX_Z_14_BLUT_LUT4_Z.OFX
Info:  1.5 11.1    Net zeta_lane0_MULT18X18D_B0_A0[1] budget 0.000000 ns (16,8) -> (14,13)
Info:                Sink zeta_lane0_MULT18X18D_B0.A1
Info:                Defined in:
Info:                  /usr/bin/../share/yosys/mul2dsp.v:61.22-61.23
Info:  3.9 15.0  Source zeta_lane0_MULT18X18D_B0.P12
Info:  1.5 16.5    Net zeta_lane0_MULT18X18D_B0_P0[12] budget 0.000000 ns (14,13) -> (17,13)
Info:                Sink lane0.bp_reg_TRELLIS_FF_Q_DI_PFUMX_Z_BLUT_LUT4_Z_D_LUT4_Z_1_B_CCU2C_S0_B0_MULT18X18D_P0_A0_MULT18X18D_P0.A12
Info:                Defined in:
Info:                  rtl/pqc_ntt_stage_banked.sv:105.85-114.4
Info:                  rtl/pqc_rvv_cluster_2lane.sv:108.17-108.42
Info:                  /usr/bin/../share/yosys/ecp5/arith_map.v:30.22-30.23
Info:  3.9 20.4  Source lane0.bp_reg_TRELLIS_FF_Q_DI_PFUMX_Z_BLUT_LUT4_Z_D_LUT4_Z_1_B_CCU2C_S0_B0_MULT18X18D_P0_A0_MULT18X18D_P0.P2
Info:  1.2 21.6    Net lane0.bp_reg_TRELLIS_FF_Q_DI_PFUMX_Z_BLUT_LUT4_Z_D_LUT4_Z_1_B_CCU2C_S0_B0_MULT18X18D_P0_A0[2] budget 0.000000 ns (17,13) -> (18,13)
Info:                Sink lane0.bp_reg_TRELLIS_FF_Q_DI_PFUMX_Z_BLUT_LUT4_Z_D_LUT4_Z_1_B_CCU2C_S0_B0_MULT18X18D_P0.A2
Info:                Defined in:
Info:                  /usr/bin/../share/yosys/mul2dsp.v:65.23-65.24
Info:  3.9 25.5  Source lane0.bp_reg_TRELLIS_FF_Q_DI_PFUMX_Z_BLUT_LUT4_Z_D_LUT4_Z_1_B_CCU2C_S0_B0_MULT18X18D_P0.P2
Info:  1.8 27.3    Net lane0.bp_reg_TRELLIS_FF_Q_DI_PFUMX_Z_BLUT_LUT4_Z_D_LUT4_Z_1_B_CCU2C_S0_B0[2] budget 0.000000 ns (18,13) -> (17,4)
Info:                Sink lane0.bp_reg_TRELLIS_FF_Q_DI_PFUMX_Z_BLUT_LUT4_Z_D_LUT4_Z_1_B_CCU2C_S0_1_COUT_CCU2C_COUT_3$CCU2_COMB0.B
Info:                Defined in:
Info:                  rtl/pqc_ntt_stage_banked.sv:105.85-114.4
Info:                  rtl/pqc_rvv_cluster_2lane.sv:108.17-108.42
Info:                  /usr/bin/../share/yosys/ecp5/arith_map.v:32.22-32.23
Info:  0.4 27.7  Source lane0.bp_reg_TRELLIS_FF_Q_DI_PFUMX_Z_BLUT_LUT4_Z_D_LUT4_Z_1_B_CCU2C_S0_1_COUT_CCU2C_COUT_3$CCU2_COMB0.FCO
Info:  0.0 27.7    Net lane0.bp_reg_TRELLIS_FF_Q_DI_PFUMX_Z_BLUT_LUT4_Z_D_LUT4_Z_1_B_CCU2C_S0_1_COUT_CCU2C_COUT_3$CCU2_FCI_INT budget 0.000000 ns (17,4) -> (17,4)
Info:                Sink lane0.bp_reg_TRELLIS_FF_Q_DI_PFUMX_Z_BLUT_LUT4_Z_D_LUT4_Z_1_B_CCU2C_S0_1_COUT_CCU2C_COUT_3$CCU2_COMB1.FCI
Info:  0.0 27.7  Source lane0.bp_reg_TRELLIS_FF_Q_DI_PFUMX_Z_BLUT_LUT4_Z_D_LUT4_Z_1_B_CCU2C_S0_1_COUT_CCU2C_COUT_3$CCU2_COMB1.FCO
Info:  0.0 27.7    Net lane0.bp_reg_TRELLIS_FF_Q_DI_PFUMX_Z_BLUT_LUT4_Z_D_LUT4_Z_1_B_CCU2C_S0_1_COUT[4] budget 0.000000 ns (17,4) -> (17,4)
Info:                Sink lane0.bp_reg_TRELLIS_FF_Q_DI_PFUMX_Z_BLUT_LUT4_Z_D_LUT4_Z_1_B_CCU2C_S0_1_COUT_CCU2C_COUT_2$CCU2_COMB0.FCI
Info:                Defined in:
Info:                  rtl/pqc_ntt_stage_banked.sv:105.85-114.4
Info:                  rtl/pqc_rvv_cluster_2lane.sv:108.17-108.42
Info:                  /usr/bin/../share/yosys/ecp5/arith_map.v:65.22-65.25
Info:  0.1 27.8  Source lane0.bp_reg_TRELLIS_FF_Q_DI_PFUMX_Z_BLUT_LUT4_Z_D_LUT4_Z_1_B_CCU2C_S0_1_COUT_CCU2C_COUT_2$CCU2_COMB0.FCO
Info:  0.0 27.8    Net lane0.bp_reg_TRELLIS_FF_Q_DI_PFUMX_Z_BLUT_LUT4_Z_D_LUT4_Z_1_B_CCU2C_S0_1_COUT_CCU2C_COUT_2$CCU2_FCI_INT budget 0.000000 ns (17,4) -> (17,4)
Info:                Sink lane0.bp_reg_TRELLIS_FF_Q_DI_PFUMX_Z_BLUT_LUT4_Z_D_LUT4_Z_1_B_CCU2C_S0_1_COUT_CCU2C_COUT_2$CCU2_COMB1.FCI
Info:  0.0 27.8  Source lane0.bp_reg_TRELLIS_FF_Q_DI_PFUMX_Z_BLUT_LUT4_Z_D_LUT4_Z_1_B_CCU2C_S0_1_COUT_CCU2C_COUT_2$CCU2_COMB1.FCO
Info:  0.0 27.8    Net lane0.bp_reg_TRELLIS_FF_Q_DI_PFUMX_Z_BLUT_LUT4_Z_D_LUT4_Z_1_B_CCU2C_S0_1_COUT[6] budget 0.000000 ns (17,4) -> (18,4)
Info:                Sink lane0.bp_reg_TRELLIS_FF_Q_DI_PFUMX_Z_BLUT_LUT4_Z_D_LUT4_Z_1_B_CCU2C_S0_1_COUT_CCU2C_COUT_1$CCU2_COMB0.FCI
Info:                Defined in:
Info:                  rtl/pqc_ntt_stage_banked.sv:105.85-114.4
Info:                  rtl/pqc_rvv_cluster_2lane.sv:108.17-108.42
Info:                  /usr/bin/../share/yosys/ecp5/arith_map.v:65.22-65.25
Info:  0.1 27.9  Source lane0.bp_reg_TRELLIS_FF_Q_DI_PFUMX_Z_BLUT_LUT4_Z_D_LUT4_Z_1_B_CCU2C_S0_1_COUT_CCU2C_COUT_1$CCU2_COMB0.FCO
Info:  0.0 27.9    Net lane0.bp_reg_TRELLIS_FF_Q_DI_PFUMX_Z_BLUT_LUT4_Z_D_LUT4_Z_1_B_CCU2C_S0_1_COUT_CCU2C_COUT_1$CCU2_FCI_INT budget 0.000000 ns (18,4) -> (18,4)
Info:                Sink lane0.bp_reg_TRELLIS_FF_Q_DI_PFUMX_Z_BLUT_LUT4_Z_D_LUT4_Z_1_B_CCU2C_S0_1_COUT_CCU2C_COUT_1$CCU2_COMB1.FCI
Info:  0.0 27.9  Source lane0.bp_reg_TRELLIS_FF_Q_DI_PFUMX_Z_BLUT_LUT4_Z_D_LUT4_Z_1_B_CCU2C_S0_1_COUT_CCU2C_COUT_1$CCU2_COMB1.FCO
Info:  0.0 27.9    Net lane0.bp_reg_TRELLIS_FF_Q_DI_PFUMX_Z_BLUT_LUT4_Z_D_LUT4_Z_1_B_CCU2C_S0_1_COUT[8] budget 0.000000 ns (18,4) -> (18,4)
Info:                Sink lane0.bp_reg_TRELLIS_FF_Q_DI_PFUMX_Z_BLUT_LUT4_Z_D_LUT4_Z_1_B_CCU2C_S0_1_COUT_CCU2C_COUT$CCU2_COMB0.FCI
Info:                Defined in:
Info:                  rtl/pqc_ntt_stage_banked.sv:105.85-114.4
Info:                  rtl/pqc_rvv_cluster_2lane.sv:108.17-108.42
Info:                  /usr/bin/../share/yosys/ecp5/arith_map.v:65.22-65.25
Info:  0.1 28.0  Source lane0.bp_reg_TRELLIS_FF_Q_DI_PFUMX_Z_BLUT_LUT4_Z_D_LUT4_Z_1_B_CCU2C_S0_1_COUT_CCU2C_COUT$CCU2_COMB0.FCO
Info:  0.0 28.0    Net lane0.bp_reg_TRELLIS_FF_Q_DI_PFUMX_Z_BLUT_LUT4_Z_D_LUT4_Z_1_B_CCU2C_S0_1_COUT_CCU2C_COUT$CCU2_FCI_INT budget 0.000000 ns (18,4) -> (18,4)
Info:                Sink lane0.bp_reg_TRELLIS_FF_Q_DI_PFUMX_Z_BLUT_LUT4_Z_D_LUT4_Z_1_B_CCU2C_S0_1_COUT_CCU2C_COUT$CCU2_COMB1.FCI
Info:  0.0 28.0  Source lane0.bp_reg_TRELLIS_FF_Q_DI_PFUMX_Z_BLUT_LUT4_Z_D_LUT4_Z_1_B_CCU2C_S0_1_COUT_CCU2C_COUT$CCU2_COMB1.FCO
Info:  0.0 28.0    Net lane0.bp_reg_TRELLIS_FF_Q_DI_PFUMX_Z_BLUT_LUT4_Z_D_LUT4_Z_1_B_CCU2C_S0_1_COUT[10] budget 0.000000 ns (18,4) -> (18,4)
Info:                Sink lane0.bp_reg_TRELLIS_FF_Q_DI_PFUMX_Z_BLUT_LUT4_Z_D_LUT4_Z_1_B_CCU2C_S0_1_COUT_CCU2C_COUT_12$CCU2_COMB0.FCI
Info:                Defined in:
Info:                  rtl/pqc_ntt_stage_banked.sv:105.85-114.4
Info:                  rtl/pqc_rvv_cluster_2lane.sv:108.17-108.42
Info:                  /usr/bin/../share/yosys/ecp5/arith_map.v:65.22-65.25
Info:  0.1 28.0  Source lane0.bp_reg_TRELLIS_FF_Q_DI_PFUMX_Z_BLUT_LUT4_Z_D_LUT4_Z_1_B_CCU2C_S0_1_COUT_CCU2C_COUT_12$CCU2_COMB0.FCO
Info:  0.0 28.0    Net lane0.bp_reg_TRELLIS_FF_Q_DI_PFUMX_Z_BLUT_LUT4_Z_D_LUT4_Z_1_B_CCU2C_S0_1_COUT_CCU2C_COUT_12$CCU2_FCI_INT budget 0.000000 ns (18,4) -> (18,4)
Info:                Sink lane0.bp_reg_TRELLIS_FF_Q_DI_PFUMX_Z_BLUT_LUT4_Z_D_LUT4_Z_1_B_CCU2C_S0_1_COUT_CCU2C_COUT_12$CCU2_COMB1.FCI
Info:  0.0 28.0  Source lane0.bp_reg_TRELLIS_FF_Q_DI_PFUMX_Z_BLUT_LUT4_Z_D_LUT4_Z_1_B_CCU2C_S0_1_COUT_CCU2C_COUT_12$CCU2_COMB1.FCO
Info:  0.0 28.0    Net lane0.bp_reg_TRELLIS_FF_Q_DI_PFUMX_Z_BLUT_LUT4_Z_D_LUT4_Z_1_B_CCU2C_S0_1_COUT[12] budget 0.000000 ns (18,4) -> (18,4)
Info:                Sink lane0.bp_reg_TRELLIS_FF_Q_DI_PFUMX_Z_BLUT_LUT4_Z_D_LUT4_Z_1_B_CCU2C_S0_1_COUT_CCU2C_COUT_11$CCU2_COMB0.FCI
Info:                Defined in:
Info:                  rtl/pqc_ntt_stage_banked.sv:105.85-114.4
Info:                  rtl/pqc_rvv_cluster_2lane.sv:108.17-108.42
Info:                  /usr/bin/../share/yosys/ecp5/arith_map.v:65.22-65.25
Info:  0.1 28.1  Source lane0.bp_reg_TRELLIS_FF_Q_DI_PFUMX_Z_BLUT_LUT4_Z_D_LUT4_Z_1_B_CCU2C_S0_1_COUT_CCU2C_COUT_11$CCU2_COMB0.FCO
Info:  0.0 28.1    Net lane0.bp_reg_TRELLIS_FF_Q_DI_PFUMX_Z_BLUT_LUT4_Z_D_LUT4_Z_1_B_CCU2C_S0_1_COUT_CCU2C_COUT_11$CCU2_FCI_INT budget 0.000000 ns (18,4) -> (18,4)
Info:                Sink lane0.bp_reg_TRELLIS_FF_Q_DI_PFUMX_Z_BLUT_LUT4_Z_D_LUT4_Z_1_B_CCU2C_S0_1_COUT_CCU2C_COUT_11$CCU2_COMB1.FCI
Info:  0.0 28.1  Source lane0.bp_reg_TRELLIS_FF_Q_DI_PFUMX_Z_BLUT_LUT4_Z_D_LUT4_Z_1_B_CCU2C_S0_1_COUT_CCU2C_COUT_11$CCU2_COMB1.FCO
Info:  0.0 28.1    Net lane0.bp_reg_TRELLIS_FF_Q_DI_PFUMX_Z_BLUT_LUT4_Z_D_LUT4_Z_1_B_CCU2C_S0_1_COUT[14] budget 0.000000 ns (18,4) -> (19,4)
Info:                Sink lane0.bp_reg_TRELLIS_FF_Q_DI_PFUMX_Z_BLUT_LUT4_Z_D_LUT4_Z_1_B_CCU2C_S0_1_COUT_CCU2C_COUT_10$CCU2_COMB0.FCI
Info:                Defined in:
Info:                  rtl/pqc_ntt_stage_banked.sv:105.85-114.4
Info:                  rtl/pqc_rvv_cluster_2lane.sv:108.17-108.42
Info:                  /usr/bin/../share/yosys/ecp5/arith_map.v:65.22-65.25
Info:  0.1 28.2  Source lane0.bp_reg_TRELLIS_FF_Q_DI_PFUMX_Z_BLUT_LUT4_Z_D_LUT4_Z_1_B_CCU2C_S0_1_COUT_CCU2C_COUT_10$CCU2_COMB0.FCO
Info:  0.0 28.2    Net lane0.bp_reg_TRELLIS_FF_Q_DI_PFUMX_Z_BLUT_LUT4_Z_D_LUT4_Z_1_B_CCU2C_S0_1_COUT_CCU2C_COUT_10$CCU2_FCI_INT budget 0.000000 ns (19,4) -> (19,4)
Info:                Sink lane0.bp_reg_TRELLIS_FF_Q_DI_PFUMX_Z_BLUT_LUT4_Z_D_LUT4_Z_1_B_CCU2C_S0_1_COUT_CCU2C_COUT_10$CCU2_COMB1.FCI
Info:  0.0 28.2  Source lane0.bp_reg_TRELLIS_FF_Q_DI_PFUMX_Z_BLUT_LUT4_Z_D_LUT4_Z_1_B_CCU2C_S0_1_COUT_CCU2C_COUT_10$CCU2_COMB1.FCO
Info:  0.0 28.2    Net lane0.bp_reg_TRELLIS_FF_Q_DI_PFUMX_Z_BLUT_LUT4_Z_D_LUT4_Z_1_B_CCU2C_S0_1_COUT[16] budget 0.000000 ns (19,4) -> (19,4)
Info:                Sink lane0.bp_reg_TRELLIS_FF_Q_DI_PFUMX_Z_BLUT_LUT4_Z_D_LUT4_Z_1_B_CCU2C_S0_1_COUT_CCU2C_COUT_9$CCU2_COMB0.FCI
Info:                Defined in:
Info:                  rtl/pqc_ntt_stage_banked.sv:105.85-114.4
Info:                  rtl/pqc_rvv_cluster_2lane.sv:108.17-108.42
Info:                  /usr/bin/../share/yosys/ecp5/arith_map.v:65.22-65.25
Info:  0.1 28.2  Source lane0.bp_reg_TRELLIS_FF_Q_DI_PFUMX_Z_BLUT_LUT4_Z_D_LUT4_Z_1_B_CCU2C_S0_1_COUT_CCU2C_COUT_9$CCU2_COMB0.FCO
Info:  0.0 28.2    Net lane0.bp_reg_TRELLIS_FF_Q_DI_PFUMX_Z_BLUT_LUT4_Z_D_LUT4_Z_1_B_CCU2C_S0_1_COUT_CCU2C_COUT_9$CCU2_FCI_INT budget 0.000000 ns (19,4) -> (19,4)
Info:                Sink lane0.bp_reg_TRELLIS_FF_Q_DI_PFUMX_Z_BLUT_LUT4_Z_D_LUT4_Z_1_B_CCU2C_S0_1_COUT_CCU2C_COUT_9$CCU2_COMB1.FCI
Info:  0.0 28.2  Source lane0.bp_reg_TRELLIS_FF_Q_DI_PFUMX_Z_BLUT_LUT4_Z_D_LUT4_Z_1_B_CCU2C_S0_1_COUT_CCU2C_COUT_9$CCU2_COMB1.FCO
Info:  0.0 28.2    Net lane0.bp_reg_TRELLIS_FF_Q_DI_PFUMX_Z_BLUT_LUT4_Z_D_LUT4_Z_1_B_CCU2C_S0_1_COUT[18] budget 0.000000 ns (19,4) -> (19,4)
Info:                Sink lane0.bp_reg_TRELLIS_FF_Q_13_DI_PFUMX_Z_BLUT_LUT4_Z_D_LUT4_Z_1_B_CCU2C_S0$CCU2_COMB0.FCI
Info:                Defined in:
Info:                  rtl/pqc_ntt_stage_banked.sv:105.85-114.4
Info:                  rtl/pqc_rvv_cluster_2lane.sv:108.17-108.42
Info:                  /usr/bin/../share/yosys/ecp5/arith_map.v:65.22-65.25
Info:  0.1 28.3  Source lane0.bp_reg_TRELLIS_FF_Q_13_DI_PFUMX_Z_BLUT_LUT4_Z_D_LUT4_Z_1_B_CCU2C_S0$CCU2_COMB0.FCO
Info:  0.0 28.3    Net lane0.bp_reg_TRELLIS_FF_Q_13_DI_PFUMX_Z_BLUT_LUT4_Z_D_LUT4_Z_1_B_CCU2C_S0$CCU2_FCI_INT budget 0.000000 ns (19,4) -> (19,4)
Info:                Sink lane0.bp_reg_TRELLIS_FF_Q_13_DI_PFUMX_Z_BLUT_LUT4_Z_D_LUT4_Z_1_B_CCU2C_S0$CCU2_COMB1.FCI
Info:  0.0 28.3  Source lane0.bp_reg_TRELLIS_FF_Q_13_DI_PFUMX_Z_BLUT_LUT4_Z_D_LUT4_Z_1_B_CCU2C_S0$CCU2_COMB1.FCO
Info:  0.0 28.3    Net lane0.bp_reg_TRELLIS_FF_Q_DI_PFUMX_Z_BLUT_LUT4_Z_D_LUT4_Z_1_B_CCU2C_S0_1_COUT[20] budget 0.000000 ns (19,4) -> (19,4)
Info:                Sink lane0.bp_reg_TRELLIS_FF_Q_DI_PFUMX_Z_BLUT_LUT4_Z_D_LUT4_Z_1_B_CCU2C_S0_1_COUT_CCU2C_COUT_8$CCU2_COMB0.FCI
Info:                Defined in:
Info:                  rtl/pqc_ntt_stage_banked.sv:105.85-114.4
Info:                  rtl/pqc_rvv_cluster_2lane.sv:108.17-108.42
Info:                  /usr/bin/../share/yosys/ecp5/arith_map.v:65.22-65.25
Info:  0.1 28.4  Source lane0.bp_reg_TRELLIS_FF_Q_DI_PFUMX_Z_BLUT_LUT4_Z_D_LUT4_Z_1_B_CCU2C_S0_1_COUT_CCU2C_COUT_8$CCU2_COMB0.FCO
Info:  0.0 28.4    Net lane0.bp_reg_TRELLIS_FF_Q_DI_PFUMX_Z_BLUT_LUT4_Z_D_LUT4_Z_1_B_CCU2C_S0_1_COUT_CCU2C_COUT_8$CCU2_FCI_INT budget 0.000000 ns (19,4) -> (19,4)
Info:                Sink lane0.bp_reg_TRELLIS_FF_Q_DI_PFUMX_Z_BLUT_LUT4_Z_D_LUT4_Z_1_B_CCU2C_S0_1_COUT_CCU2C_COUT_8$CCU2_COMB1.FCI
Info:  0.0 28.4  Source lane0.bp_reg_TRELLIS_FF_Q_DI_PFUMX_Z_BLUT_LUT4_Z_D_LUT4_Z_1_B_CCU2C_S0_1_COUT_CCU2C_COUT_8$CCU2_COMB1.FCO
Info:  0.0 28.4    Net lane0.bp_reg_TRELLIS_FF_Q_DI_PFUMX_Z_BLUT_LUT4_Z_D_LUT4_Z_1_B_CCU2C_S0_1_COUT[22] budget 0.000000 ns (19,4) -> (20,4)
Info:                Sink lane0.bp_reg_TRELLIS_FF_Q_DI_PFUMX_Z_BLUT_LUT4_Z_D_LUT4_Z_1_B_CCU2C_S0_1_COUT_CCU2C_COUT_7$CCU2_COMB0.FCI
Info:                Defined in:
Info:                  rtl/pqc_ntt_stage_banked.sv:105.85-114.4
Info:                  rtl/pqc_rvv_cluster_2lane.sv:108.17-108.42
Info:                  /usr/bin/../share/yosys/ecp5/arith_map.v:65.22-65.25
Info:  0.1 28.5  Source lane0.bp_reg_TRELLIS_FF_Q_DI_PFUMX_Z_BLUT_LUT4_Z_D_LUT4_Z_1_B_CCU2C_S0_1_COUT_CCU2C_COUT_7$CCU2_COMB0.FCO
Info:  0.0 28.5    Net lane0.bp_reg_TRELLIS_FF_Q_DI_PFUMX_Z_BLUT_LUT4_Z_D_LUT4_Z_1_B_CCU2C_S0_1_COUT_CCU2C_COUT_7$CCU2_FCI_INT budget 0.000000 ns (20,4) -> (20,4)
Info:                Sink lane0.bp_reg_TRELLIS_FF_Q_DI_PFUMX_Z_BLUT_LUT4_Z_D_LUT4_Z_1_B_CCU2C_S0_1_COUT_CCU2C_COUT_7$CCU2_COMB1.FCI
Info:  0.0 28.5  Source lane0.bp_reg_TRELLIS_FF_Q_DI_PFUMX_Z_BLUT_LUT4_Z_D_LUT4_Z_1_B_CCU2C_S0_1_COUT_CCU2C_COUT_7$CCU2_COMB1.FCO
Info:  0.0 28.5    Net lane0.bp_reg_TRELLIS_FF_Q_DI_PFUMX_Z_BLUT_LUT4_Z_D_LUT4_Z_1_B_CCU2C_S0_1_COUT[24] budget 0.000000 ns (20,4) -> (20,4)
Info:                Sink lane0.bp_reg_TRELLIS_FF_Q_DI_PFUMX_Z_BLUT_LUT4_Z_D_LUT4_Z_1_B_CCU2C_S0_1_COUT_CCU2C_COUT_6$CCU2_COMB0.FCI
Info:                Defined in:
Info:                  rtl/pqc_ntt_stage_banked.sv:105.85-114.4
Info:                  rtl/pqc_rvv_cluster_2lane.sv:108.17-108.42
Info:                  /usr/bin/../share/yosys/ecp5/arith_map.v:65.22-65.25
Info:  0.1 28.5  Source lane0.bp_reg_TRELLIS_FF_Q_DI_PFUMX_Z_BLUT_LUT4_Z_D_LUT4_Z_1_B_CCU2C_S0_1_COUT_CCU2C_COUT_6$CCU2_COMB0.FCO
Info:  0.0 28.5    Net lane0.bp_reg_TRELLIS_FF_Q_DI_PFUMX_Z_BLUT_LUT4_Z_D_LUT4_Z_1_B_CCU2C_S0_1_COUT_CCU2C_COUT_6$CCU2_FCI_INT budget 0.000000 ns (20,4) -> (20,4)
Info:                Sink lane0.bp_reg_TRELLIS_FF_Q_DI_PFUMX_Z_BLUT_LUT4_Z_D_LUT4_Z_1_B_CCU2C_S0_1_COUT_CCU2C_COUT_6$CCU2_COMB1.FCI
Info:  0.0 28.5  Source lane0.bp_reg_TRELLIS_FF_Q_DI_PFUMX_Z_BLUT_LUT4_Z_D_LUT4_Z_1_B_CCU2C_S0_1_COUT_CCU2C_COUT_6$CCU2_COMB1.FCO
Info:  0.0 28.5    Net lane0.bp_reg_TRELLIS_FF_Q_DI_PFUMX_Z_BLUT_LUT4_Z_D_LUT4_Z_1_B_CCU2C_S0_1_COUT[26] budget 0.000000 ns (20,4) -> (20,4)
Info:                Sink lane0.bp_reg_TRELLIS_FF_Q_DI_PFUMX_Z_BLUT_LUT4_Z_D_LUT4_Z_1_B_CCU2C_S0_1_COUT_CCU2C_COUT_5$CCU2_COMB0.FCI
Info:                Defined in:
Info:                  rtl/pqc_ntt_stage_banked.sv:105.85-114.4
Info:                  rtl/pqc_rvv_cluster_2lane.sv:108.17-108.42
Info:                  /usr/bin/../share/yosys/ecp5/arith_map.v:65.22-65.25
Info:  0.1 28.6  Source lane0.bp_reg_TRELLIS_FF_Q_DI_PFUMX_Z_BLUT_LUT4_Z_D_LUT4_Z_1_B_CCU2C_S0_1_COUT_CCU2C_COUT_5$CCU2_COMB0.FCO
Info:  0.0 28.6    Net lane0.bp_reg_TRELLIS_FF_Q_DI_PFUMX_Z_BLUT_LUT4_Z_D_LUT4_Z_1_B_CCU2C_S0_1_COUT_CCU2C_COUT_5$CCU2_FCI_INT budget 0.000000 ns (20,4) -> (20,4)
Info:                Sink lane0.bp_reg_TRELLIS_FF_Q_DI_PFUMX_Z_BLUT_LUT4_Z_D_LUT4_Z_1_B_CCU2C_S0_1_COUT_CCU2C_COUT_5$CCU2_COMB1.FCI
Info:  0.0 28.6  Source lane0.bp_reg_TRELLIS_FF_Q_DI_PFUMX_Z_BLUT_LUT4_Z_D_LUT4_Z_1_B_CCU2C_S0_1_COUT_CCU2C_COUT_5$CCU2_COMB1.FCO
Info:  0.0 28.6    Net lane0.bp_reg_TRELLIS_FF_Q_DI_PFUMX_Z_BLUT_LUT4_Z_D_LUT4_Z_1_B_CCU2C_S0_1_COUT[28] budget 0.000000 ns (20,4) -> (20,4)
Info:                Sink lane0.bp_reg_TRELLIS_FF_Q_DI_PFUMX_Z_BLUT_LUT4_Z_D_LUT4_Z_1_B_CCU2C_S0_1_COUT_CCU2C_COUT_4$CCU2_COMB0.FCI
Info:                Defined in:
Info:                  rtl/pqc_ntt_stage_banked.sv:105.85-114.4
Info:                  rtl/pqc_rvv_cluster_2lane.sv:108.17-108.42
Info:                  /usr/bin/../share/yosys/ecp5/arith_map.v:65.22-65.25
Info:  0.4 29.0  Source lane0.bp_reg_TRELLIS_FF_Q_DI_PFUMX_Z_BLUT_LUT4_Z_D_LUT4_Z_1_B_CCU2C_S0_1_COUT_CCU2C_COUT_4$CCU2_COMB0.F
Info:  1.3 30.4    Net lane0.bp_reg_TRELLIS_FF_Q_DI_PFUMX_Z_BLUT_LUT4_Z_D_LUT4_Z_1_B_CCU2C_S0_1_COUT_CCU2C_COUT_9_S0[12] budget 0.000000 ns (20,4) -> (22,5)
Info:                Sink lane0.bp_reg_TRELLIS_FF_Q_13_DI_PFUMX_Z_BLUT_LUT4_Z_D_LUT4_Z_1_B_LUT4_Z_1_D_CCU2C_COUT_S0_CCU2C_S0_5$CCU2_COMB1.B
Info:                Defined in:
Info:                  rtl/pqc_ntt_stage_banked.sv:105.85-114.4
Info:                  rtl/pqc_rvv_cluster_2lane.sv:108.17-108.42
Info:                  /usr/bin/../share/yosys/ecp5/arith_map.v:34.26-34.27
Info:  0.4 30.8  Source lane0.bp_reg_TRELLIS_FF_Q_13_DI_PFUMX_Z_BLUT_LUT4_Z_D_LUT4_Z_1_B_LUT4_Z_1_D_CCU2C_COUT_S0_CCU2C_S0_5$CCU2_COMB1.FCO
Info:  0.0 30.8    Net lane0.bp_reg_TRELLIS_FF_Q_13_DI_PFUMX_Z_BLUT_LUT4_Z_D_LUT4_Z_1_B_LUT4_Z_1_D[11] budget 0.000000 ns (22,5) -> (22,5)
Info:                Sink lane0.bp_reg_TRELLIS_FF_Q_13_DI_PFUMX_Z_BLUT_LUT4_Z_D_LUT4_Z_1_B_LUT4_Z_1_D_CCU2C_COUT_S0_CCU2C_S0_4$CCU2_COMB0.FCI
Info:                Defined in:
Info:                  rtl/pqc_ntt_stage_banked.sv:105.85-114.4
Info:                  rtl/pqc_rvv_cluster_2lane.sv:110.16-110.27
Info:                  /usr/bin/../share/yosys/ecp5/arith_map.v:63.22-63.23
Info:  0.1 30.9  Source lane0.bp_reg_TRELLIS_FF_Q_13_DI_PFUMX_Z_BLUT_LUT4_Z_D_LUT4_Z_1_B_LUT4_Z_1_D_CCU2C_COUT_S0_CCU2C_S0_4$CCU2_COMB0.FCO
Info:  0.0 30.9    Net lane0.bp_reg_TRELLIS_FF_Q_13_DI_PFUMX_Z_BLUT_LUT4_Z_D_LUT4_Z_1_B_LUT4_Z_1_D_CCU2C_COUT_S0_CCU2C_S0_4$CCU2_FCI_INT budget 0.000000 ns (22,5) -> (22,5)
Info:                Sink lane0.bp_reg_TRELLIS_FF_Q_13_DI_PFUMX_Z_BLUT_LUT4_Z_D_LUT4_Z_1_B_LUT4_Z_1_D_CCU2C_COUT_S0_CCU2C_S0_4$CCU2_COMB1.FCI
Info:  0.0 30.9  Source lane0.bp_reg_TRELLIS_FF_Q_13_DI_PFUMX_Z_BLUT_LUT4_Z_D_LUT4_Z_1_B_LUT4_Z_1_D_CCU2C_COUT_S0_CCU2C_S0_4$CCU2_COMB1.FCO
Info:  0.0 30.9    Net $nextpnr_CCU2C_41$CIN budget 0.000000 ns (22,5) -> (23,5)
Info:                Sink $nextpnr_CCU2C_41$CCU2_COMB0.FCI
Info:  0.4 31.3  Source $nextpnr_CCU2C_41$CCU2_COMB0.F
Info:  0.8 32.1    Net lane0.bp_reg_TRELLIS_FF_Q_13_DI_PFUMX_Z_BLUT_LUT4_Z_D_LUT4_Z_1_B_LUT4_Z_1_D[13] budget 0.000000 ns (23,5) -> (23,5)
Info:                Sink $nextpnr_CCU2C_41$CCU2_COMB1.A
Info:                Defined in:
Info:                  rtl/pqc_ntt_stage_banked.sv:105.85-114.4
Info:                  rtl/pqc_rvv_cluster_2lane.sv:110.16-110.27
Info:                  /usr/bin/../share/yosys/ecp5/arith_map.v:63.22-63.23
Info:  0.4 32.6  Source $nextpnr_CCU2C_41$CCU2_COMB1.FCO
Info:  0.0 32.6    Net $nextpnr_CCU2C_41$COUT budget 0.000000 ns (23,5) -> (23,5)
Info:                Sink lane0.bp_reg_TRELLIS_FF_Q_13_DI_PFUMX_Z_BLUT_LUT4_Z_D_LUT4_Z_1_B_LUT4_Z_1_D_CCU2C_COUT$CCU2_COMB0.FCI
Info:  0.1 32.7  Source lane0.bp_reg_TRELLIS_FF_Q_13_DI_PFUMX_Z_BLUT_LUT4_Z_D_LUT4_Z_1_B_LUT4_Z_1_D_CCU2C_COUT$CCU2_COMB0.FCO
Info:  0.0 32.7    Net lane0.bp_reg_TRELLIS_FF_Q_13_DI_PFUMX_Z_BLUT_LUT4_Z_D_LUT4_Z_1_B_LUT4_Z_1_D_CCU2C_COUT$CCU2_FCI_INT budget 0.000000 ns (23,5) -> (23,5)
Info:                Sink lane0.bp_reg_TRELLIS_FF_Q_13_DI_PFUMX_Z_BLUT_LUT4_Z_D_LUT4_Z_1_B_LUT4_Z_1_D_CCU2C_COUT$CCU2_COMB1.FCI
Info:  0.4 33.1  Source lane0.bp_reg_TRELLIS_FF_Q_13_DI_PFUMX_Z_BLUT_LUT4_Z_D_LUT4_Z_1_B_LUT4_Z_1_D_CCU2C_COUT$CCU2_COMB1.F
Info:  0.6 33.7    Net lane0.bp_reg_TRELLIS_FF_Q_13_DI_PFUMX_Z_BLUT_LUT4_Z_D_LUT4_Z_1_B_LUT4_Z_1_D_CCU2C_COUT_S0[15] budget 0.000000 ns (23,5) -> (23,5)
Info:                Sink lane0.bp_reg_TRELLIS_FF_Q_13_DI_PFUMX_Z_BLUT_LUT4_Z_D_LUT4_Z_1_B_LUT4_Z_1.C
Info:                Defined in:
Info:                  rtl/pqc_ntt_stage_banked.sv:105.85-114.4
Info:                  rtl/pqc_rvv_cluster_2lane.sv:110.16-110.27
Info:                  /usr/bin/../share/yosys/ecp5/arith_map.v:34.26-34.27
Info:  0.2 33.9  Source lane0.bp_reg_TRELLIS_FF_Q_13_DI_PFUMX_Z_BLUT_LUT4_Z_D_LUT4_Z_1_B_LUT4_Z_1.F
Info:  1.3 35.2    Net lane0.bp_reg_TRELLIS_FF_Q_13_DI_PFUMX_Z_BLUT_LUT4_Z_D_LUT4_Z_1_B[4] budget 0.000000 ns (23,5) -> (27,3)
Info:                Sink lane0.bp_reg_TRELLIS_FF_Q_DI_PFUMX_Z_BLUT_LUT4_Z_D_LUT4_Z_1_D_PFUMX_Z_BLUT_LUT4_Z.M
Info:                Defined in:
Info:                  /usr/bin/../share/yosys/ecp5/cells_map.v:108.23-108.24
Info:  0.3 35.4  Source lane0.bp_reg_TRELLIS_FF_Q_DI_PFUMX_Z_BLUT_LUT4_Z_D_LUT4_Z_1_D_PFUMX_Z_BLUT_LUT4_Z.OFX
Info:  1.0 36.4    Net lane0.bp_reg_TRELLIS_FF_Q_DI_PFUMX_Z_BLUT_LUT4_Z_D_LUT4_Z_1_D[2] budget 0.000000 ns (27,3) -> (27,4)
Info:                Sink lane0.bp_reg_TRELLIS_FF_Q_13_DI_PFUMX_Z_BLUT_LUT4_Z_D_LUT4_Z_1.D
Info:                Defined in:
Info:                  /usr/bin/../share/yosys/ecp5/cells_map.v:108.23-108.24
Info:  0.2 36.6  Source lane0.bp_reg_TRELLIS_FF_Q_13_DI_PFUMX_Z_BLUT_LUT4_Z_D_LUT4_Z_1.F
Info:  0.6 37.3    Net lane0.bp_reg_TRELLIS_FF_Q_13_DI_PFUMX_Z_BLUT_LUT4_Z_D[1] budget 0.000000 ns (27,4) -> (27,4)
Info:                Sink lane0.bp_reg_TRELLIS_FF_Q_13_DI_PFUMX_Z_BLUT_LUT4_Z_D_LUT4_B.C
Info:                Defined in:
Info:                  /usr/bin/../share/yosys/ecp5/cells_map.v:108.23-108.24
Info:  0.2 37.5  Source lane0.bp_reg_TRELLIS_FF_Q_13_DI_PFUMX_Z_BLUT_LUT4_Z_D_LUT4_B.F
Info:  1.2 38.7    Net lane0.bp_reg_TRELLIS_FF_Q_DI_PFUMX_Z_BLUT_LUT4_Z_D_LUT4_B_Z[2] budget 0.000000 ns (27,4) -> (24,3)
Info:                Sink lane0.bp_reg_TRELLIS_FF_Q_6_DI_PFUMX_Z_BLUT_LUT4_Z_D_LUT4_Z_C_CCU2C_S0$CCU2_COMB0.B
Info:                Defined in:
Info:                  rtl/pqc_ntt_stage_banked.sv:105.85-114.4
Info:                  rtl/pqc_rvv_cluster_2lane.sv:118.11-118.16
Info:                  /usr/bin/../share/yosys/ecp5/arith_map.v:30.22-30.23
Info:  0.4 39.1  Source lane0.bp_reg_TRELLIS_FF_Q_6_DI_PFUMX_Z_BLUT_LUT4_Z_D_LUT4_Z_C_CCU2C_S0$CCU2_COMB0.FCO
Info:  0.0 39.1    Net lane0.bp_reg_TRELLIS_FF_Q_6_DI_PFUMX_Z_BLUT_LUT4_Z_D_LUT4_Z_C_CCU2C_S0$CCU2_FCI_INT budget 0.000000 ns (24,3) -> (24,3)
Info:                Sink lane0.bp_reg_TRELLIS_FF_Q_6_DI_PFUMX_Z_BLUT_LUT4_Z_D_LUT4_Z_C_CCU2C_S0$CCU2_COMB1.FCI
Info:  0.0 39.1  Source lane0.bp_reg_TRELLIS_FF_Q_6_DI_PFUMX_Z_BLUT_LUT4_Z_D_LUT4_Z_C_CCU2C_S0$CCU2_COMB1.FCO
Info:  0.0 39.1    Net lane0.bp_reg_TRELLIS_FF_Q_6_DI_PFUMX_Z_BLUT_LUT4_Z_D_LUT4_Z_C_CCU2C_S0_1_COUT[2] budget 0.000000 ns (24,3) -> (24,3)
Info:                Sink lane0.bp_reg_TRELLIS_FF_Q_6_DI_PFUMX_Z_BLUT_LUT4_Z_D_LUT4_Z_C_CCU2C_S1_S0_CCU2C_S0_1$CCU2_COMB0.FCI
Info:                Defined in:
Info:                  rtl/pqc_ntt_stage_banked.sv:105.85-114.4
Info:                  rtl/pqc_rvv_cluster_2lane.sv:127.11-127.50
Info:                  /usr/bin/../share/yosys/ecp5/arith_map.v:63.22-63.23
Info:  0.1 39.2  Source lane0.bp_reg_TRELLIS_FF_Q_6_DI_PFUMX_Z_BLUT_LUT4_Z_D_LUT4_Z_C_CCU2C_S1_S0_CCU2C_S0_1$CCU2_COMB0.FCO
Info:  0.0 39.2    Net lane0.bp_reg_TRELLIS_FF_Q_6_DI_PFUMX_Z_BLUT_LUT4_Z_D_LUT4_Z_C_CCU2C_S1_S0_CCU2C_S0_1$CCU2_FCI_INT budget 0.000000 ns (24,3) -> (24,3)
Info:                Sink lane0.bp_reg_TRELLIS_FF_Q_6_DI_PFUMX_Z_BLUT_LUT4_Z_D_LUT4_Z_C_CCU2C_S1_S0_CCU2C_S0_1$CCU2_COMB1.FCI
Info:  0.0 39.2  Source lane0.bp_reg_TRELLIS_FF_Q_6_DI_PFUMX_Z_BLUT_LUT4_Z_D_LUT4_Z_C_CCU2C_S1_S0_CCU2C_S0_1$CCU2_COMB1.FCO
Info:  0.0 39.2    Net lane0.bp_reg_TRELLIS_FF_Q_6_DI_PFUMX_Z_BLUT_LUT4_Z_D_LUT4_Z_C_CCU2C_S0_1_COUT[4] budget 0.000000 ns (24,3) -> (25,3)
Info:                Sink lane0.bp_reg_TRELLIS_FF_Q_6_DI_PFUMX_Z_BLUT_LUT4_Z_D_LUT4_Z_C_CCU2C_S1_S0_CCU2C_S0$CCU2_COMB0.FCI
Info:                Defined in:
Info:                  rtl/pqc_ntt_stage_banked.sv:105.85-114.4
Info:                  rtl/pqc_rvv_cluster_2lane.sv:127.11-127.50
Info:                  /usr/bin/../share/yosys/ecp5/arith_map.v:63.22-63.23
Info:  0.1 39.3  Source lane0.bp_reg_TRELLIS_FF_Q_6_DI_PFUMX_Z_BLUT_LUT4_Z_D_LUT4_Z_C_CCU2C_S1_S0_CCU2C_S0$CCU2_COMB0.FCO
Info:  0.0 39.3    Net lane0.bp_reg_TRELLIS_FF_Q_6_DI_PFUMX_Z_BLUT_LUT4_Z_D_LUT4_Z_C_CCU2C_S1_S0_CCU2C_S0$CCU2_FCI_INT budget 0.000000 ns (25,3) -> (25,3)
Info:                Sink lane0.bp_reg_TRELLIS_FF_Q_6_DI_PFUMX_Z_BLUT_LUT4_Z_D_LUT4_Z_C_CCU2C_S1_S0_CCU2C_S0$CCU2_COMB1.FCI
Info:  0.0 39.3  Source lane0.bp_reg_TRELLIS_FF_Q_6_DI_PFUMX_Z_BLUT_LUT4_Z_D_LUT4_Z_C_CCU2C_S1_S0_CCU2C_S0$CCU2_COMB1.FCO
Info:  0.0 39.3    Net lane0.bp_reg_TRELLIS_FF_Q_6_DI_PFUMX_Z_BLUT_LUT4_Z_D_LUT4_Z_C_CCU2C_S0_1_COUT[6] budget 0.000000 ns (25,3) -> (25,3)
Info:                Sink lane0.bp_reg_TRELLIS_FF_Q_6_DI_PFUMX_Z_BLUT_LUT4_Z_D_LUT4_Z_C_CCU2C_S1$CCU2_COMB0.FCI
Info:                Defined in:
Info:                  rtl/pqc_ntt_stage_banked.sv:105.85-114.4
Info:                  rtl/pqc_rvv_cluster_2lane.sv:127.11-127.50
Info:                  /usr/bin/../share/yosys/ecp5/arith_map.v:63.22-63.23
Info:  0.4 39.7  Source lane0.bp_reg_TRELLIS_FF_Q_6_DI_PFUMX_Z_BLUT_LUT4_Z_D_LUT4_Z_C_CCU2C_S1$CCU2_COMB0.F
Info:  1.3 41.0    Net lane0.bp_reg_TRELLIS_FF_Q_6_DI_PFUMX_Z_BLUT_LUT4_Z_D_LUT4_Z_C_CCU2C_S1_S0[8] budget 0.000000 ns (25,3) -> (24,4)
Info:                Sink lane0.bp_reg_TRELLIS_FF_Q_6_DI_PFUMX_Z_BLUT_LUT4_Z_D_LUT4_Z_C_CCU2C_B1_2$CCU2_COMB0.B
Info:                Defined in:
Info:                  /usr/bin/../share/yosys/ecp5/cells_map.v:108.23-108.24
Info:  0.4 41.5  Source lane0.bp_reg_TRELLIS_FF_Q_6_DI_PFUMX_Z_BLUT_LUT4_Z_D_LUT4_Z_C_CCU2C_B1_2$CCU2_COMB0.FCO
Info:  0.0 41.5    Net lane0.bp_reg_TRELLIS_FF_Q_6_DI_PFUMX_Z_BLUT_LUT4_Z_D_LUT4_Z_C_CCU2C_B1_2$CCU2_FCI_INT budget 0.000000 ns (24,4) -> (24,4)
Info:                Sink lane0.bp_reg_TRELLIS_FF_Q_6_DI_PFUMX_Z_BLUT_LUT4_Z_D_LUT4_Z_C_CCU2C_B1_2$CCU2_COMB1.FCI
Info:  0.0 41.5  Source lane0.bp_reg_TRELLIS_FF_Q_6_DI_PFUMX_Z_BLUT_LUT4_Z_D_LUT4_Z_C_CCU2C_B1_2$CCU2_COMB1.FCO
Info:  0.0 41.5    Net lane0.bp_reg_TRELLIS_FF_Q_6_DI_PFUMX_Z_BLUT_LUT4_Z_D_LUT4_Z_C_CCU2C_B0_2_COUT[8] budget 0.000000 ns (24,4) -> (24,4)
Info:                Sink lane0.bp_reg_TRELLIS_FF_Q_6_DI_PFUMX_Z_BLUT_LUT4_Z_D_LUT4_Z_C_CCU2C_B1_3$CCU2_COMB0.FCI
Info:                Defined in:
Info:                  rtl/pqc_ntt_stage_banked.sv:105.85-114.4
Info:                  rtl/pqc_rvv_cluster_2lane.sv:128.11-128.16
Info:                  /usr/bin/../share/yosys/ecp5/arith_map.v:63.22-63.23
Info:  0.1 41.6  Source lane0.bp_reg_TRELLIS_FF_Q_6_DI_PFUMX_Z_BLUT_LUT4_Z_D_LUT4_Z_C_CCU2C_B1_3$CCU2_COMB0.FCO
Info:  0.0 41.6    Net lane0.bp_reg_TRELLIS_FF_Q_6_DI_PFUMX_Z_BLUT_LUT4_Z_D_LUT4_Z_C_CCU2C_B1_3$CCU2_FCI_INT budget 0.000000 ns (24,4) -> (24,4)
Info:                Sink lane0.bp_reg_TRELLIS_FF_Q_6_DI_PFUMX_Z_BLUT_LUT4_Z_D_LUT4_Z_C_CCU2C_B1_3$CCU2_COMB1.FCI
Info:  0.0 41.6  Source lane0.bp_reg_TRELLIS_FF_Q_6_DI_PFUMX_Z_BLUT_LUT4_Z_D_LUT4_Z_C_CCU2C_B1_3$CCU2_COMB1.FCO
Info:  0.0 41.6    Net lane0.bp_reg_TRELLIS_FF_Q_6_DI_PFUMX_Z_BLUT_LUT4_Z_D_LUT4_Z_C_CCU2C_B0_2_COUT[10] budget 0.000000 ns (24,4) -> (24,4)
Info:                Sink lane0.bp_reg_TRELLIS_FF_Q_DI_PFUMX_Z_BLUT_LUT4_Z_D_LUT4_Z_D_LUT4_Z_D_CCU2C_S0_3$CCU2_COMB0.FCI
Info:                Defined in:
Info:                  rtl/pqc_ntt_stage_banked.sv:105.85-114.4
Info:                  rtl/pqc_rvv_cluster_2lane.sv:128.11-128.16
Info:                  /usr/bin/../share/yosys/ecp5/arith_map.v:63.22-63.23
Info:  0.1 41.6  Source lane0.bp_reg_TRELLIS_FF_Q_DI_PFUMX_Z_BLUT_LUT4_Z_D_LUT4_Z_D_LUT4_Z_D_CCU2C_S0_3$CCU2_COMB0.FCO
Info:  0.0 41.6    Net lane0.bp_reg_TRELLIS_FF_Q_DI_PFUMX_Z_BLUT_LUT4_Z_D_LUT4_Z_D_LUT4_Z_D_CCU2C_S0_3$CCU2_FCI_INT budget 0.000000 ns (24,4) -> (24,4)
Info:                Sink lane0.bp_reg_TRELLIS_FF_Q_DI_PFUMX_Z_BLUT_LUT4_Z_D_LUT4_Z_D_LUT4_Z_D_CCU2C_S0_3$CCU2_COMB1.FCI
Info:  0.0 41.6  Source lane0.bp_reg_TRELLIS_FF_Q_DI_PFUMX_Z_BLUT_LUT4_Z_D_LUT4_Z_D_LUT4_Z_D_CCU2C_S0_3$CCU2_COMB1.FCO
Info:  0.0 41.6    Net lane0.bp_reg_TRELLIS_FF_Q_6_DI_PFUMX_Z_BLUT_LUT4_Z_D_LUT4_Z_C_CCU2C_B0_2_COUT[12] budget 0.000000 ns (24,4) -> (25,4)
Info:                Sink lane0.bp_reg_TRELLIS_FF_Q_DI_PFUMX_Z_BLUT_LUT4_Z_D_LUT4_Z_D_LUT4_Z_D_CCU2C_S0_2$CCU2_COMB0.FCI
Info:                Defined in:
Info:                  rtl/pqc_ntt_stage_banked.sv:105.85-114.4
Info:                  rtl/pqc_rvv_cluster_2lane.sv:128.11-128.16
Info:                  /usr/bin/../share/yosys/ecp5/arith_map.v:63.22-63.23
Info:  0.1 41.7  Source lane0.bp_reg_TRELLIS_FF_Q_DI_PFUMX_Z_BLUT_LUT4_Z_D_LUT4_Z_D_LUT4_Z_D_CCU2C_S0_2$CCU2_COMB0.FCO
Info:  0.0 41.7    Net lane0.bp_reg_TRELLIS_FF_Q_DI_PFUMX_Z_BLUT_LUT4_Z_D_LUT4_Z_D_LUT4_Z_D_CCU2C_S0_2$CCU2_FCI_INT budget 0.000000 ns (25,4) -> (25,4)
Info:                Sink lane0.bp_reg_TRELLIS_FF_Q_DI_PFUMX_Z_BLUT_LUT4_Z_D_LUT4_Z_D_LUT4_Z_D_CCU2C_S0_2$CCU2_COMB1.FCI
Info:  0.0 41.7  Source lane0.bp_reg_TRELLIS_FF_Q_DI_PFUMX_Z_BLUT_LUT4_Z_D_LUT4_Z_D_LUT4_Z_D_CCU2C_S0_2$CCU2_COMB1.FCO
Info:  0.0 41.7    Net $nextpnr_CCU2C_19$CIN budget 0.000000 ns (25,4) -> (25,4)
Info:                Sink $nextpnr_CCU2C_19$CCU2_COMB0.FCI
Info:  0.4 42.1  Source $nextpnr_CCU2C_19$CCU2_COMB0.F
Info:  0.8 43.0    Net lane0.bp_reg_TRELLIS_FF_Q_6_DI_PFUMX_Z_BLUT_LUT4_Z_D_LUT4_Z_C_CCU2C_B0_2_COUT[14] budget 25.622000 ns (25,4) -> (25,4)
Info:                Sink $nextpnr_CCU2C_19$CCU2_COMB1.A
Info:                Defined in:
Info:                  /usr/bin/../share/yosys/ecp5/cells_map.v:108.23-108.24
Info:  0.4 43.4  Source $nextpnr_CCU2C_19$CCU2_COMB1.FCO
Info:  0.0 43.4    Net $nextpnr_CCU2C_19$COUT budget 0.000000 ns (25,4) -> (25,4)
Info:                Sink lane0.bp_reg_TRELLIS_FF_Q_6_DI_PFUMX_Z_BLUT_LUT4_Z_D_LUT4_Z_C_CCU2C_B0_2$CCU2_COMB0.FCI
Info:  0.4 43.9  Source lane0.bp_reg_TRELLIS_FF_Q_6_DI_PFUMX_Z_BLUT_LUT4_Z_D_LUT4_Z_C_CCU2C_B0_2$CCU2_COMB0.F
Info:  0.5 44.4    Net lane0.bp_reg_TRELLIS_FF_Q_DI_PFUMX_Z_BLUT_LUT4_Z_D_LUT4_Z_D_LUT4_Z_C[3] budget 25.622000 ns (25,4) -> (26,2)
Info:                Sink lane0.bp_reg_TRELLIS_FF_Q_DI_PFUMX_Z_BLUT_LUT4_Z_D_LUT4_Z_D_LUT4_Z.D
Info:                Defined in:
Info:                  rtl/pqc_ntt_stage_banked.sv:105.85-114.4
Info:                  rtl/pqc_rvv_cluster_2lane.sv:128.11-128.16
Info:                  /usr/bin/../share/yosys/ecp5/arith_map.v:34.26-34.27
Info:  0.2 44.6  Source lane0.bp_reg_TRELLIS_FF_Q_DI_PFUMX_Z_BLUT_LUT4_Z_D_LUT4_Z_D_LUT4_Z.F
Info:  1.2 45.8    Net lane0.bp_reg_TRELLIS_FF_Q_DI_PFUMX_Z_BLUT_LUT4_Z_D_LUT4_Z_D[2] budget 2.440000 ns (26,2) -> (30,2)
Info:                Sink lane0.bp_reg_TRELLIS_FF_Q_2_DI_PFUMX_Z_BLUT_LUT4_Z_D_LUT4_Z.D
Info:                Defined in:
Info:                  /usr/bin/../share/yosys/ecp5/cells_map.v:108.23-108.24
Info:  0.2 46.0  Source lane0.bp_reg_TRELLIS_FF_Q_2_DI_PFUMX_Z_BLUT_LUT4_Z_D_LUT4_Z.F
Info:  0.6 46.7    Net lane0.bp_reg_TRELLIS_FF_Q_2_DI_PFUMX_Z_BLUT_LUT4_Z_D[2] budget 2.440000 ns (30,2) -> (30,2)
Info:                Sink lane0.bp_reg_TRELLIS_FF_Q_2_DI_PFUMX_Z_BLUT_LUT4_Z.D
Info:                Defined in:
Info:                  /usr/bin/../share/yosys/ecp5/cells_map.v:108.23-108.24
Info:  0.4 47.1  Source lane0.bp_reg_TRELLIS_FF_Q_2_DI_PFUMX_Z_BLUT_LUT4_Z.OFX
Info:  0.5 47.5    Net lane0.bp_reg_TRELLIS_FF_Q_2_DI budget 2.440000 ns (30,2) -> (30,2)
Info:                Sink lane0.bp_reg_TRELLIS_FF_Q_2.M
Info:  0.0 47.5  Setup lane0.bp_reg_TRELLIS_FF_Q_2.M
Info: 24.5 ns logic, 23.0 ns routing

Info: Critical path report for cross-domain path '<async>' -> '<async>':
Info: curr total
Info:  0.0  0.0  Source base_addr_lane0[0]$tr_io.O
Info:  3.4  3.4    Net base_addr_lane0[0]$TRELLIS_IO_IN budget 4.774000 ns (72,11) -> (37,4)
Info:                Sink addr_a0_CCU2C_S0_3$CCU2_COMB0.B
Info:                Defined in:
Info:                  rtl/pqc_ntt_stage_banked.sv:105.85-114.4
Info:                  rtl/pqc_rvv_cluster_2lane.sv:39.32-39.41
Info:  0.4  3.8  Source addr_a0_CCU2C_S0_3$CCU2_COMB0.FCO
Info:  0.0  3.8    Net addr_a0_CCU2C_S0_3$CCU2_FCI_INT budget 0.000000 ns (37,4) -> (37,4)
Info:                Sink addr_a0_CCU2C_S0_3$CCU2_COMB1.FCI
Info:  0.0  3.8  Source addr_a0_CCU2C_S0_3$CCU2_COMB1.FCO
Info:  0.0  3.8    Net addr_a0_CCU2C_S0_3_COUT[2] budget 0.000000 ns (37,4) -> (37,4)
Info:                Sink addr_a0_CCU2C_S0_2$CCU2_COMB0.FCI
Info:                Defined in:
Info:                  rtl/pqc_ntt_stage_banked.sv:105.85-114.4
Info:                  rtl/pqc_rvv_cluster_2lane.sv:86.24-86.48
Info:                  /usr/bin/../share/yosys/ecp5/arith_map.v:38.23-38.25
Info:  0.1  3.9  Source addr_a0_CCU2C_S0_2$CCU2_COMB0.FCO
Info:  0.0  3.9    Net addr_a0_CCU2C_S0_2$CCU2_FCI_INT budget 0.000000 ns (37,4) -> (37,4)
Info:                Sink addr_a0_CCU2C_S0_2$CCU2_COMB1.FCI
Info:  0.0  3.9  Source addr_a0_CCU2C_S0_2$CCU2_COMB1.FCO
Info:  0.0  3.9    Net addr_a0_CCU2C_S0_3_COUT[4] budget 0.000000 ns (37,4) -> (37,4)
Info:                Sink addr_a0_CCU2C_S0_1$CCU2_COMB0.FCI
Info:                Defined in:
Info:                  rtl/pqc_ntt_stage_banked.sv:105.85-114.4
Info:                  rtl/pqc_rvv_cluster_2lane.sv:86.24-86.48
Info:                  /usr/bin/../share/yosys/ecp5/arith_map.v:38.23-38.25
Info:  0.4  4.3  Source addr_a0_CCU2C_S0_1$CCU2_COMB0.F
Info:  0.9  5.3    Net addr_a0[4] budget 0.000000 ns (37,4) -> (37,5)
Info:                Sink addr_b0_CCU2C_S0_1$CCU2_COMB0.A
Info:                Defined in:
Info:                  rtl/pqc_ntt_stage_banked.sv:127.53-127.58
Info:  0.4  5.7  Source addr_b0_CCU2C_S0_1$CCU2_COMB0.FCO
Info:  0.0  5.7    Net addr_b0_CCU2C_S0_1$CCU2_FCI_INT budget 0.000000 ns (37,5) -> (37,5)
Info:                Sink addr_b0_CCU2C_S0_1$CCU2_COMB1.FCI
Info:  0.4  6.1  Source addr_b0_CCU2C_S0_1$CCU2_COMB1.F
Info:  1.1  7.2    Net addr_b0[5] budget 0.000000 ns (37,5) -> (35,5)
Info:                Sink g_write_arbitrated.waddr2_arb_L6MUX21_Z_D0_PFUMX_Z_BLUT_LUT4_Z_C_LUT4_Z_1_C_LUT4_Z_A_LUT4_B_Z_L6MUX21_Z_1_D0_L6MUX21_Z_D1_PFUMX_Z_BLUT_LUT4_Z.D
Info:                Defined in:
Info:                  rtl/pqc_ntt_stage_banked.sv:128.53-128.58
Info:  0.4  7.6  Source g_write_arbitrated.waddr2_arb_L6MUX21_Z_D0_PFUMX_Z_BLUT_LUT4_Z_C_LUT4_Z_1_C_LUT4_Z_A_LUT4_B_Z_L6MUX21_Z_1_D0_L6MUX21_Z_D1_PFUMX_Z_BLUT_LUT4_Z.OFX
Info:  0.0  7.6    Net g_write_arbitrated.waddr2_arb_L6MUX21_Z_D0_PFUMX_Z_BLUT_LUT4_Z_C_LUT4_Z_1_C_LUT4_Z_A_LUT4_B_Z_L6MUX21_Z_1_D0_L6MUX21_Z_D1 budget 0.000000 ns (35,5) -> (35,5)
Info:                Sink g_write_arbitrated.waddr2_arb_L6MUX21_Z_D0_PFUMX_Z_BLUT_LUT4_Z_C_LUT4_Z_1_C_LUT4_Z_A_LUT4_B_Z_L6MUX21_Z_1_D0_L6MUX21_Z_D1_PFUMX_Z_ALUT_LUT4_Z.FXB
Info:                Defined in:
Info:                  /usr/bin/../share/yosys/ecp5/cells_map.v:157.54-157.56
Info:  0.2  7.9  Source g_write_arbitrated.waddr2_arb_L6MUX21_Z_D0_PFUMX_Z_BLUT_LUT4_Z_C_LUT4_Z_1_C_LUT4_Z_A_LUT4_B_Z_L6MUX21_Z_1_D0_L6MUX21_Z_D1_PFUMX_Z_ALUT_LUT4_Z.OFX
Info:  0.0  7.9    Net g_write_arbitrated.waddr2_arb_L6MUX21_Z_D0_PFUMX_Z_BLUT_LUT4_Z_C_LUT4_Z_1_C_LUT4_Z_A_LUT4_B_Z_L6MUX21_Z_1_D0 budget 0.000000 ns (35,5) -> (35,5)
Info:                Sink g_write_arbitrated.waddr2_arb_L6MUX21_Z_D0_PFUMX_Z_BLUT_LUT4_Z_C_LUT4_Z_1_C_LUT4_Z_A_LUT4_B_Z_L6MUX21_Z_1_D1_L6MUX21_Z_D0_PFUMX_Z_ALUT_LUT4_Z.FXA
Info:                Defined in:
Info:                  /usr/bin/../share/yosys/ecp5/cells_map.v:157.66-157.68
Info:  0.2  8.1  Source g_write_arbitrated.waddr2_arb_L6MUX21_Z_D0_PFUMX_Z_BLUT_LUT4_Z_C_LUT4_Z_1_C_LUT4_Z_A_LUT4_B_Z_L6MUX21_Z_1_D1_L6MUX21_Z_D0_PFUMX_Z_ALUT_LUT4_Z.OFX
Info:  1.3  9.4    Net g_write_arbitrated.waddr0_arb_L6MUX21_Z_D0_PFUMX_Z_BLUT_LUT4_Z_C_LUT4_Z_1_C[0] budget 9.890000 ns (35,5) -> (37,7)
Info:                Sink bank_conflict_detected_LUT4_Z_A_PFUMX_Z_C0_LUT4_Z.C
Info:                Defined in:
Info:                  /usr/bin/../share/yosys/ecp5/cells_map.v:108.23-108.24
Info:  0.2  9.6  Source bank_conflict_detected_LUT4_Z_A_PFUMX_Z_C0_LUT4_Z.F
Info:  0.6 10.2    Net bank_conflict_detected_LUT4_Z_A_PFUMX_Z_C0[0] budget 9.890000 ns (37,7) -> (37,7)
Info:                Sink bank_conflict_detected_LUT4_Z_A_PFUMX_Z_C0_LUT4_Z_1.A
Info:                Defined in:
Info:                  /usr/bin/../share/yosys/ecp5/cells_map.v:108.23-108.24
Info:  0.2 10.5  Source bank_conflict_detected_LUT4_Z_A_PFUMX_Z_C0_LUT4_Z_1.F
Info:  0.4 10.9    Net bank_conflict_detected_LUT4_Z_A_PFUMX_Z_C0[4] budget 9.889000 ns (37,7) -> (37,7)
Info:                Sink bank_conflict_detected_LUT4_Z_A_PFUMX_Z_BLUT_LUT4_Z.M
Info:                Defined in:
Info:                  /usr/bin/../share/yosys/ecp5/cells_map.v:108.23-108.24
Info:  0.3 11.1  Source bank_conflict_detected_LUT4_Z_A_PFUMX_Z_BLUT_LUT4_Z.OFX
Info:  1.1 12.2    Net bank_conflict_detected_LUT4_Z_A[1] budget 9.889000 ns (37,7) -> (34,7)
Info:                Sink bank_conflict_detected_LUT4_Z.B
Info:                Defined in:
Info:                  /usr/bin/../share/yosys/ecp5/cells_map.v:108.23-108.24
Info:  0.2 12.4  Source bank_conflict_detected_LUT4_Z.F
Info:  4.3 16.7    Net bank_conflict_detected$TRELLIS_IO_OUT budget 9.889000 ns (34,7) -> (11,50)
Info:                Sink bank_conflict_detected$tr_io.I
Info:                Defined in:
Info:                  rtl/pqc_ntt_stage_banked.sv:132.9-132.22
Info: 3.7 ns logic, 13.1 ns routing

Info: Critical path report for cross-domain path '<async>' -> 'posedge $glbnet$clk$TRELLIS_IO_IN':
Info: curr total
Info:  0.0  0.0  Source zeta_lane0[1]$tr_io.O
Info:  4.0  4.0    Net zeta_lane0[1]$TRELLIS_IO_IN budget 0.000000 ns (72,14) -> (14,13)
Info:                Sink zeta_lane0_MULT18X18D_B0.B1
Info:                Defined in:
Info:                  rtl/pqc_ntt_stage_banked.sv:56.32-56.42
Info:  3.9  7.9  Source zeta_lane0_MULT18X18D_B0.P12
Info:  1.5  9.4    Net zeta_lane0_MULT18X18D_B0_P0[12] budget 0.000000 ns (14,13) -> (17,13)
Info:                Sink lane0.bp_reg_TRELLIS_FF_Q_DI_PFUMX_Z_BLUT_LUT4_Z_D_LUT4_Z_1_B_CCU2C_S0_B0_MULT18X18D_P0_A0_MULT18X18D_P0.A12
Info:                Defined in:
Info:                  rtl/pqc_ntt_stage_banked.sv:105.85-114.4
Info:                  rtl/pqc_rvv_cluster_2lane.sv:108.17-108.42
Info:                  /usr/bin/../share/yosys/ecp5/arith_map.v:30.22-30.23
Info:  3.9 13.3  Source lane0.bp_reg_TRELLIS_FF_Q_DI_PFUMX_Z_BLUT_LUT4_Z_D_LUT4_Z_1_B_CCU2C_S0_B0_MULT18X18D_P0_A0_MULT18X18D_P0.P2
Info:  1.2 14.5    Net lane0.bp_reg_TRELLIS_FF_Q_DI_PFUMX_Z_BLUT_LUT4_Z_D_LUT4_Z_1_B_CCU2C_S0_B0_MULT18X18D_P0_A0[2] budget 0.000000 ns (17,13) -> (18,13)
Info:                Sink lane0.bp_reg_TRELLIS_FF_Q_DI_PFUMX_Z_BLUT_LUT4_Z_D_LUT4_Z_1_B_CCU2C_S0_B0_MULT18X18D_P0.A2
Info:                Defined in:
Info:                  /usr/bin/../share/yosys/mul2dsp.v:65.23-65.24
Info:  3.9 18.4  Source lane0.bp_reg_TRELLIS_FF_Q_DI_PFUMX_Z_BLUT_LUT4_Z_D_LUT4_Z_1_B_CCU2C_S0_B0_MULT18X18D_P0.P2
Info:  1.8 20.2    Net lane0.bp_reg_TRELLIS_FF_Q_DI_PFUMX_Z_BLUT_LUT4_Z_D_LUT4_Z_1_B_CCU2C_S0_B0[2] budget 0.000000 ns (18,13) -> (17,4)
Info:                Sink lane0.bp_reg_TRELLIS_FF_Q_DI_PFUMX_Z_BLUT_LUT4_Z_D_LUT4_Z_1_B_CCU2C_S0_1_COUT_CCU2C_COUT_3$CCU2_COMB0.B
Info:                Defined in:
Info:                  rtl/pqc_ntt_stage_banked.sv:105.85-114.4
Info:                  rtl/pqc_rvv_cluster_2lane.sv:108.17-108.42
Info:                  /usr/bin/../share/yosys/ecp5/arith_map.v:32.22-32.23
Info:  0.4 20.6  Source lane0.bp_reg_TRELLIS_FF_Q_DI_PFUMX_Z_BLUT_LUT4_Z_D_LUT4_Z_1_B_CCU2C_S0_1_COUT_CCU2C_COUT_3$CCU2_COMB0.FCO
Info:  0.0 20.6    Net lane0.bp_reg_TRELLIS_FF_Q_DI_PFUMX_Z_BLUT_LUT4_Z_D_LUT4_Z_1_B_CCU2C_S0_1_COUT_CCU2C_COUT_3$CCU2_FCI_INT budget 0.000000 ns (17,4) -> (17,4)
Info:                Sink lane0.bp_reg_TRELLIS_FF_Q_DI_PFUMX_Z_BLUT_LUT4_Z_D_LUT4_Z_1_B_CCU2C_S0_1_COUT_CCU2C_COUT_3$CCU2_COMB1.FCI
Info:  0.0 20.6  Source lane0.bp_reg_TRELLIS_FF_Q_DI_PFUMX_Z_BLUT_LUT4_Z_D_LUT4_Z_1_B_CCU2C_S0_1_COUT_CCU2C_COUT_3$CCU2_COMB1.FCO
Info:  0.0 20.6    Net lane0.bp_reg_TRELLIS_FF_Q_DI_PFUMX_Z_BLUT_LUT4_Z_D_LUT4_Z_1_B_CCU2C_S0_1_COUT[4] budget 0.000000 ns (17,4) -> (17,4)
Info:                Sink lane0.bp_reg_TRELLIS_FF_Q_DI_PFUMX_Z_BLUT_LUT4_Z_D_LUT4_Z_1_B_CCU2C_S0_1_COUT_CCU2C_COUT_2$CCU2_COMB0.FCI
Info:                Defined in:
Info:                  rtl/pqc_ntt_stage_banked.sv:105.85-114.4
Info:                  rtl/pqc_rvv_cluster_2lane.sv:108.17-108.42
Info:                  /usr/bin/../share/yosys/ecp5/arith_map.v:65.22-65.25
Info:  0.1 20.7  Source lane0.bp_reg_TRELLIS_FF_Q_DI_PFUMX_Z_BLUT_LUT4_Z_D_LUT4_Z_1_B_CCU2C_S0_1_COUT_CCU2C_COUT_2$CCU2_COMB0.FCO
Info:  0.0 20.7    Net lane0.bp_reg_TRELLIS_FF_Q_DI_PFUMX_Z_BLUT_LUT4_Z_D_LUT4_Z_1_B_CCU2C_S0_1_COUT_CCU2C_COUT_2$CCU2_FCI_INT budget 0.000000 ns (17,4) -> (17,4)
Info:                Sink lane0.bp_reg_TRELLIS_FF_Q_DI_PFUMX_Z_BLUT_LUT4_Z_D_LUT4_Z_1_B_CCU2C_S0_1_COUT_CCU2C_COUT_2$CCU2_COMB1.FCI
Info:  0.0 20.7  Source lane0.bp_reg_TRELLIS_FF_Q_DI_PFUMX_Z_BLUT_LUT4_Z_D_LUT4_Z_1_B_CCU2C_S0_1_COUT_CCU2C_COUT_2$CCU2_COMB1.FCO
Info:  0.0 20.7    Net lane0.bp_reg_TRELLIS_FF_Q_DI_PFUMX_Z_BLUT_LUT4_Z_D_LUT4_Z_1_B_CCU2C_S0_1_COUT[6] budget 0.000000 ns (17,4) -> (18,4)
Info:                Sink lane0.bp_reg_TRELLIS_FF_Q_DI_PFUMX_Z_BLUT_LUT4_Z_D_LUT4_Z_1_B_CCU2C_S0_1_COUT_CCU2C_COUT_1$CCU2_COMB0.FCI
Info:                Defined in:
Info:                  rtl/pqc_ntt_stage_banked.sv:105.85-114.4
Info:                  rtl/pqc_rvv_cluster_2lane.sv:108.17-108.42
Info:                  /usr/bin/../share/yosys/ecp5/arith_map.v:65.22-65.25
Info:  0.1 20.8  Source lane0.bp_reg_TRELLIS_FF_Q_DI_PFUMX_Z_BLUT_LUT4_Z_D_LUT4_Z_1_B_CCU2C_S0_1_COUT_CCU2C_COUT_1$CCU2_COMB0.FCO
Info:  0.0 20.8    Net lane0.bp_reg_TRELLIS_FF_Q_DI_PFUMX_Z_BLUT_LUT4_Z_D_LUT4_Z_1_B_CCU2C_S0_1_COUT_CCU2C_COUT_1$CCU2_FCI_INT budget 0.000000 ns (18,4) -> (18,4)
Info:                Sink lane0.bp_reg_TRELLIS_FF_Q_DI_PFUMX_Z_BLUT_LUT4_Z_D_LUT4_Z_1_B_CCU2C_S0_1_COUT_CCU2C_COUT_1$CCU2_COMB1.FCI
Info:  0.0 20.8  Source lane0.bp_reg_TRELLIS_FF_Q_DI_PFUMX_Z_BLUT_LUT4_Z_D_LUT4_Z_1_B_CCU2C_S0_1_COUT_CCU2C_COUT_1$CCU2_COMB1.FCO
Info:  0.0 20.8    Net lane0.bp_reg_TRELLIS_FF_Q_DI_PFUMX_Z_BLUT_LUT4_Z_D_LUT4_Z_1_B_CCU2C_S0_1_COUT[8] budget 0.000000 ns (18,4) -> (18,4)
Info:                Sink lane0.bp_reg_TRELLIS_FF_Q_DI_PFUMX_Z_BLUT_LUT4_Z_D_LUT4_Z_1_B_CCU2C_S0_1_COUT_CCU2C_COUT$CCU2_COMB0.FCI
Info:                Defined in:
Info:                  rtl/pqc_ntt_stage_banked.sv:105.85-114.4
Info:                  rtl/pqc_rvv_cluster_2lane.sv:108.17-108.42
Info:                  /usr/bin/../share/yosys/ecp5/arith_map.v:65.22-65.25
Info:  0.1 20.8  Source lane0.bp_reg_TRELLIS_FF_Q_DI_PFUMX_Z_BLUT_LUT4_Z_D_LUT4_Z_1_B_CCU2C_S0_1_COUT_CCU2C_COUT$CCU2_COMB0.FCO
Info:  0.0 20.8    Net lane0.bp_reg_TRELLIS_FF_Q_DI_PFUMX_Z_BLUT_LUT4_Z_D_LUT4_Z_1_B_CCU2C_S0_1_COUT_CCU2C_COUT$CCU2_FCI_INT budget 0.000000 ns (18,4) -> (18,4)
Info:                Sink lane0.bp_reg_TRELLIS_FF_Q_DI_PFUMX_Z_BLUT_LUT4_Z_D_LUT4_Z_1_B_CCU2C_S0_1_COUT_CCU2C_COUT$CCU2_COMB1.FCI
Info:  0.0 20.8  Source lane0.bp_reg_TRELLIS_FF_Q_DI_PFUMX_Z_BLUT_LUT4_Z_D_LUT4_Z_1_B_CCU2C_S0_1_COUT_CCU2C_COUT$CCU2_COMB1.FCO
Info:  0.0 20.8    Net lane0.bp_reg_TRELLIS_FF_Q_DI_PFUMX_Z_BLUT_LUT4_Z_D_LUT4_Z_1_B_CCU2C_S0_1_COUT[10] budget 0.000000 ns (18,4) -> (18,4)
Info:                Sink lane0.bp_reg_TRELLIS_FF_Q_DI_PFUMX_Z_BLUT_LUT4_Z_D_LUT4_Z_1_B_CCU2C_S0_1_COUT_CCU2C_COUT_12$CCU2_COMB0.FCI
Info:                Defined in:
Info:                  rtl/pqc_ntt_stage_banked.sv:105.85-114.4
Info:                  rtl/pqc_rvv_cluster_2lane.sv:108.17-108.42
Info:                  /usr/bin/../share/yosys/ecp5/arith_map.v:65.22-65.25
Info:  0.1 20.9  Source lane0.bp_reg_TRELLIS_FF_Q_DI_PFUMX_Z_BLUT_LUT4_Z_D_LUT4_Z_1_B_CCU2C_S0_1_COUT_CCU2C_COUT_12$CCU2_COMB0.FCO
Info:  0.0 20.9    Net lane0.bp_reg_TRELLIS_FF_Q_DI_PFUMX_Z_BLUT_LUT4_Z_D_LUT4_Z_1_B_CCU2C_S0_1_COUT_CCU2C_COUT_12$CCU2_FCI_INT budget 0.000000 ns (18,4) -> (18,4)
Info:                Sink lane0.bp_reg_TRELLIS_FF_Q_DI_PFUMX_Z_BLUT_LUT4_Z_D_LUT4_Z_1_B_CCU2C_S0_1_COUT_CCU2C_COUT_12$CCU2_COMB1.FCI
Info:  0.0 20.9  Source lane0.bp_reg_TRELLIS_FF_Q_DI_PFUMX_Z_BLUT_LUT4_Z_D_LUT4_Z_1_B_CCU2C_S0_1_COUT_CCU2C_COUT_12$CCU2_COMB1.FCO
Info:  0.0 20.9    Net lane0.bp_reg_TRELLIS_FF_Q_DI_PFUMX_Z_BLUT_LUT4_Z_D_LUT4_Z_1_B_CCU2C_S0_1_COUT[12] budget 0.000000 ns (18,4) -> (18,4)
Info:                Sink lane0.bp_reg_TRELLIS_FF_Q_DI_PFUMX_Z_BLUT_LUT4_Z_D_LUT4_Z_1_B_CCU2C_S0_1_COUT_CCU2C_COUT_11$CCU2_COMB0.FCI
Info:                Defined in:
Info:                  rtl/pqc_ntt_stage_banked.sv:105.85-114.4
Info:                  rtl/pqc_rvv_cluster_2lane.sv:108.17-108.42
Info:                  /usr/bin/../share/yosys/ecp5/arith_map.v:65.22-65.25
Info:  0.1 21.0  Source lane0.bp_reg_TRELLIS_FF_Q_DI_PFUMX_Z_BLUT_LUT4_Z_D_LUT4_Z_1_B_CCU2C_S0_1_COUT_CCU2C_COUT_11$CCU2_COMB0.FCO
Info:  0.0 21.0    Net lane0.bp_reg_TRELLIS_FF_Q_DI_PFUMX_Z_BLUT_LUT4_Z_D_LUT4_Z_1_B_CCU2C_S0_1_COUT_CCU2C_COUT_11$CCU2_FCI_INT budget 0.000000 ns (18,4) -> (18,4)
Info:                Sink lane0.bp_reg_TRELLIS_FF_Q_DI_PFUMX_Z_BLUT_LUT4_Z_D_LUT4_Z_1_B_CCU2C_S0_1_COUT_CCU2C_COUT_11$CCU2_COMB1.FCI
Info:  0.0 21.0  Source lane0.bp_reg_TRELLIS_FF_Q_DI_PFUMX_Z_BLUT_LUT4_Z_D_LUT4_Z_1_B_CCU2C_S0_1_COUT_CCU2C_COUT_11$CCU2_COMB1.FCO
Info:  0.0 21.0    Net lane0.bp_reg_TRELLIS_FF_Q_DI_PFUMX_Z_BLUT_LUT4_Z_D_LUT4_Z_1_B_CCU2C_S0_1_COUT[14] budget 0.000000 ns (18,4) -> (19,4)
Info:                Sink lane0.bp_reg_TRELLIS_FF_Q_DI_PFUMX_Z_BLUT_LUT4_Z_D_LUT4_Z_1_B_CCU2C_S0_1_COUT_CCU2C_COUT_10$CCU2_COMB0.FCI
Info:                Defined in:
Info:                  rtl/pqc_ntt_stage_banked.sv:105.85-114.4
Info:                  rtl/pqc_rvv_cluster_2lane.sv:108.17-108.42
Info:                  /usr/bin/../share/yosys/ecp5/arith_map.v:65.22-65.25
Info:  0.1 21.1  Source lane0.bp_reg_TRELLIS_FF_Q_DI_PFUMX_Z_BLUT_LUT4_Z_D_LUT4_Z_1_B_CCU2C_S0_1_COUT_CCU2C_COUT_10$CCU2_COMB0.FCO
Info:  0.0 21.1    Net lane0.bp_reg_TRELLIS_FF_Q_DI_PFUMX_Z_BLUT_LUT4_Z_D_LUT4_Z_1_B_CCU2C_S0_1_COUT_CCU2C_COUT_10$CCU2_FCI_INT budget 0.000000 ns (19,4) -> (19,4)
Info:                Sink lane0.bp_reg_TRELLIS_FF_Q_DI_PFUMX_Z_BLUT_LUT4_Z_D_LUT4_Z_1_B_CCU2C_S0_1_COUT_CCU2C_COUT_10$CCU2_COMB1.FCI
Info:  0.0 21.1  Source lane0.bp_reg_TRELLIS_FF_Q_DI_PFUMX_Z_BLUT_LUT4_Z_D_LUT4_Z_1_B_CCU2C_S0_1_COUT_CCU2C_COUT_10$CCU2_COMB1.FCO
Info:  0.0 21.1    Net lane0.bp_reg_TRELLIS_FF_Q_DI_PFUMX_Z_BLUT_LUT4_Z_D_LUT4_Z_1_B_CCU2C_S0_1_COUT[16] budget 0.000000 ns (19,4) -> (19,4)
Info:                Sink lane0.bp_reg_TRELLIS_FF_Q_DI_PFUMX_Z_BLUT_LUT4_Z_D_LUT4_Z_1_B_CCU2C_S0_1_COUT_CCU2C_COUT_9$CCU2_COMB0.FCI
Info:                Defined in:
Info:                  rtl/pqc_ntt_stage_banked.sv:105.85-114.4
Info:                  rtl/pqc_rvv_cluster_2lane.sv:108.17-108.42
Info:                  /usr/bin/../share/yosys/ecp5/arith_map.v:65.22-65.25
Info:  0.1 21.1  Source lane0.bp_reg_TRELLIS_FF_Q_DI_PFUMX_Z_BLUT_LUT4_Z_D_LUT4_Z_1_B_CCU2C_S0_1_COUT_CCU2C_COUT_9$CCU2_COMB0.FCO
Info:  0.0 21.1    Net lane0.bp_reg_TRELLIS_FF_Q_DI_PFUMX_Z_BLUT_LUT4_Z_D_LUT4_Z_1_B_CCU2C_S0_1_COUT_CCU2C_COUT_9$CCU2_FCI_INT budget 0.000000 ns (19,4) -> (19,4)
Info:                Sink lane0.bp_reg_TRELLIS_FF_Q_DI_PFUMX_Z_BLUT_LUT4_Z_D_LUT4_Z_1_B_CCU2C_S0_1_COUT_CCU2C_COUT_9$CCU2_COMB1.FCI
Info:  0.0 21.1  Source lane0.bp_reg_TRELLIS_FF_Q_DI_PFUMX_Z_BLUT_LUT4_Z_D_LUT4_Z_1_B_CCU2C_S0_1_COUT_CCU2C_COUT_9$CCU2_COMB1.FCO
Info:  0.0 21.1    Net lane0.bp_reg_TRELLIS_FF_Q_DI_PFUMX_Z_BLUT_LUT4_Z_D_LUT4_Z_1_B_CCU2C_S0_1_COUT[18] budget 0.000000 ns (19,4) -> (19,4)
Info:                Sink lane0.bp_reg_TRELLIS_FF_Q_13_DI_PFUMX_Z_BLUT_LUT4_Z_D_LUT4_Z_1_B_CCU2C_S0$CCU2_COMB0.FCI
Info:                Defined in:
Info:                  rtl/pqc_ntt_stage_banked.sv:105.85-114.4
Info:                  rtl/pqc_rvv_cluster_2lane.sv:108.17-108.42
Info:                  /usr/bin/../share/yosys/ecp5/arith_map.v:65.22-65.25
Info:  0.1 21.2  Source lane0.bp_reg_TRELLIS_FF_Q_13_DI_PFUMX_Z_BLUT_LUT4_Z_D_LUT4_Z_1_B_CCU2C_S0$CCU2_COMB0.FCO
Info:  0.0 21.2    Net lane0.bp_reg_TRELLIS_FF_Q_13_DI_PFUMX_Z_BLUT_LUT4_Z_D_LUT4_Z_1_B_CCU2C_S0$CCU2_FCI_INT budget 0.000000 ns (19,4) -> (19,4)
Info:                Sink lane0.bp_reg_TRELLIS_FF_Q_13_DI_PFUMX_Z_BLUT_LUT4_Z_D_LUT4_Z_1_B_CCU2C_S0$CCU2_COMB1.FCI
Info:  0.0 21.2  Source lane0.bp_reg_TRELLIS_FF_Q_13_DI_PFUMX_Z_BLUT_LUT4_Z_D_LUT4_Z_1_B_CCU2C_S0$CCU2_COMB1.FCO
Info:  0.0 21.2    Net lane0.bp_reg_TRELLIS_FF_Q_DI_PFUMX_Z_BLUT_LUT4_Z_D_LUT4_Z_1_B_CCU2C_S0_1_COUT[20] budget 0.000000 ns (19,4) -> (19,4)
Info:                Sink lane0.bp_reg_TRELLIS_FF_Q_DI_PFUMX_Z_BLUT_LUT4_Z_D_LUT4_Z_1_B_CCU2C_S0_1_COUT_CCU2C_COUT_8$CCU2_COMB0.FCI
Info:                Defined in:
Info:                  rtl/pqc_ntt_stage_banked.sv:105.85-114.4
Info:                  rtl/pqc_rvv_cluster_2lane.sv:108.17-108.42
Info:                  /usr/bin/../share/yosys/ecp5/arith_map.v:65.22-65.25
Info:  0.1 21.3  Source lane0.bp_reg_TRELLIS_FF_Q_DI_PFUMX_Z_BLUT_LUT4_Z_D_LUT4_Z_1_B_CCU2C_S0_1_COUT_CCU2C_COUT_8$CCU2_COMB0.FCO
Info:  0.0 21.3    Net lane0.bp_reg_TRELLIS_FF_Q_DI_PFUMX_Z_BLUT_LUT4_Z_D_LUT4_Z_1_B_CCU2C_S0_1_COUT_CCU2C_COUT_8$CCU2_FCI_INT budget 0.000000 ns (19,4) -> (19,4)
Info:                Sink lane0.bp_reg_TRELLIS_FF_Q_DI_PFUMX_Z_BLUT_LUT4_Z_D_LUT4_Z_1_B_CCU2C_S0_1_COUT_CCU2C_COUT_8$CCU2_COMB1.FCI
Info:  0.0 21.3  Source lane0.bp_reg_TRELLIS_FF_Q_DI_PFUMX_Z_BLUT_LUT4_Z_D_LUT4_Z_1_B_CCU2C_S0_1_COUT_CCU2C_COUT_8$CCU2_COMB1.FCO
Info:  0.0 21.3    Net lane0.bp_reg_TRELLIS_FF_Q_DI_PFUMX_Z_BLUT_LUT4_Z_D_LUT4_Z_1_B_CCU2C_S0_1_COUT[22] budget 0.000000 ns (19,4) -> (20,4)
Info:                Sink lane0.bp_reg_TRELLIS_FF_Q_DI_PFUMX_Z_BLUT_LUT4_Z_D_LUT4_Z_1_B_CCU2C_S0_1_COUT_CCU2C_COUT_7$CCU2_COMB0.FCI
Info:                Defined in:
Info:                  rtl/pqc_ntt_stage_banked.sv:105.85-114.4
Info:                  rtl/pqc_rvv_cluster_2lane.sv:108.17-108.42
Info:                  /usr/bin/../share/yosys/ecp5/arith_map.v:65.22-65.25
Info:  0.1 21.3  Source lane0.bp_reg_TRELLIS_FF_Q_DI_PFUMX_Z_BLUT_LUT4_Z_D_LUT4_Z_1_B_CCU2C_S0_1_COUT_CCU2C_COUT_7$CCU2_COMB0.FCO
Info:  0.0 21.3    Net lane0.bp_reg_TRELLIS_FF_Q_DI_PFUMX_Z_BLUT_LUT4_Z_D_LUT4_Z_1_B_CCU2C_S0_1_COUT_CCU2C_COUT_7$CCU2_FCI_INT budget 0.000000 ns (20,4) -> (20,4)
Info:                Sink lane0.bp_reg_TRELLIS_FF_Q_DI_PFUMX_Z_BLUT_LUT4_Z_D_LUT4_Z_1_B_CCU2C_S0_1_COUT_CCU2C_COUT_7$CCU2_COMB1.FCI
Info:  0.0 21.3  Source lane0.bp_reg_TRELLIS_FF_Q_DI_PFUMX_Z_BLUT_LUT4_Z_D_LUT4_Z_1_B_CCU2C_S0_1_COUT_CCU2C_COUT_7$CCU2_COMB1.FCO
Info:  0.0 21.3    Net lane0.bp_reg_TRELLIS_FF_Q_DI_PFUMX_Z_BLUT_LUT4_Z_D_LUT4_Z_1_B_CCU2C_S0_1_COUT[24] budget 0.000000 ns (20,4) -> (20,4)
Info:                Sink lane0.bp_reg_TRELLIS_FF_Q_DI_PFUMX_Z_BLUT_LUT4_Z_D_LUT4_Z_1_B_CCU2C_S0_1_COUT_CCU2C_COUT_6$CCU2_COMB0.FCI
Info:                Defined in:
Info:                  rtl/pqc_ntt_stage_banked.sv:105.85-114.4
Info:                  rtl/pqc_rvv_cluster_2lane.sv:108.17-108.42
Info:                  /usr/bin/../share/yosys/ecp5/arith_map.v:65.22-65.25
Info:  0.1 21.4  Source lane0.bp_reg_TRELLIS_FF_Q_DI_PFUMX_Z_BLUT_LUT4_Z_D_LUT4_Z_1_B_CCU2C_S0_1_COUT_CCU2C_COUT_6$CCU2_COMB0.FCO
Info:  0.0 21.4    Net lane0.bp_reg_TRELLIS_FF_Q_DI_PFUMX_Z_BLUT_LUT4_Z_D_LUT4_Z_1_B_CCU2C_S0_1_COUT_CCU2C_COUT_6$CCU2_FCI_INT budget 0.000000 ns (20,4) -> (20,4)
Info:                Sink lane0.bp_reg_TRELLIS_FF_Q_DI_PFUMX_Z_BLUT_LUT4_Z_D_LUT4_Z_1_B_CCU2C_S0_1_COUT_CCU2C_COUT_6$CCU2_COMB1.FCI
Info:  0.0 21.4  Source lane0.bp_reg_TRELLIS_FF_Q_DI_PFUMX_Z_BLUT_LUT4_Z_D_LUT4_Z_1_B_CCU2C_S0_1_COUT_CCU2C_COUT_6$CCU2_COMB1.FCO
Info:  0.0 21.4    Net lane0.bp_reg_TRELLIS_FF_Q_DI_PFUMX_Z_BLUT_LUT4_Z_D_LUT4_Z_1_B_CCU2C_S0_1_COUT[26] budget 0.000000 ns (20,4) -> (20,4)
Info:                Sink lane0.bp_reg_TRELLIS_FF_Q_DI_PFUMX_Z_BLUT_LUT4_Z_D_LUT4_Z_1_B_CCU2C_S0_1_COUT_CCU2C_COUT_5$CCU2_COMB0.FCI
Info:                Defined in:
Info:                  rtl/pqc_ntt_stage_banked.sv:105.85-114.4
Info:                  rtl/pqc_rvv_cluster_2lane.sv:108.17-108.42
Info:                  /usr/bin/../share/yosys/ecp5/arith_map.v:65.22-65.25
Info:  0.1 21.5  Source lane0.bp_reg_TRELLIS_FF_Q_DI_PFUMX_Z_BLUT_LUT4_Z_D_LUT4_Z_1_B_CCU2C_S0_1_COUT_CCU2C_COUT_5$CCU2_COMB0.FCO
Info:  0.0 21.5    Net lane0.bp_reg_TRELLIS_FF_Q_DI_PFUMX_Z_BLUT_LUT4_Z_D_LUT4_Z_1_B_CCU2C_S0_1_COUT_CCU2C_COUT_5$CCU2_FCI_INT budget 0.000000 ns (20,4) -> (20,4)
Info:                Sink lane0.bp_reg_TRELLIS_FF_Q_DI_PFUMX_Z_BLUT_LUT4_Z_D_LUT4_Z_1_B_CCU2C_S0_1_COUT_CCU2C_COUT_5$CCU2_COMB1.FCI
Info:  0.0 21.5  Source lane0.bp_reg_TRELLIS_FF_Q_DI_PFUMX_Z_BLUT_LUT4_Z_D_LUT4_Z_1_B_CCU2C_S0_1_COUT_CCU2C_COUT_5$CCU2_COMB1.FCO
Info:  0.0 21.5    Net lane0.bp_reg_TRELLIS_FF_Q_DI_PFUMX_Z_BLUT_LUT4_Z_D_LUT4_Z_1_B_CCU2C_S0_1_COUT[28] budget 0.000000 ns (20,4) -> (20,4)
Info:                Sink lane0.bp_reg_TRELLIS_FF_Q_DI_PFUMX_Z_BLUT_LUT4_Z_D_LUT4_Z_1_B_CCU2C_S0_1_COUT_CCU2C_COUT_4$CCU2_COMB0.FCI
Info:                Defined in:
Info:                  rtl/pqc_ntt_stage_banked.sv:105.85-114.4
Info:                  rtl/pqc_rvv_cluster_2lane.sv:108.17-108.42
Info:                  /usr/bin/../share/yosys/ecp5/arith_map.v:65.22-65.25
Info:  0.4 21.9  Source lane0.bp_reg_TRELLIS_FF_Q_DI_PFUMX_Z_BLUT_LUT4_Z_D_LUT4_Z_1_B_CCU2C_S0_1_COUT_CCU2C_COUT_4$CCU2_COMB0.F
Info:  1.3 23.3    Net lane0.bp_reg_TRELLIS_FF_Q_DI_PFUMX_Z_BLUT_LUT4_Z_D_LUT4_Z_1_B_CCU2C_S0_1_COUT_CCU2C_COUT_9_S0[12] budget 0.000000 ns (20,4) -> (22,5)
Info:                Sink lane0.bp_reg_TRELLIS_FF_Q_13_DI_PFUMX_Z_BLUT_LUT4_Z_D_LUT4_Z_1_B_LUT4_Z_1_D_CCU2C_COUT_S0_CCU2C_S0_5$CCU2_COMB1.B
Info:                Defined in:
Info:                  rtl/pqc_ntt_stage_banked.sv:105.85-114.4
Info:                  rtl/pqc_rvv_cluster_2lane.sv:108.17-108.42
Info:                  /usr/bin/../share/yosys/ecp5/arith_map.v:34.26-34.27
Info:  0.4 23.7  Source lane0.bp_reg_TRELLIS_FF_Q_13_DI_PFUMX_Z_BLUT_LUT4_Z_D_LUT4_Z_1_B_LUT4_Z_1_D_CCU2C_COUT_S0_CCU2C_S0_5$CCU2_COMB1.FCO
Info:  0.0 23.7    Net lane0.bp_reg_TRELLIS_FF_Q_13_DI_PFUMX_Z_BLUT_LUT4_Z_D_LUT4_Z_1_B_LUT4_Z_1_D[11] budget 0.000000 ns (22,5) -> (22,5)
Info:                Sink lane0.bp_reg_TRELLIS_FF_Q_13_DI_PFUMX_Z_BLUT_LUT4_Z_D_LUT4_Z_1_B_LUT4_Z_1_D_CCU2C_COUT_S0_CCU2C_S0_4$CCU2_COMB0.FCI
Info:                Defined in:
Info:                  rtl/pqc_ntt_stage_banked.sv:105.85-114.4
Info:                  rtl/pqc_rvv_cluster_2lane.sv:110.16-110.27
Info:                  /usr/bin/../share/yosys/ecp5/arith_map.v:63.22-63.23
Info:  0.1 23.8  Source lane0.bp_reg_TRELLIS_FF_Q_13_DI_PFUMX_Z_BLUT_LUT4_Z_D_LUT4_Z_1_B_LUT4_Z_1_D_CCU2C_COUT_S0_CCU2C_S0_4$CCU2_COMB0.FCO
Info:  0.0 23.8    Net lane0.bp_reg_TRELLIS_FF_Q_13_DI_PFUMX_Z_BLUT_LUT4_Z_D_LUT4_Z_1_B_LUT4_Z_1_D_CCU2C_COUT_S0_CCU2C_S0_4$CCU2_FCI_INT budget 0.000000 ns (22,5) -> (22,5)
Info:                Sink lane0.bp_reg_TRELLIS_FF_Q_13_DI_PFUMX_Z_BLUT_LUT4_Z_D_LUT4_Z_1_B_LUT4_Z_1_D_CCU2C_COUT_S0_CCU2C_S0_4$CCU2_COMB1.FCI
Info:  0.0 23.8  Source lane0.bp_reg_TRELLIS_FF_Q_13_DI_PFUMX_Z_BLUT_LUT4_Z_D_LUT4_Z_1_B_LUT4_Z_1_D_CCU2C_COUT_S0_CCU2C_S0_4$CCU2_COMB1.FCO
Info:  0.0 23.8    Net $nextpnr_CCU2C_41$CIN budget 0.000000 ns (22,5) -> (23,5)
Info:                Sink $nextpnr_CCU2C_41$CCU2_COMB0.FCI
Info:  0.4 24.2  Source $nextpnr_CCU2C_41$CCU2_COMB0.F
Info:  0.8 25.0    Net lane0.bp_reg_TRELLIS_FF_Q_13_DI_PFUMX_Z_BLUT_LUT4_Z_D_LUT4_Z_1_B_LUT4_Z_1_D[13] budget 0.000000 ns (23,5) -> (23,5)
Info:                Sink $nextpnr_CCU2C_41$CCU2_COMB1.A
Info:                Defined in:
Info:                  rtl/pqc_ntt_stage_banked.sv:105.85-114.4
Info:                  rtl/pqc_rvv_cluster_2lane.sv:110.16-110.27
Info:                  /usr/bin/../share/yosys/ecp5/arith_map.v:63.22-63.23
Info:  0.4 25.5  Source $nextpnr_CCU2C_41$CCU2_COMB1.FCO
Info:  0.0 25.5    Net $nextpnr_CCU2C_41$COUT budget 0.000000 ns (23,5) -> (23,5)
Info:                Sink lane0.bp_reg_TRELLIS_FF_Q_13_DI_PFUMX_Z_BLUT_LUT4_Z_D_LUT4_Z_1_B_LUT4_Z_1_D_CCU2C_COUT$CCU2_COMB0.FCI
Info:  0.1 25.6  Source lane0.bp_reg_TRELLIS_FF_Q_13_DI_PFUMX_Z_BLUT_LUT4_Z_D_LUT4_Z_1_B_LUT4_Z_1_D_CCU2C_COUT$CCU2_COMB0.FCO
Info:  0.0 25.6    Net lane0.bp_reg_TRELLIS_FF_Q_13_DI_PFUMX_Z_BLUT_LUT4_Z_D_LUT4_Z_1_B_LUT4_Z_1_D_CCU2C_COUT$CCU2_FCI_INT budget 0.000000 ns (23,5) -> (23,5)
Info:                Sink lane0.bp_reg_TRELLIS_FF_Q_13_DI_PFUMX_Z_BLUT_LUT4_Z_D_LUT4_Z_1_B_LUT4_Z_1_D_CCU2C_COUT$CCU2_COMB1.FCI
Info:  0.4 26.0  Source lane0.bp_reg_TRELLIS_FF_Q_13_DI_PFUMX_Z_BLUT_LUT4_Z_D_LUT4_Z_1_B_LUT4_Z_1_D_CCU2C_COUT$CCU2_COMB1.F
Info:  0.6 26.6    Net lane0.bp_reg_TRELLIS_FF_Q_13_DI_PFUMX_Z_BLUT_LUT4_Z_D_LUT4_Z_1_B_LUT4_Z_1_D_CCU2C_COUT_S0[15] budget 0.000000 ns (23,5) -> (23,5)
Info:                Sink lane0.bp_reg_TRELLIS_FF_Q_13_DI_PFUMX_Z_BLUT_LUT4_Z_D_LUT4_Z_1_B_LUT4_Z_1.C
Info:                Defined in:
Info:                  rtl/pqc_ntt_stage_banked.sv:105.85-114.4
Info:                  rtl/pqc_rvv_cluster_2lane.sv:110.16-110.27
Info:                  /usr/bin/../share/yosys/ecp5/arith_map.v:34.26-34.27
Info:  0.2 26.8  Source lane0.bp_reg_TRELLIS_FF_Q_13_DI_PFUMX_Z_BLUT_LUT4_Z_D_LUT4_Z_1_B_LUT4_Z_1.F
Info:  1.3 28.1    Net lane0.bp_reg_TRELLIS_FF_Q_13_DI_PFUMX_Z_BLUT_LUT4_Z_D_LUT4_Z_1_B[4] budget 0.000000 ns (23,5) -> (27,3)
Info:                Sink lane0.bp_reg_TRELLIS_FF_Q_DI_PFUMX_Z_BLUT_LUT4_Z_D_LUT4_Z_1_D_PFUMX_Z_BLUT_LUT4_Z.M
Info:                Defined in:
Info:                  /usr/bin/../share/yosys/ecp5/cells_map.v:108.23-108.24
Info:  0.3 28.3  Source lane0.bp_reg_TRELLIS_FF_Q_DI_PFUMX_Z_BLUT_LUT4_Z_D_LUT4_Z_1_D_PFUMX_Z_BLUT_LUT4_Z.OFX
Info:  1.0 29.3    Net lane0.bp_reg_TRELLIS_FF_Q_DI_PFUMX_Z_BLUT_LUT4_Z_D_LUT4_Z_1_D[2] budget 0.000000 ns (27,3) -> (27,4)
Info:                Sink lane0.bp_reg_TRELLIS_FF_Q_13_DI_PFUMX_Z_BLUT_LUT4_Z_D_LUT4_Z_1.D
Info:                Defined in:
Info:                  /usr/bin/../share/yosys/ecp5/cells_map.v:108.23-108.24
Info:  0.2 29.5  Source lane0.bp_reg_TRELLIS_FF_Q_13_DI_PFUMX_Z_BLUT_LUT4_Z_D_LUT4_Z_1.F
Info:  0.6 30.1    Net lane0.bp_reg_TRELLIS_FF_Q_13_DI_PFUMX_Z_BLUT_LUT4_Z_D[1] budget 0.000000 ns (27,4) -> (27,4)
Info:                Sink lane0.bp_reg_TRELLIS_FF_Q_13_DI_PFUMX_Z_BLUT_LUT4_Z_D_LUT4_B.C
Info:                Defined in:
Info:                  /usr/bin/../share/yosys/ecp5/cells_map.v:108.23-108.24
Info:  0.2 30.4  Source lane0.bp_reg_TRELLIS_FF_Q_13_DI_PFUMX_Z_BLUT_LUT4_Z_D_LUT4_B.F
Info:  1.2 31.6    Net lane0.bp_reg_TRELLIS_FF_Q_DI_PFUMX_Z_BLUT_LUT4_Z_D_LUT4_B_Z[2] budget 0.000000 ns (27,4) -> (24,3)
Info:                Sink lane0.bp_reg_TRELLIS_FF_Q_6_DI_PFUMX_Z_BLUT_LUT4_Z_D_LUT4_Z_C_CCU2C_S0$CCU2_COMB0.B
Info:                Defined in:
Info:                  rtl/pqc_ntt_stage_banked.sv:105.85-114.4
Info:                  rtl/pqc_rvv_cluster_2lane.sv:118.11-118.16
Info:                  /usr/bin/../share/yosys/ecp5/arith_map.v:30.22-30.23
Info:  0.4 32.0  Source lane0.bp_reg_TRELLIS_FF_Q_6_DI_PFUMX_Z_BLUT_LUT4_Z_D_LUT4_Z_C_CCU2C_S0$CCU2_COMB0.FCO
Info:  0.0 32.0    Net lane0.bp_reg_TRELLIS_FF_Q_6_DI_PFUMX_Z_BLUT_LUT4_Z_D_LUT4_Z_C_CCU2C_S0$CCU2_FCI_INT budget 0.000000 ns (24,3) -> (24,3)
Info:                Sink lane0.bp_reg_TRELLIS_FF_Q_6_DI_PFUMX_Z_BLUT_LUT4_Z_D_LUT4_Z_C_CCU2C_S0$CCU2_COMB1.FCI
Info:  0.0 32.0  Source lane0.bp_reg_TRELLIS_FF_Q_6_DI_PFUMX_Z_BLUT_LUT4_Z_D_LUT4_Z_C_CCU2C_S0$CCU2_COMB1.FCO
Info:  0.0 32.0    Net lane0.bp_reg_TRELLIS_FF_Q_6_DI_PFUMX_Z_BLUT_LUT4_Z_D_LUT4_Z_C_CCU2C_S0_1_COUT[2] budget 0.000000 ns (24,3) -> (24,3)
Info:                Sink lane0.bp_reg_TRELLIS_FF_Q_6_DI_PFUMX_Z_BLUT_LUT4_Z_D_LUT4_Z_C_CCU2C_S1_S0_CCU2C_S0_1$CCU2_COMB0.FCI
Info:                Defined in:
Info:                  rtl/pqc_ntt_stage_banked.sv:105.85-114.4
Info:                  rtl/pqc_rvv_cluster_2lane.sv:127.11-127.50
Info:                  /usr/bin/../share/yosys/ecp5/arith_map.v:63.22-63.23
Info:  0.1 32.1  Source lane0.bp_reg_TRELLIS_FF_Q_6_DI_PFUMX_Z_BLUT_LUT4_Z_D_LUT4_Z_C_CCU2C_S1_S0_CCU2C_S0_1$CCU2_COMB0.FCO
Info:  0.0 32.1    Net lane0.bp_reg_TRELLIS_FF_Q_6_DI_PFUMX_Z_BLUT_LUT4_Z_D_LUT4_Z_C_CCU2C_S1_S0_CCU2C_S0_1$CCU2_FCI_INT budget 0.000000 ns (24,3) -> (24,3)
Info:                Sink lane0.bp_reg_TRELLIS_FF_Q_6_DI_PFUMX_Z_BLUT_LUT4_Z_D_LUT4_Z_C_CCU2C_S1_S0_CCU2C_S0_1$CCU2_COMB1.FCI
Info:  0.0 32.1  Source lane0.bp_reg_TRELLIS_FF_Q_6_DI_PFUMX_Z_BLUT_LUT4_Z_D_LUT4_Z_C_CCU2C_S1_S0_CCU2C_S0_1$CCU2_COMB1.FCO
Info:  0.0 32.1    Net lane0.bp_reg_TRELLIS_FF_Q_6_DI_PFUMX_Z_BLUT_LUT4_Z_D_LUT4_Z_C_CCU2C_S0_1_COUT[4] budget 0.000000 ns (24,3) -> (25,3)
Info:                Sink lane0.bp_reg_TRELLIS_FF_Q_6_DI_PFUMX_Z_BLUT_LUT4_Z_D_LUT4_Z_C_CCU2C_S1_S0_CCU2C_S0$CCU2_COMB0.FCI
Info:                Defined in:
Info:                  rtl/pqc_ntt_stage_banked.sv:105.85-114.4
Info:                  rtl/pqc_rvv_cluster_2lane.sv:127.11-127.50
Info:                  /usr/bin/../share/yosys/ecp5/arith_map.v:63.22-63.23
Info:  0.1 32.1  Source lane0.bp_reg_TRELLIS_FF_Q_6_DI_PFUMX_Z_BLUT_LUT4_Z_D_LUT4_Z_C_CCU2C_S1_S0_CCU2C_S0$CCU2_COMB0.FCO
Info:  0.0 32.1    Net lane0.bp_reg_TRELLIS_FF_Q_6_DI_PFUMX_Z_BLUT_LUT4_Z_D_LUT4_Z_C_CCU2C_S1_S0_CCU2C_S0$CCU2_FCI_INT budget 0.000000 ns (25,3) -> (25,3)
Info:                Sink lane0.bp_reg_TRELLIS_FF_Q_6_DI_PFUMX_Z_BLUT_LUT4_Z_D_LUT4_Z_C_CCU2C_S1_S0_CCU2C_S0$CCU2_COMB1.FCI
Info:  0.0 32.1  Source lane0.bp_reg_TRELLIS_FF_Q_6_DI_PFUMX_Z_BLUT_LUT4_Z_D_LUT4_Z_C_CCU2C_S1_S0_CCU2C_S0$CCU2_COMB1.FCO
Info:  0.0 32.1    Net lane0.bp_reg_TRELLIS_FF_Q_6_DI_PFUMX_Z_BLUT_LUT4_Z_D_LUT4_Z_C_CCU2C_S0_1_COUT[6] budget 0.000000 ns (25,3) -> (25,3)
Info:                Sink lane0.bp_reg_TRELLIS_FF_Q_6_DI_PFUMX_Z_BLUT_LUT4_Z_D_LUT4_Z_C_CCU2C_S1$CCU2_COMB0.FCI
Info:                Defined in:
Info:                  rtl/pqc_ntt_stage_banked.sv:105.85-114.4
Info:                  rtl/pqc_rvv_cluster_2lane.sv:127.11-127.50
Info:                  /usr/bin/../share/yosys/ecp5/arith_map.v:63.22-63.23
Info:  0.4 32.6  Source lane0.bp_reg_TRELLIS_FF_Q_6_DI_PFUMX_Z_BLUT_LUT4_Z_D_LUT4_Z_C_CCU2C_S1$CCU2_COMB0.F
Info:  1.3 33.9    Net lane0.bp_reg_TRELLIS_FF_Q_6_DI_PFUMX_Z_BLUT_LUT4_Z_D_LUT4_Z_C_CCU2C_S1_S0[8] budget 0.000000 ns (25,3) -> (24,4)
Info:                Sink lane0.bp_reg_TRELLIS_FF_Q_6_DI_PFUMX_Z_BLUT_LUT4_Z_D_LUT4_Z_C_CCU2C_B1_2$CCU2_COMB0.B
Info:                Defined in:
Info:                  /usr/bin/../share/yosys/ecp5/cells_map.v:108.23-108.24
Info:  0.4 34.4  Source lane0.bp_reg_TRELLIS_FF_Q_6_DI_PFUMX_Z_BLUT_LUT4_Z_D_LUT4_Z_C_CCU2C_B1_2$CCU2_COMB0.FCO
Info:  0.0 34.4    Net lane0.bp_reg_TRELLIS_FF_Q_6_DI_PFUMX_Z_BLUT_LUT4_Z_D_LUT4_Z_C_CCU2C_B1_2$CCU2_FCI_INT budget 0.000000 ns (24,4) -> (24,4)
Info:                Sink lane0.bp_reg_TRELLIS_FF_Q_6_DI_PFUMX_Z_BLUT_LUT4_Z_D_LUT4_Z_C_CCU2C_B1_2$CCU2_COMB1.FCI
Info:  0.0 34.4  Source lane0.bp_reg_TRELLIS_FF_Q_6_DI_PFUMX_Z_BLUT_LUT4_Z_D_LUT4_Z_C_CCU2C_B1_2$CCU2_COMB1.FCO
Info:  0.0 34.4    Net lane0.bp_reg_TRELLIS_FF_Q_6_DI_PFUMX_Z_BLUT_LUT4_Z_D_LUT4_Z_C_CCU2C_B0_2_COUT[8] budget 0.000000 ns (24,4) -> (24,4)
Info:                Sink lane0.bp_reg_TRELLIS_FF_Q_6_DI_PFUMX_Z_BLUT_LUT4_Z_D_LUT4_Z_C_CCU2C_B1_3$CCU2_COMB0.FCI
Info:                Defined in:
Info:                  rtl/pqc_ntt_stage_banked.sv:105.85-114.4
Info:                  rtl/pqc_rvv_cluster_2lane.sv:128.11-128.16
Info:                  /usr/bin/../share/yosys/ecp5/arith_map.v:63.22-63.23
Info:  0.1 34.5  Source lane0.bp_reg_TRELLIS_FF_Q_6_DI_PFUMX_Z_BLUT_LUT4_Z_D_LUT4_Z_C_CCU2C_B1_3$CCU2_COMB0.FCO
Info:  0.0 34.5    Net lane0.bp_reg_TRELLIS_FF_Q_6_DI_PFUMX_Z_BLUT_LUT4_Z_D_LUT4_Z_C_CCU2C_B1_3$CCU2_FCI_INT budget 0.000000 ns (24,4) -> (24,4)
Info:                Sink lane0.bp_reg_TRELLIS_FF_Q_6_DI_PFUMX_Z_BLUT_LUT4_Z_D_LUT4_Z_C_CCU2C_B1_3$CCU2_COMB1.FCI
Info:  0.0 34.5  Source lane0.bp_reg_TRELLIS_FF_Q_6_DI_PFUMX_Z_BLUT_LUT4_Z_D_LUT4_Z_C_CCU2C_B1_3$CCU2_COMB1.FCO
Info:  0.0 34.5    Net lane0.bp_reg_TRELLIS_FF_Q_6_DI_PFUMX_Z_BLUT_LUT4_Z_D_LUT4_Z_C_CCU2C_B0_2_COUT[10] budget 0.000000 ns (24,4) -> (24,4)
Info:                Sink lane0.bp_reg_TRELLIS_FF_Q_DI_PFUMX_Z_BLUT_LUT4_Z_D_LUT4_Z_D_LUT4_Z_D_CCU2C_S0_3$CCU2_COMB0.FCI
Info:                Defined in:
Info:                  rtl/pqc_ntt_stage_banked.sv:105.85-114.4
Info:                  rtl/pqc_rvv_cluster_2lane.sv:128.11-128.16
Info:                  /usr/bin/../share/yosys/ecp5/arith_map.v:63.22-63.23
Info:  0.1 34.5  Source lane0.bp_reg_TRELLIS_FF_Q_DI_PFUMX_Z_BLUT_LUT4_Z_D_LUT4_Z_D_LUT4_Z_D_CCU2C_S0_3$CCU2_COMB0.FCO
Info:  0.0 34.5    Net lane0.bp_reg_TRELLIS_FF_Q_DI_PFUMX_Z_BLUT_LUT4_Z_D_LUT4_Z_D_LUT4_Z_D_CCU2C_S0_3$CCU2_FCI_INT budget 0.000000 ns (24,4) -> (24,4)
Info:                Sink lane0.bp_reg_TRELLIS_FF_Q_DI_PFUMX_Z_BLUT_LUT4_Z_D_LUT4_Z_D_LUT4_Z_D_CCU2C_S0_3$CCU2_COMB1.FCI
Info:  0.0 34.5  Source lane0.bp_reg_TRELLIS_FF_Q_DI_PFUMX_Z_BLUT_LUT4_Z_D_LUT4_Z_D_LUT4_Z_D_CCU2C_S0_3$CCU2_COMB1.FCO
Info:  0.0 34.5    Net lane0.bp_reg_TRELLIS_FF_Q_6_DI_PFUMX_Z_BLUT_LUT4_Z_D_LUT4_Z_C_CCU2C_B0_2_COUT[12] budget 0.000000 ns (24,4) -> (25,4)
Info:                Sink lane0.bp_reg_TRELLIS_FF_Q_DI_PFUMX_Z_BLUT_LUT4_Z_D_LUT4_Z_D_LUT4_Z_D_CCU2C_S0_2$CCU2_COMB0.FCI
Info:                Defined in:
Info:                  rtl/pqc_ntt_stage_banked.sv:105.85-114.4
Info:                  rtl/pqc_rvv_cluster_2lane.sv:128.11-128.16
Info:                  /usr/bin/../share/yosys/ecp5/arith_map.v:63.22-63.23
Info:  0.1 34.6  Source lane0.bp_reg_TRELLIS_FF_Q_DI_PFUMX_Z_BLUT_LUT4_Z_D_LUT4_Z_D_LUT4_Z_D_CCU2C_S0_2$CCU2_COMB0.FCO
Info:  0.0 34.6    Net lane0.bp_reg_TRELLIS_FF_Q_DI_PFUMX_Z_BLUT_LUT4_Z_D_LUT4_Z_D_LUT4_Z_D_CCU2C_S0_2$CCU2_FCI_INT budget 0.000000 ns (25,4) -> (25,4)
Info:                Sink lane0.bp_reg_TRELLIS_FF_Q_DI_PFUMX_Z_BLUT_LUT4_Z_D_LUT4_Z_D_LUT4_Z_D_CCU2C_S0_2$CCU2_COMB1.FCI
Info:  0.0 34.6  Source lane0.bp_reg_TRELLIS_FF_Q_DI_PFUMX_Z_BLUT_LUT4_Z_D_LUT4_Z_D_LUT4_Z_D_CCU2C_S0_2$CCU2_COMB1.FCO
Info:  0.0 34.6    Net $nextpnr_CCU2C_19$CIN budget 0.000000 ns (25,4) -> (25,4)
Info:                Sink $nextpnr_CCU2C_19$CCU2_COMB0.FCI
Info:  0.4 35.0  Source $nextpnr_CCU2C_19$CCU2_COMB0.F
Info:  0.8 35.9    Net lane0.bp_reg_TRELLIS_FF_Q_6_DI_PFUMX_Z_BLUT_LUT4_Z_D_LUT4_Z_C_CCU2C_B0_2_COUT[14] budget 25.622000 ns (25,4) -> (25,4)
Info:                Sink $nextpnr_CCU2C_19$CCU2_COMB1.A
Info:                Defined in:
Info:                  /usr/bin/../share/yosys/ecp5/cells_map.v:108.23-108.24
Info:  0.4 36.3  Source $nextpnr_CCU2C_19$CCU2_COMB1.FCO
Info:  0.0 36.3    Net $nextpnr_CCU2C_19$COUT budget 0.000000 ns (25,4) -> (25,4)
Info:                Sink lane0.bp_reg_TRELLIS_FF_Q_6_DI_PFUMX_Z_BLUT_LUT4_Z_D_LUT4_Z_C_CCU2C_B0_2$CCU2_COMB0.FCI
Info:  0.4 36.8  Source lane0.bp_reg_TRELLIS_FF_Q_6_DI_PFUMX_Z_BLUT_LUT4_Z_D_LUT4_Z_C_CCU2C_B0_2$CCU2_COMB0.F
Info:  0.5 37.3    Net lane0.bp_reg_TRELLIS_FF_Q_DI_PFUMX_Z_BLUT_LUT4_Z_D_LUT4_Z_D_LUT4_Z_C[3] budget 25.622000 ns (25,4) -> (26,2)
Info:                Sink lane0.bp_reg_TRELLIS_FF_Q_DI_PFUMX_Z_BLUT_LUT4_Z_D_LUT4_Z_D_LUT4_Z.D
Info:                Defined in:
Info:                  rtl/pqc_ntt_stage_banked.sv:105.85-114.4
Info:                  rtl/pqc_rvv_cluster_2lane.sv:128.11-128.16
Info:                  /usr/bin/../share/yosys/ecp5/arith_map.v:34.26-34.27
Info:  0.2 37.5  Source lane0.bp_reg_TRELLIS_FF_Q_DI_PFUMX_Z_BLUT_LUT4_Z_D_LUT4_Z_D_LUT4_Z.F
Info:  1.2 38.7    Net lane0.bp_reg_TRELLIS_FF_Q_DI_PFUMX_Z_BLUT_LUT4_Z_D_LUT4_Z_D[2] budget 2.440000 ns (26,2) -> (30,2)
Info:                Sink lane0.bp_reg_TRELLIS_FF_Q_2_DI_PFUMX_Z_BLUT_LUT4_Z_D_LUT4_Z.D
Info:                Defined in:
Info:                  /usr/bin/../share/yosys/ecp5/cells_map.v:108.23-108.24
Info:  0.2 38.9  Source lane0.bp_reg_TRELLIS_FF_Q_2_DI_PFUMX_Z_BLUT_LUT4_Z_D_LUT4_Z.F
Info:  0.6 39.5    Net lane0.bp_reg_TRELLIS_FF_Q_2_DI_PFUMX_Z_BLUT_LUT4_Z_D[2] budget 2.440000 ns (30,2) -> (30,2)
Info:                Sink lane0.bp_reg_TRELLIS_FF_Q_2_DI_PFUMX_Z_BLUT_LUT4_Z.D
Info:                Defined in:
Info:                  /usr/bin/../share/yosys/ecp5/cells_map.v:108.23-108.24
Info:  0.4 39.9  Source lane0.bp_reg_TRELLIS_FF_Q_2_DI_PFUMX_Z_BLUT_LUT4_Z.OFX
Info:  0.5 40.4    Net lane0.bp_reg_TRELLIS_FF_Q_2_DI budget 2.440000 ns (30,2) -> (30,2)
Info:                Sink lane0.bp_reg_TRELLIS_FF_Q_2.M
Info:  0.0 40.4  Setup lane0.bp_reg_TRELLIS_FF_Q_2.M
Info: 20.3 ns logic, 20.1 ns routing

Info: Critical path report for cross-domain path 'posedge $glbnet$clk$TRELLIS_IO_IN' -> '<async>':
Info: curr total
Info:  0.5  0.5  Source lane1.idx_TRELLIS_FF_Q_6.Q
Info:  1.2  1.7    Net idx1[1] budget 0.000000 ns (40,4) -> (39,2)
Info:                Sink addr_a1_CCU2C_S0_3$CCU2_COMB1.A
Info:                Defined in:
Info:                  rtl/pqc_ntt_stage_banked.sv:116.85-125.4
Info:                  rtl/pqc_rvv_cluster_2lane.sv:70.24-70.31
Info:  0.4  2.1  Source addr_a1_CCU2C_S0_3$CCU2_COMB1.FCO
Info:  0.0  2.1    Net addr_a1_CCU2C_S0_3_COUT[2] budget 0.000000 ns (39,2) -> (39,2)
Info:                Sink addr_a1_CCU2C_S0_2$CCU2_COMB0.FCI
Info:                Defined in:
Info:                  rtl/pqc_ntt_stage_banked.sv:116.85-125.4
Info:                  rtl/pqc_rvv_cluster_2lane.sv:86.24-86.48
Info:                  /usr/bin/../share/yosys/ecp5/arith_map.v:38.23-38.25
Info:  0.4  2.6  Source addr_a1_CCU2C_S0_2$CCU2_COMB0.F
Info:  1.7  4.2    Net addr_a1[2] budget 0.000000 ns (39,2) -> (38,6)
Info:                Sink addr_b1_CCU2C_S0_2$CCU2_COMB0.A
Info:                Defined in:
Info:                  rtl/pqc_ntt_stage_banked.sv:116.85-125.4
Info:                  rtl/pqc_rvv_cluster_2lane.sv:56.32-56.42
Info:  0.4  4.7  Source addr_b1_CCU2C_S0_2$CCU2_COMB0.FCO
Info:  0.0  4.7    Net addr_b1_CCU2C_S0_2$CCU2_FCI_INT budget 0.000000 ns (38,6) -> (38,6)
Info:                Sink addr_b1_CCU2C_S0_2$CCU2_COMB1.FCI
Info:  0.0  4.7  Source addr_b1_CCU2C_S0_2$CCU2_COMB1.FCO
Info:  0.0  4.7    Net addr_b1_CCU2C_S0_3_COUT[4] budget 0.000000 ns (38,6) -> (38,6)
Info:                Sink addr_b1_CCU2C_S0_1$CCU2_COMB0.FCI
Info:                Defined in:
Info:                  rtl/pqc_ntt_stage_banked.sv:116.85-125.4
Info:                  rtl/pqc_rvv_cluster_2lane.sv:87.24-87.46
Info:                  /usr/bin/../share/yosys/ecp5/arith_map.v:38.23-38.25
Info:  0.1  4.8  Source addr_b1_CCU2C_S0_1$CCU2_COMB0.FCO
Info:  0.0  4.8    Net addr_b1_CCU2C_S0_1$CCU2_FCI_INT budget 0.000000 ns (38,6) -> (38,6)
Info:                Sink addr_b1_CCU2C_S0_1$CCU2_COMB1.FCI
Info:  0.4  5.2  Source addr_b1_CCU2C_S0_1$CCU2_COMB1.F
Info:  1.0  6.2    Net addr_b1[5] budget 0.000000 ns (38,6) -> (37,6)
Info:                Sink addr_b1_LUT4_A.D
Info:                Defined in:
Info:                  rtl/pqc_ntt_stage_banked.sv:130.53-130.58
Info:  0.2  6.4  Source addr_b1_LUT4_A.F
Info:  0.0  6.4    Net addr_b1_LUT4_A_Z budget 0.000000 ns (37,6) -> (37,6)
Info:                Sink addr_b1_LUT4_A_1.F1
Info:                Defined in:
Info:                  /usr/bin/../share/yosys/ecp5/cells_map.v:157.46-157.48
Info:  0.2  6.6  Source addr_b1_LUT4_A_1.OFX
Info:  0.0  6.6    Net addr_b1_PFUMX_C0_4_Z budget 0.000000 ns (37,6) -> (37,6)
Info:                Sink addr_b1_LUT4_A.FXB
Info:                Defined in:
Info:                  /usr/bin/../share/yosys/ecp5/cells_map.v:157.62-157.64
Info:  0.2  6.8  Source addr_b1_LUT4_A.OFX
Info:  0.0  6.8    Net addr_b1_L6MUX21_SD_4_Z budget 0.000000 ns (37,6) -> (37,6)
Info:                Sink addr_b1_LUT4_A_2.FXB
Info:                Defined in:
Info:                  /usr/bin/../share/yosys/ecp5/cells_map.v:157.70-157.72
Info:  0.2  7.0  Source addr_b1_LUT4_A_2.OFX
Info:  0.7  7.7    Net bank_conflict_detected_LUT4_Z_A_PFUMX_Z_C0_LUT4_D_Z_LUT4_Z_1_C[0] budget 9.890000 ns (37,6) -> (39,7)
Info:                Sink bank_conflict_detected_LUT4_Z_A_PFUMX_Z_C0_LUT4_Z_1_B_LUT4_Z.C
Info:                Defined in:
Info:                  /usr/bin/../share/yosys/ecp5/cells_map.v:108.23-108.24
Info:  0.2  8.0  Source bank_conflict_detected_LUT4_Z_A_PFUMX_Z_C0_LUT4_Z_1_B_LUT4_Z.F
Info:  0.9  8.9    Net bank_conflict_detected_LUT4_Z_A_PFUMX_Z_C0_LUT4_Z_1_B[1] budget 9.890000 ns (39,7) -> (39,7)
Info:                Sink bank_conflict_detected_LUT4_Z_A_PFUMX_Z_C0_LUT4_Z_1_B_LUT4_B.B
Info:                Defined in:
Info:                  /usr/bin/../share/yosys/ecp5/cells_map.v:108.23-108.24
Info:  0.2  9.1  Source bank_conflict_detected_LUT4_Z_A_PFUMX_Z_C0_LUT4_Z_1_B_LUT4_B.F
Info:  0.4  9.5    Net bank_conflict_detected_LUT4_Z_A_PFUMX_Z_C0_LUT4_Z_1_B_LUT4_B_Z[4] budget 9.889000 ns (39,7) -> (39,7)
Info:                Sink bank_conflict_detected_LUT4_Z_A_PFUMX_Z_1_BLUT_LUT4_Z.M
Info:                Defined in:
Info:                  /usr/bin/../share/yosys/ecp5/cells_map.v:108.23-108.24
Info:  0.3  9.8  Source bank_conflict_detected_LUT4_Z_A_PFUMX_Z_1_BLUT_LUT4_Z.OFX
Info:  1.0 10.8    Net bank_conflict_detected_LUT4_Z_A[0] budget 9.889000 ns (39,7) -> (34,7)
Info:                Sink bank_conflict_detected_LUT4_Z.A
Info:                Defined in:
Info:                  /usr/bin/../share/yosys/ecp5/cells_map.v:108.23-108.24
Info:  0.2 11.0  Source bank_conflict_detected_LUT4_Z.F
Info:  4.3 15.3    Net bank_conflict_detected$TRELLIS_IO_OUT budget 9.889000 ns (34,7) -> (11,50)
Info:                Sink bank_conflict_detected$tr_io.I
Info:                Defined in:
Info:                  rtl/pqc_ntt_stage_banked.sv:132.9-132.22
Info: 4.2 ns logic, 11.2 ns routing

Info: Max frequency for clock '$glbnet$clk$TRELLIS_IO_IN': 21.05 MHz (PASS at 12.00 MHz)

Info: Max delay <async>                           -> <async>                          : 16.74 ns
Info: Max delay <async>                           -> posedge $glbnet$clk$TRELLIS_IO_IN: 40.40 ns
Info: Max delay posedge $glbnet$clk$TRELLIS_IO_IN -> <async>                          : 15.35 ns

Info: Slack histogram:
Info:  legend: * represents 4 endpoint(s)
Info:          + represents [1,4) endpoint(s)
Info: [ 35822,  38147) |***********+
Info: [ 38147,  40472) |**+
Info: [ 40472,  42797) | 
Info: [ 42797,  45122) |************+
Info: [ 45122,  47447) |*+
Info: [ 47447,  49772) | 
Info: [ 49772,  52097) | 
Info: [ 52097,  54422) | 
Info: [ 54422,  56747) | 
Info: [ 56747,  59072) | 
Info: [ 59072,  61397) | 
Info: [ 61397,  63722) | 
Info: [ 63722,  66047) | 
Info: [ 66047,  68372) |**+
Info: [ 68372,  70697) |*************************************************+
Info: [ 70697,  73022) |**************************************+
Info: [ 73022,  75347) |*****+
Info: [ 75347,  77672) |*************************+
Info: [ 77672,  79997) |*******************************+
Info: [ 79997,  82322) |************************************************************ 

Info: Program finished normally.
